[0.088s] Invoking command in '/home/team/SoftwareDevelopment/shovel/build/communication2': AMENT_PREFIX_PATH=/home/team/SoftwareDevelopment/shovel/install/messages:${AMENT_PREFIX_PATH} CMAKE_PREFIX_PATH=/home/team/SoftwareDevelopment/shovel/install/messages:/opt/ros/galactic LD_LIBRARY_PATH=/home/team/SoftwareDevelopment/shovel/install/messages/lib:/opt/ros/galactic/opt/yaml_cpp_vendor/lib:/opt/ros/galactic/lib/aarch64-linux-gnu:/opt/ros/galactic/lib:/usr/local/cuda-11.4/lib64 PYTHONPATH=/home/team/SoftwareDevelopment/shovel/install/messages/lib/python3.8/site-packages:${PYTHONPATH} /usr/bin/cmake /home/team/SoftwareDevelopment/shovel/src/communication2 -DCMAKE_INSTALL_PREFIX=/home/team/SoftwareDevelopment/shovel/install/communication2
[0.321s] -- The C compiler identification is GNU 9.4.0
[0.515s] -- The CXX compiler identification is GNU 9.4.0
[0.525s] -- Check for working C compiler: /usr/bin/cc
[0.783s] -- Check for working C compiler: /usr/bin/cc -- works
[0.785s] -- Detecting C compiler ABI info
[1.047s] -- Detecting C compiler ABI info - done
[1.070s] -- Detecting C compile features
[1.070s] -- Detecting C compile features - done
[1.077s] -- Check for working CXX compiler: /usr/bin/c++
[1.355s] -- Check for working CXX compiler: /usr/bin/c++ -- works
[1.357s] -- Detecting CXX compiler ABI info
[1.624s] -- Detecting CXX compiler ABI info - done
[1.644s] -- Detecting CXX compile features
[1.645s] -- Detecting CXX compile features - done
[1.649s] -- Found ament_cmake: 1.1.6 (/opt/ros/galactic/share/ament_cmake/cmake)
[1.720s] -- Found PythonInterp: /usr/bin/python3 (found suitable version "3.8.10", minimum required is "3") 
[1.720s] -- Using PYTHON_EXECUTABLE: /usr/bin/python3
[1.939s] -- Found rclcpp: 9.2.2 (/opt/ros/galactic/share/rclcpp/cmake)
[2.024s] -- Using single rosidl_typesupport_c: rosidl_typesupport_introspection_c
[2.035s] -- Found rosidl_adapter: 2.2.3 (/opt/ros/galactic/share/rosidl_adapter/cmake)
[2.071s] -- Using single rosidl_typesupport_cpp: rosidl_typesupport_introspection_cpp
[2.194s] -- Found rmw_implementation_cmake: 3.3.1 (/opt/ros/galactic/share/rmw_implementation_cmake/cmake)
[2.199s] -- Found rmw_cyclonedds_cpp: 0.22.6 (/opt/ros/galactic/share/rmw_cyclonedds_cpp/cmake)
[2.237s] -- Using RMW implementation 'rmw_cyclonedds_cpp' as default
[2.239s] -- Looking for pthread.h
[2.477s] -- Looking for pthread.h - found
[2.478s] -- Performing Test CMAKE_HAVE_LIBC_PTHREAD
[2.866s] -- Performing Test CMAKE_HAVE_LIBC_PTHREAD - Failed
[2.866s] -- Looking for pthread_create in pthreads
[3.249s] -- Looking for pthread_create in pthreads - not found
[3.250s] -- Looking for pthread_create in pthread
[3.519s] -- Looking for pthread_create in pthread - found
[3.520s] -- Found Threads: TRUE  
[3.954s] -- Found sensor_msgs: 2.2.4 (/opt/ros/galactic/share/sensor_msgs/cmake)
[4.334s] -- Found messages: 0.0.0 (/home/team/SoftwareDevelopment/shovel/install/messages/share/messages/cmake)
[4.516s] -- Configuring done
[4.547s] -- Generating done
[4.553s] -- Build files have been written to: /home/team/SoftwareDevelopment/shovel/build/communication2
[4.589s] Invoked command in '/home/team/SoftwareDevelopment/shovel/build/communication2' returned '0': AMENT_PREFIX_PATH=/home/team/SoftwareDevelopment/shovel/install/messages:${AMENT_PREFIX_PATH} CMAKE_PREFIX_PATH=/home/team/SoftwareDevelopment/shovel/install/messages:/opt/ros/galactic LD_LIBRARY_PATH=/home/team/SoftwareDevelopment/shovel/install/messages/lib:/opt/ros/galactic/opt/yaml_cpp_vendor/lib:/opt/ros/galactic/lib/aarch64-linux-gnu:/opt/ros/galactic/lib:/usr/local/cuda-11.4/lib64 PYTHONPATH=/home/team/SoftwareDevelopment/shovel/install/messages/lib/python3.8/site-packages:${PYTHONPATH} /usr/bin/cmake /home/team/SoftwareDevelopment/shovel/src/communication2 -DCMAKE_INSTALL_PREFIX=/home/team/SoftwareDevelopment/shovel/install/communication2
[4.601s] Invoking command in '/home/team/SoftwareDevelopment/shovel/build/communication2': AMENT_PREFIX_PATH=/home/team/SoftwareDevelopment/shovel/install/messages:${AMENT_PREFIX_PATH} CMAKE_PREFIX_PATH=/home/team/SoftwareDevelopment/shovel/install/messages:/opt/ros/galactic LD_LIBRARY_PATH=/home/team/SoftwareDevelopment/shovel/install/messages/lib:/opt/ros/galactic/opt/yaml_cpp_vendor/lib:/opt/ros/galactic/lib/aarch64-linux-gnu:/opt/ros/galactic/lib:/usr/local/cuda-11.4/lib64 PYTHONPATH=/home/team/SoftwareDevelopment/shovel/install/messages/lib/python3.8/site-packages:${PYTHONPATH} /usr/bin/cmake --build /home/team/SoftwareDevelopment/shovel/build/communication2 -- -j6 -l6
[21.935s] [35m[1mScanning dependencies of target communication2_node[0m
[21.935s] [ 33%] [32mBuilding CXX object CMakeFiles/communication2_node.dir/src/BinaryMessage.cpp.o[0m
[21.935s] [ 66%] [32mBuilding CXX object CMakeFiles/communication2_node.dir/src/communication_node.cpp.o[0m
[21.948s] [01m[K/home/team/SoftwareDevelopment/shovel/src/communication2/src/BinaryMessage.cpp:[m[K In constructor ‘[01m[KElement::Element(std::string, std::__cxx11::list<Data>, uint8_t, size_t, ...)[m[K’:
[21.950s] [01m[K/home/team/SoftwareDevelopment/shovel/src/communication2/src/BinaryMessage.cpp:23:28:[m[K [01;35m[Kwarning: [m[Kcomparison of integer expressions of different signedness: ‘[01m[Kint[m[K’ and ‘[01m[Ksize_t[m[K’ {aka ‘[01m[Klong unsigned int[m[K’} [[01;35m[K-Wsign-compare[m[K]
[21.950s]    23 |     for(int index=0; [01;35m[Kindex < dimensionCount[m[K; index++){
[21.950s]       |                      [01;35m[K~~~~~~^~~~~~~~~~~~~~~~[m[K
[21.950s] [01m[K/home/team/SoftwareDevelopment/shovel/src/communication2/src/BinaryMessage.cpp:[m[K In constructor ‘[01m[KBinaryMessage::BinaryMessage(std::__cxx11::list<unsigned char>&)[m[K’:
[21.950s] [01m[K/home/team/SoftwareDevelopment/shovel/src/communication2/src/BinaryMessage.cpp:321:14:[m[K [01;35m[Kwarning: [m[Kunused variable ‘[01m[Ksize[m[K’ [[01;35m[K-Wunused-variable[m[K]
[21.951s]   321 |     uint64_t [01;35m[Ksize[m[K = decodeSizeBytes(currentByte);
[21.951s]       |              [01;35m[K^~~~[m[K
[21.951s] [01m[K/home/team/SoftwareDevelopment/shovel/src/communication2/src/BinaryMessage.cpp:[m[K In member function ‘[01m[KObject BinaryMessage::decodeObject(std::__cxx11::list<unsigned char>::iterator&)[m[K’:
[21.951s] [01m[K/home/team/SoftwareDevelopment/shovel/src/communication2/src/BinaryMessage.cpp:631:28:[m[K [01;35m[Kwarning: [m[Kcomparison of integer expressions of different signedness: ‘[01m[Kint[m[K’ and ‘[01m[Kuint64_t[m[K’ {aka ‘[01m[Klong unsigned int[m[K’} [[01;35m[K-Wsign-compare[m[K]
[21.951s]   631 |     for(int index=0; [01;35m[Kindex < elementCount[m[K ; index++){
[21.951s]       |                      [01;35m[K~~~~~~^~~~~~~~~~~~~~[m[K
[21.951s] [01m[K/home/team/SoftwareDevelopment/shovel/src/communication2/src/BinaryMessage.cpp:636:28:[m[K [01;35m[Kwarning: [m[Kcomparison of integer expressions of different signedness: ‘[01m[Kint[m[K’ and ‘[01m[Kuint64_t[m[K’ {aka ‘[01m[Klong unsigned int[m[K’} [[01;35m[K-Wsign-compare[m[K]
[21.952s]   636 |     for(int index=0; [01;35m[Kindex < objectCount[m[K ; index++){
[21.952s]       |                      [01;35m[K~~~~~~^~~~~~~~~~~~~[m[K
[21.952s] [01m[K/home/team/SoftwareDevelopment/shovel/src/communication2/src/BinaryMessage.cpp:[m[K In member function ‘[01m[Kstd::string BinaryMessage::decodeLabel(std::__cxx11::list<unsigned char>::iterator&)[m[K’:
[21.952s] [01m[K/home/team/SoftwareDevelopment/shovel/src/communication2/src/BinaryMessage.cpp:652:28:[m[K [01;35m[Kwarning: [m[Kcomparison of integer expressions of different signedness: ‘[01m[Kint[m[K’ and ‘[01m[Kuint64_t[m[K’ {aka ‘[01m[Klong unsigned int[m[K’} [[01;35m[K-Wsign-compare[m[K]
[21.952s]   652 |     for(int index=0; [01;35m[Kindex < size[m[K ; index++){
[21.952s]       |                      [01;35m[K~~~~~~^~~~~~[m[K
[21.952s] [01m[K/home/team/SoftwareDevelopment/shovel/src/communication2/src/BinaryMessage.cpp:[m[K In member function ‘[01m[KElement BinaryMessage::decodeElement(std::__cxx11::list<unsigned char>::iterator&)[m[K’:
[21.953s] [01m[K/home/team/SoftwareDevelopment/shovel/src/communication2/src/BinaryMessage.cpp:814:34:[m[K [01;35m[Kwarning: [m[Kcomparison of integer expressions of different signedness: ‘[01m[Kint[m[K’ and ‘[01m[Ksize_t[m[K’ {aka ‘[01m[Klong unsigned int[m[K’} [[01;35m[K-Wsign-compare[m[K]
[21.953s]   814 |         for(int index = 0; [01;35m[Kindex < size[m[K ; index++){
[21.953s]       |                            [01;35m[K~~~~~~^~~~~~[m[K
[21.953s] [01m[K/home/team/SoftwareDevelopment/shovel/src/communication2/src/BinaryMessage.cpp:823:34:[m[K [01;35m[Kwarning: [m[Kcomparison of integer expressions of different signedness: ‘[01m[Kint[m[K’ and ‘[01m[Ksize_t[m[K’ {aka ‘[01m[Klong unsigned int[m[K’} [[01;35m[K-Wsign-compare[m[K]
[21.955s]   823 |         for(int index = 0; [01;35m[Kindex < dimensionCount[m[K; index++){
[21.955s]       |                            [01;35m[K~~~~~~^~~~~~~~~~~~~~~~[m[K
[21.955s] [01m[K/home/team/SoftwareDevelopment/shovel/src/communication2/src/BinaryMessage.cpp:837:34:[m[K [01;35m[Kwarning: [m[Kcomparison of integer expressions of different signedness: ‘[01m[Kint[m[K’ and ‘[01m[Ksize_t[m[K’ {aka ‘[01m[Klong unsigned int[m[K’} [[01;35m[K-Wsign-compare[m[K]
[21.956s]   837 |         for(int index = 0; [01;35m[Kindex < dimensionCount[m[K; index++){
[21.956s]       |                            [01;35m[K~~~~~~^~~~~~~~~~~~~~~~[m[K
[21.956s] [01m[K/home/team/SoftwareDevelopment/shovel/src/communication2/src/BinaryMessage.cpp:851:34:[m[K [01;35m[Kwarning: [m[Kcomparison of integer expressions of different signedness: ‘[01m[Kint[m[K’ and ‘[01m[Ksize_t[m[K’ {aka ‘[01m[Klong unsigned int[m[K’} [[01;35m[K-Wsign-compare[m[K]
[21.956s]   851 |         for(int index = 0; [01;35m[Kindex < dimensionCount[m[K; index++){
[21.956s]       |                            [01;35m[K~~~~~~^~~~~~~~~~~~~~~~[m[K
[21.957s] [01m[K/home/team/SoftwareDevelopment/shovel/src/communication2/src/BinaryMessage.cpp:865:34:[m[K [01;35m[Kwarning: [m[Kcomparison of integer expressions of different signedness: ‘[01m[Kint[m[K’ and ‘[01m[Ksize_t[m[K’ {aka ‘[01m[Klong unsigned int[m[K’} [[01;35m[K-Wsign-compare[m[K]
[21.957s]   865 |         for(int index = 0; [01;35m[Kindex < dimensionCount[m[K; index++){
[21.957s]       |                            [01;35m[K~~~~~~^~~~~~~~~~~~~~~~[m[K
[21.957s] [01m[K/home/team/SoftwareDevelopment/shovel/src/communication2/src/BinaryMessage.cpp:881:34:[m[K [01;35m[Kwarning: [m[Kcomparison of integer expressions of different signedness: ‘[01m[Kint[m[K’ and ‘[01m[Ksize_t[m[K’ {aka ‘[01m[Klong unsigned int[m[K’} [[01;35m[K-Wsign-compare[m[K]
[21.957s]   881 |         for(int index = 0; [01;35m[Kindex < dimensionCount[m[K; index++){
[21.957s]       |                            [01;35m[K~~~~~~^~~~~~~~~~~~~~~~[m[K
[21.957s] [01m[K/home/team/SoftwareDevelopment/shovel/src/communication2/src/BinaryMessage.cpp:901:34:[m[K [01;35m[Kwarning: [m[Kcomparison of integer expressions of different signedness: ‘[01m[Kint[m[K’ and ‘[01m[Ksize_t[m[K’ {aka ‘[01m[Klong unsigned int[m[K’} [[01;35m[K-Wsign-compare[m[K]
[21.957s]   901 |         for(int index = 0; [01;35m[Kindex < dimensionCount[m[K; index++){
[21.958s]       |                            [01;35m[K~~~~~~^~~~~~~~~~~~~~~~[m[K
[21.958s] [01m[K/home/team/SoftwareDevelopment/shovel/src/communication2/src/BinaryMessage.cpp:929:34:[m[K [01;35m[Kwarning: [m[Kcomparison of integer expressions of different signedness: ‘[01m[Kint[m[K’ and ‘[01m[Ksize_t[m[K’ {aka ‘[01m[Klong unsigned int[m[K’} [[01;35m[K-Wsign-compare[m[K]
[21.958s]   929 |         for(int index = 0; [01;35m[Kindex < dimensionCount[m[K; index++){
[21.958s]       |                            [01;35m[K~~~~~~^~~~~~~~~~~~~~~~[m[K
[21.958s] [01m[K/home/team/SoftwareDevelopment/shovel/src/communication2/src/BinaryMessage.cpp:943:34:[m[K [01;35m[Kwarning: [m[Kcomparison of integer expressions of different signedness: ‘[01m[Kint[m[K’ and ‘[01m[Ksize_t[m[K’ {aka ‘[01m[Klong unsigned int[m[K’} [[01;35m[K-Wsign-compare[m[K]
[21.958s]   943 |         for(int index = 0; [01;35m[Kindex < dimensionCount[m[K; index++){
[21.958s]       |                            [01;35m[K~~~~~~^~~~~~~~~~~~~~~~[m[K
[21.958s] [01m[K/home/team/SoftwareDevelopment/shovel/src/communication2/src/BinaryMessage.cpp:959:34:[m[K [01;35m[Kwarning: [m[Kcomparison of integer expressions of different signedness: ‘[01m[Kint[m[K’ and ‘[01m[Ksize_t[m[K’ {aka ‘[01m[Klong unsigned int[m[K’} [[01;35m[K-Wsign-compare[m[K]
[21.959s]   959 |         for(int index = 0; [01;35m[Kindex < dimensionCount[m[K; index++){
[21.959s]       |                            [01;35m[K~~~~~~^~~~~~~~~~~~~~~~[m[K
[21.959s] [01m[K/home/team/SoftwareDevelopment/shovel/src/communication2/src/BinaryMessage.cpp:979:34:[m[K [01;35m[Kwarning: [m[Kcomparison of integer expressions of different signedness: ‘[01m[Kint[m[K’ and ‘[01m[Ksize_t[m[K’ {aka ‘[01m[Klong unsigned int[m[K’} [[01;35m[K-Wsign-compare[m[K]
[21.959s]   979 |         for(int index = 0; [01;35m[Kindex < dimensionCount[m[K; index++){
[21.959s]       |                            [01;35m[K~~~~~~^~~~~~~~~~~~~~~~[m[K
[21.959s] [01m[K/home/team/SoftwareDevelopment/shovel/src/communication2/src/BinaryMessage.cpp:1007:34:[m[K [01;35m[Kwarning: [m[Kcomparison of integer expressions of different signedness: ‘[01m[Kint[m[K’ and ‘[01m[Ksize_t[m[K’ {aka ‘[01m[Klong unsigned int[m[K’} [[01;35m[K-Wsign-compare[m[K]
[21.959s]  1007 |         for(int index = 0; [01;35m[Kindex < dimensionCount[m[K; index++){
[21.959s]       |                            [01;35m[K~~~~~~^~~~~~~~~~~~~~~~[m[K
[21.960s] [01m[K/home/team/SoftwareDevelopment/shovel/src/communication2/src/BinaryMessage.cpp:1027:34:[m[K [01;35m[Kwarning: [m[Kcomparison of integer expressions of different signedness: ‘[01m[Kint[m[K’ and ‘[01m[Ksize_t[m[K’ {aka ‘[01m[Klong unsigned int[m[K’} [[01;35m[K-Wsign-compare[m[K]
[21.960s]  1027 |         for(int index = 0; [01;35m[Kindex < dimensionCount[m[K; index++){
[21.960s]       |                            [01;35m[K~~~~~~^~~~~~~~~~~~~~~~[m[K
[21.960s] [01m[K/home/team/SoftwareDevelopment/shovel/src/communication2/src/BinaryMessage.cpp:[m[K In static member function ‘[01m[Kstatic bool BinaryMessage::hasSize(std::__cxx11::list<unsigned char>&)[m[K’:
[21.960s] [01m[K/home/team/SoftwareDevelopment/shovel/src/communication2/src/BinaryMessage.cpp:1162:27:[m[K [01;35m[Kwarning: [m[Kcomparison of integer expressions of different signedness: ‘[01m[Kstd::__cxx11::list<unsigned char>::size_type[m[K’ {aka ‘[01m[Klong unsigned int[m[K’} and ‘[01m[Kint[m[K’ [[01;35m[K-Wsign-compare[m[K]
[21.960s]  1162 |         if ([01;35m[Kmessage.size()>=byteCount[m[K){
[21.960s]       |             [01;35m[K~~~~~~~~~~~~~~^~~~~~~~~~~[m[K
[21.961s] [01m[K/home/team/SoftwareDevelopment/shovel/src/communication2/src/BinaryMessage.cpp:[m[K In member function ‘[01m[Kvoid BinaryMessage::addElementString(Object&, std::string, std::string)[m[K’:
[21.961s] [01m[K/home/team/SoftwareDevelopment/shovel/src/communication2/src/BinaryMessage.cpp:1406:28:[m[K [01;35m[Kwarning: [m[Kcomparison of integer expressions of different signedness: ‘[01m[Kint[m[K’ and ‘[01m[Kstd::__cxx11::basic_string<char>::size_type[m[K’ {aka ‘[01m[Klong unsigned int[m[K’} [[01;35m[K-Wsign-compare[m[K]
[21.961s]  1406 |     for(int index=0; [01;35m[Kindex < string.size()[m[K; index++){
[21.962s]       |                      [01;35m[K~~~~~~^~~~~~~~~~~~~~~[m[K
[21.962s] [01m[K/home/team/SoftwareDevelopment/shovel/src/communication2/src/BinaryMessage.cpp:[m[K In member function ‘[01m[Kvoid BinaryMessage::addElementBooleanArray(Object&, std::string, std::vector<bool>, size_t, std::vector<long unsigned int>)[m[K’:
[21.962s] [01m[K/home/team/SoftwareDevelopment/shovel/src/communication2/src/BinaryMessage.cpp:1419:31:[m[K [01;35m[Kwarning: [m[Kcomparison of integer expressions of different signedness: ‘[01m[Kint[m[K’ and ‘[01m[Kstd::vector<bool>::size_type[m[K’ {aka ‘[01m[Klong unsigned int[m[K’} [[01;35m[K-Wsign-compare[m[K]
[21.962s]  1419 |     for (int index = 0; [01;35m[Kindex < booleanList.size()[m[K; index++) {
[21.962s]       |                         [01;35m[K~~~~~~^~~~~~~~~~~~~~~~~~~~[m[K
[21.962s] [01m[K/home/team/SoftwareDevelopment/shovel/src/communication2/src/BinaryMessage.cpp:[m[K In member function ‘[01m[Kvoid BinaryMessage::addElementCharacterArray(Object&, std::string, std::vector<char>, size_t, std::vector<long unsigned int>)[m[K’:
[21.962s] [01m[K/home/team/SoftwareDevelopment/shovel/src/communication2/src/BinaryMessage.cpp:1430:31:[m[K [01;35m[Kwarning: [m[Kcomparison of integer expressions of different signedness: ‘[01m[Kint[m[K’ and ‘[01m[Kstd::vector<char>::size_type[m[K’ {aka ‘[01m[Klong unsigned int[m[K’} [[01;35m[K-Wsign-compare[m[K]
[21.962s]  1430 |     for (int index = 0; [01;35m[Kindex < characterList.size()[m[K; index++) {
[21.963s]       |                         [01;35m[K~~~~~~^~~~~~~~~~~~~~~~~~~~~~[m[K
[21.963s] [01m[K/home/team/SoftwareDevelopment/shovel/src/communication2/src/BinaryMessage.cpp:[m[K In member function ‘[01m[Kvoid BinaryMessage::addElementInt8Array(Object&, std::string, std::vector<signed char>, size_t, std::vector<long unsigned int>)[m[K’:
[21.963s] [01m[K/home/team/SoftwareDevelopment/shovel/src/communication2/src/BinaryMessage.cpp:1441:31:[m[K [01;35m[Kwarning: [m[Kcomparison of integer expressions of different signedness: ‘[01m[Kint[m[K’ and ‘[01m[Kstd::vector<signed char>::size_type[m[K’ {aka ‘[01m[Klong unsigned int[m[K’} [[01;35m[K-Wsign-compare[m[K]
[21.963s]  1441 |     for (int index = 0; [01;35m[Kindex < int8List.size()[m[K; index++) {
[21.963s]       |                         [01;35m[K~~~~~~^~~~~~~~~~~~~~~~~[m[K
[21.963s] [01m[K/home/team/SoftwareDevelopment/shovel/src/communication2/src/BinaryMessage.cpp:[m[K In member function ‘[01m[Kvoid BinaryMessage::addElementInt16Array(Object&, std::string, std::vector<short int>, size_t, std::vector<long unsigned int>)[m[K’:
[21.963s] [01m[K/home/team/SoftwareDevelopment/shovel/src/communication2/src/BinaryMessage.cpp:1452:31:[m[K [01;35m[Kwarning: [m[Kcomparison of integer expressions of different signedness: ‘[01m[Kint[m[K’ and ‘[01m[Kstd::vector<short int>::size_type[m[K’ {aka ‘[01m[Klong unsigned int[m[K’} [[01;35m[K-Wsign-compare[m[K]
[21.963s]  1452 |     for (int index = 0; [01;35m[Kindex < int16List.size()[m[K; index++) {
[21.964s]       |                         [01;35m[K~~~~~~^~~~~~~~~~~~~~~~~~[m[K
[21.964s] [01m[K/home/team/SoftwareDevelopment/shovel/src/communication2/src/BinaryMessage.cpp:[m[K In member function ‘[01m[Kvoid BinaryMessage::addElementInt32Array(Object&, std::string, std::vector<int>, size_t, std::vector<long unsigned int>)[m[K’:
[21.964s] [01m[K/home/team/SoftwareDevelopment/shovel/src/communication2/src/BinaryMessage.cpp:1463:31:[m[K [01;35m[Kwarning: [m[Kcomparison of integer expressions of different signedness: ‘[01m[Kint[m[K’ and ‘[01m[Kstd::vector<int>::size_type[m[K’ {aka ‘[01m[Klong unsigned int[m[K’} [[01;35m[K-Wsign-compare[m[K]
[21.964s]  1463 |     for (int index = 0; [01;35m[Kindex < int32List.size()[m[K; index++) {
[21.964s]       |                         [01;35m[K~~~~~~^~~~~~~~~~~~~~~~~~[m[K
[21.964s] [01m[K/home/team/SoftwareDevelopment/shovel/src/communication2/src/BinaryMessage.cpp:[m[K In member function ‘[01m[Kvoid BinaryMessage::addElementInt64Array(Object&, std::string, std::vector<long int>, size_t, std::vector<long unsigned int>)[m[K’:
[21.964s] [01m[K/home/team/SoftwareDevelopment/shovel/src/communication2/src/BinaryMessage.cpp:1474:31:[m[K [01;35m[Kwarning: [m[Kcomparison of integer expressions of different signedness: ‘[01m[Kint[m[K’ and ‘[01m[Kstd::vector<long int>::size_type[m[K’ {aka ‘[01m[Klong unsigned int[m[K’} [[01;35m[K-Wsign-compare[m[K]
[21.966s]  1474 |     for (int index = 0; [01;35m[Kindex < int64List.size()[m[K; index++) {
[21.966s]       |                         [01;35m[K~~~~~~^~~~~~~~~~~~~~~~~~[m[K
[21.967s] [01m[K/home/team/SoftwareDevelopment/shovel/src/communication2/src/BinaryMessage.cpp:[m[K In member function ‘[01m[Kvoid BinaryMessage::addElementUInt8Array(Object&, std::string, std::vector<unsigned char>, size_t, std::vector<long unsigned int>)[m[K’:
[21.967s] [01m[K/home/team/SoftwareDevelopment/shovel/src/communication2/src/BinaryMessage.cpp:1485:31:[m[K [01;35m[Kwarning: [m[Kcomparison of integer expressions of different signedness: ‘[01m[Kint[m[K’ and ‘[01m[Kstd::vector<unsigned char>::size_type[m[K’ {aka ‘[01m[Klong unsigned int[m[K’} [[01;35m[K-Wsign-compare[m[K]
[21.967s]  1485 |     for (int index = 0; [01;35m[Kindex < uint8List.size()[m[K; index++) {
[21.967s]       |                         [01;35m[K~~~~~~^~~~~~~~~~~~~~~~~~[m[K
[21.967s] [01m[K/home/team/SoftwareDevelopment/shovel/src/communication2/src/BinaryMessage.cpp:[m[K In member function ‘[01m[Kvoid BinaryMessage::addElementUInt16Array(Object&, std::string, std::vector<short unsigned int>, size_t, std::vector<long unsigned int>)[m[K’:
[21.967s] [01m[K/home/team/SoftwareDevelopment/shovel/src/communication2/src/BinaryMessage.cpp:1496:31:[m[K [01;35m[Kwarning: [m[Kcomparison of integer expressions of different signedness: ‘[01m[Kint[m[K’ and ‘[01m[Kstd::vector<short unsigned int>::size_type[m[K’ {aka ‘[01m[Klong unsigned int[m[K’} [[01;35m[K-Wsign-compare[m[K]
[21.967s]  1496 |     for (int index = 0; [01;35m[Kindex < uint16List.size()[m[K; index++) {
[21.967s]       |                         [01;35m[K~~~~~~^~~~~~~~~~~~~~~~~~~[m[K
[21.968s] [01m[K/home/team/SoftwareDevelopment/shovel/src/communication2/src/communication_node.cpp:[m[K In function ‘[01m[Kvoid zedImageCallback(sensor_msgs::msg::Image_<std::allocator<void> >::SharedPtr)[m[K’:
[21.968s] [01m[K/home/team/SoftwareDevelopment/shovel/src/communication2/src/communication_node.cpp:394:64:[m[K [01;35m[Kwarning: [m[Kunused parameter ‘[01m[KinputImage[m[K’ [[01;35m[K-Wunused-parameter[m[K]
[21.968s]   394 | void zedImageCallback([01;35m[Kconst sensor_msgs::msg::Image::SharedPtr inputImage[m[K){
[21.968s]       |                       [01;35m[K~~~~~~~~~~~~~~~~~~~~~~~~~~~~~~~~~~~~~~~~~^~~~~~~~~~[m[K
[21.968s] [01m[K/home/team/SoftwareDevelopment/shovel/src/communication2/src/BinaryMessage.cpp:[m[K In member function ‘[01m[Kvoid BinaryMessage::addElementUInt32Array(Object&, std::string, std::vector<unsigned int>, size_t, std::vector<long unsigned int>)[m[K’:
[21.968s] [01m[K/home/team/SoftwareDevelopment/shovel/src/communication2/src/BinaryMessage.cpp:1507:31:[m[K [01;35m[Kwarning: [m[Kcomparison of integer expressions of different signedness: ‘[01m[Kint[m[K’ and ‘[01m[Kstd::vector<unsigned int>::size_type[m[K’ {aka ‘[01m[Klong unsigned int[m[K’} [[01;35m[K-Wsign-compare[m[K]
[21.968s]  1507 |     for (int index = 0; [01;35m[Kindex < uint32List.size()[m[K; index++) {
[21.969s]       |                         [01;35m[K~~~~~~^~~~~~~~~~~~~~~~~~~[m[K
[21.969s] [01m[K/home/team/SoftwareDevelopment/shovel/src/communication2/src/BinaryMessage.cpp:[m[K In member function ‘[01m[Kvoid BinaryMessage::addElementUInt64Array(Object&, std::string, std::vector<long unsigned int>, size_t, std::vector<long unsigned int>)[m[K’:
[21.969s] [01m[K/home/team/SoftwareDevelopment/shovel/src/communication2/src/BinaryMessage.cpp:1518:31:[m[K [01;35m[Kwarning: [m[Kcomparison of integer expressions of different signedness: ‘[01m[Kint[m[K’ and ‘[01m[Kstd::vector<long unsigned int>::size_type[m[K’ {aka ‘[01m[Klong unsigned int[m[K’} [[01;35m[K-Wsign-compare[m[K]
[21.969s]  1518 |     for (int index = 0; [01;35m[Kindex < uint64List.size()[m[K; index++) {
[21.969s]       |                         [01;35m[K~~~~~~^~~~~~~~~~~~~~~~~~~[m[K
[21.969s] [01m[K/home/team/SoftwareDevelopment/shovel/src/communication2/src/BinaryMessage.cpp:[m[K In member function ‘[01m[Kvoid BinaryMessage::addElementFloat32Array(Object&, std::string, std::vector<float>, size_t, std::vector<long unsigned int>)[m[K’:
[21.969s] [01m[K/home/team/SoftwareDevelopment/shovel/src/communication2/src/BinaryMessage.cpp:1529:31:[m[K [01;35m[Kwarning: [m[Kcomparison of integer expressions of different signedness: ‘[01m[Kint[m[K’ and ‘[01m[Kstd::vector<float>::size_type[m[K’ {aka ‘[01m[Klong unsigned int[m[K’} [[01;35m[K-Wsign-compare[m[K]
[21.969s]  1529 |     for (int index = 0; [01;35m[Kindex < floatList.size()[m[K; index++) {
[21.970s]       |                         [01;35m[K~~~~~~^~~~~~~~~~~~~~~~~~[m[K
[21.970s] [01m[K/home/team/SoftwareDevelopment/shovel/src/communication2/src/BinaryMessage.cpp:[m[K In member function ‘[01m[Kvoid BinaryMessage::addElementFloat64Array(Object&, std::string, std::vector<double>, size_t, std::vector<long unsigned int>)[m[K’:
[21.970s] [01m[K/home/team/SoftwareDevelopment/shovel/src/communication2/src/BinaryMessage.cpp:1540:31:[m[K [01;35m[Kwarning: [m[Kcomparison of integer expressions of different signedness: ‘[01m[Kint[m[K’ and ‘[01m[Kstd::vector<double>::size_type[m[K’ {aka ‘[01m[Klong unsigned int[m[K’} [[01;35m[K-Wsign-compare[m[K]
[21.970s]  1540 |     for (int index = 0; [01;35m[Kindex < doubleList.size()[m[K; index++) {
[21.970s]       |                         [01;35m[K~~~~~~^~~~~~~~~~~~~~~~~~~[m[K
[21.970s] [01m[K/home/team/SoftwareDevelopment/shovel/src/communication2/src/BinaryMessage.cpp:[m[K In member function ‘[01m[Kvoid BinaryMessage::encodeLabelBytes(std::shared_ptr<std::__cxx11::list<unsigned char> >, std::string)[m[K’:
[21.970s] [01m[K/home/team/SoftwareDevelopment/shovel/src/communication2/src/BinaryMessage.cpp:1596:28:[m[K [01;35m[Kwarning: [m[Kcomparison of integer expressions of different signedness: ‘[01m[Kint[m[K’ and ‘[01m[Kstd::__cxx11::basic_string<char>::size_type[m[K’ {aka ‘[01m[Klong unsigned int[m[K’} [[01;35m[K-Wsign-compare[m[K]
[21.970s]  1596 |     for(int index=0; [01;35m[Kindex < label.size()[m[K; index++){
[21.971s]       |                      [01;35m[K~~~~~~^~~~~~~~~~~~~~[m[K
[21.971s] [01m[K/home/team/SoftwareDevelopment/shovel/src/communication2/src/BinaryMessage.cpp:[m[K In member function ‘[01m[Kvoid BinaryMessage::encodeBytes(std::shared_ptr<std::__cxx11::list<unsigned char> >, Element)[m[K’:
[21.973s] [01m[K/home/team/SoftwareDevelopment/shovel/src/communication2/src/BinaryMessage.cpp:1659:32:[m[K [01;35m[Kwarning: [m[Kcomparison of integer expressions of different signedness: ‘[01m[Kint[m[K’ and ‘[01m[Kstd::vector<long unsigned int>::size_type[m[K’ {aka ‘[01m[Klong unsigned int[m[K’} [[01;35m[K-Wsign-compare[m[K]
[21.973s]  1659 |         for(int index=0; [01;35m[Kindex < element.sizeList.size()[m[K; index++){
[21.973s]       |                          [01;35m[K~~~~~~^~~~~~~~~~~~~~~~~~~~~~~~~[m[K
[21.975s] [01m[K/home/team/SoftwareDevelopment/shovel/src/communication2/src/BinaryMessage.cpp:1668:32:[m[K [01;35m[Kwarning: [m[Kcomparison of integer expressions of different signedness: ‘[01m[Kint[m[K’ and ‘[01m[Kstd::vector<long unsigned int>::size_type[m[K’ {aka ‘[01m[Klong unsigned int[m[K’} [[01;35m[K-Wsign-compare[m[K]
[21.976s]  1668 |         for(int index=0; [01;35m[Kindex < element.sizeList.size()[m[K; index++){
[21.976s]       |                          [01;35m[K~~~~~~^~~~~~~~~~~~~~~~~~~~~~~~~[m[K
[21.978s] [01m[K/home/team/SoftwareDevelopment/shovel/src/communication2/src/BinaryMessage.cpp:1677:32:[m[K [01;35m[Kwarning: [m[Kcomparison of integer expressions of different signedness: ‘[01m[Kint[m[K’ and ‘[01m[Kstd::vector<long unsigned int>::size_type[m[K’ {aka ‘[01m[Klong unsigned int[m[K’} [[01;35m[K-Wsign-compare[m[K]
[21.978s]  1677 |         for(int index=0; [01;35m[Kindex < element.sizeList.size()[m[K; index++){
[21.979s]       |                          [01;35m[K~~~~~~^~~~~~~~~~~~~~~~~~~~~~~~~[m[K
[21.981s] [01m[K/home/team/SoftwareDevelopment/shovel/src/communication2/src/BinaryMessage.cpp:1686:32:[m[K [01;35m[Kwarning: [m[Kcomparison of integer expressions of different signedness: ‘[01m[Kint[m[K’ and ‘[01m[Kstd::vector<long unsigned int>::size_type[m[K’ {aka ‘[01m[Klong unsigned int[m[K’} [[01;35m[K-Wsign-compare[m[K]
[21.982s]  1686 |         for(int index=0; [01;35m[Kindex < element.sizeList.size()[m[K; index++){
[21.982s]       |                          [01;35m[K~~~~~~^~~~~~~~~~~~~~~~~~~~~~~~~[m[K
[21.984s] [01m[K/home/team/SoftwareDevelopment/shovel/src/communication2/src/BinaryMessage.cpp:1696:32:[m[K [01;35m[Kwarning: [m[Kcomparison of integer expressions of different signedness: ‘[01m[Kint[m[K’ and ‘[01m[Kstd::vector<long unsigned int>::size_type[m[K’ {aka ‘[01m[Klong unsigned int[m[K’} [[01;35m[K-Wsign-compare[m[K]
[21.985s]  1696 |         for(int index=0; [01;35m[Kindex < element.sizeList.size()[m[K; index++){
[21.985s]       |                          [01;35m[K~~~~~~^~~~~~~~~~~~~~~~~~~~~~~~~[m[K
[21.987s] [01m[K/home/team/SoftwareDevelopment/shovel/src/communication2/src/BinaryMessage.cpp:1708:32:[m[K [01;35m[Kwarning: [m[Kcomparison of integer expressions of different signedness: ‘[01m[Kint[m[K’ and ‘[01m[Kstd::vector<long unsigned int>::size_type[m[K’ {aka ‘[01m[Klong unsigned int[m[K’} [[01;35m[K-Wsign-compare[m[K]
[21.987s]  1708 |         for(int index=0; [01;35m[Kindex < element.sizeList.size()[m[K; index++){
[21.988s]       |                          [01;35m[K~~~~~~^~~~~~~~~~~~~~~~~~~~~~~~~[m[K
[76.444s] [100%] [32m[1mLinking CXX executable communication2_node[0m
[80.853s] [100%] Built target communication2_node
