[0.103s] Invoking command in '/home/team/SoftwareDevelopment/shovel/build/communication2': AMENT_PREFIX_PATH=/home/team/SoftwareDevelopment/shovel/install/messages:${AMENT_PREFIX_PATH} CMAKE_PREFIX_PATH=/home/team/SoftwareDevelopment/shovel/install/messages:/opt/ros/galactic LD_LIBRARY_PATH=/home/team/SoftwareDevelopment/shovel/install/messages/lib:/opt/ros/galactic/opt/yaml_cpp_vendor/lib:/opt/ros/galactic/lib/aarch64-linux-gnu:/opt/ros/galactic/lib:/usr/local/cuda-11.4/lib64 PYTHONPATH=/home/team/SoftwareDevelopment/shovel/install/messages/lib/python3.8/site-packages:${PYTHONPATH} /usr/bin/cmake --build /home/team/SoftwareDevelopment/shovel/build/communication2 -- -j6 -l6
[0.287s] [100%] Built target communication2_node
[0.338s] Invoked command in '/home/team/SoftwareDevelopment/shovel/build/communication2' returned '0': AMENT_PREFIX_PATH=/home/team/SoftwareDevelopment/shovel/install/messages:${AMENT_PREFIX_PATH} CMAKE_PREFIX_PATH=/home/team/SoftwareDevelopment/shovel/install/messages:/opt/ros/galactic LD_LIBRARY_PATH=/home/team/SoftwareDevelopment/shovel/install/messages/lib:/opt/ros/galactic/opt/yaml_cpp_vendor/lib:/opt/ros/galactic/lib/aarch64-linux-gnu:/opt/ros/galactic/lib:/usr/local/cuda-11.4/lib64 PYTHONPATH=/home/team/SoftwareDevelopment/shovel/install/messages/lib/python3.8/site-packages:${PYTHONPATH} /usr/bin/cmake --build /home/team/SoftwareDevelopment/shovel/build/communication2 -- -j6 -l6
[0.437s] Invoking command in '/home/team/SoftwareDevelopment/shovel/build/communication2': AMENT_PREFIX_PATH=/home/team/SoftwareDevelopment/shovel/install/messages:${AMENT_PREFIX_PATH} CMAKE_PREFIX_PATH=/home/team/SoftwareDevelopment/shovel/install/messages:/opt/ros/galactic LD_LIBRARY_PATH=/home/team/SoftwareDevelopment/shovel/install/messages/lib:/opt/ros/galactic/opt/yaml_cpp_vendor/lib:/opt/ros/galactic/lib/aarch64-linux-gnu:/opt/ros/galactic/lib:/usr/local/cuda-11.4/lib64 PYTHONPATH=/home/team/SoftwareDevelopment/shovel/install/messages/lib/python3.8/site-packages:${PYTHONPATH} /usr/bin/cmake --install /home/team/SoftwareDevelopment/shovel/build/communication2
[0.480s] -- Install configuration: ""
[0.481s] -- Installing: /home/team/SoftwareDevelopment/shovel/install/communication2/lib/communication2/communication2_node
[0.505s] -- Set runtime path of "/home/team/SoftwareDevelopment/shovel/install/communication2/lib/communication2/communication2_node" to ""
[0.507s] -- Installing: /home/team/SoftwareDevelopment/shovel/install/communication2/share/ament_index/resource_index/package_run_dependencies/communication2
[0.507s] -- Installing: /home/team/SoftwareDevelopment/shovel/install/communication2/share/ament_index/resource_index/parent_prefix_path/communication2
[0.507s] -- Installing: /home/team/SoftwareDevelopment/shovel/install/communication2/share/communication2/environment/ament_prefix_path.sh
[0.508s] -- Installing: /home/team/SoftwareDevelopment/shovel/install/communication2/share/communication2/environment/ament_prefix_path.dsv
[0.508s] -- Installing: /home/team/SoftwareDevelopment/shovel/install/communication2/share/communication2/environment/path.sh
[0.508s] -- Installing: /home/team/SoftwareDevelopment/shovel/install/communication2/share/communication2/environment/path.dsv
[0.509s] -- Installing: /home/team/SoftwareDevelopment/shovel/install/communication2/share/communication2/local_setup.bash
[0.509s] -- Installing: /home/team/SoftwareDevelopment/shovel/install/communication2/share/communication2/local_setup.sh
[0.509s] -- Installing: /home/team/SoftwareDevelopment/shovel/install/communication2/share/communication2/local_setup.zsh
[0.509s] -- Installing: /home/team/SoftwareDevelopment/shovel/install/communication2/share/communication2/local_setup.dsv
[0.509s] -- Installing: /home/team/SoftwareDevelopment/shovel/install/communication2/share/communication2/package.dsv
[0.509s] -- Installing: /home/team/SoftwareDevelopment/shovel/install/communication2/share/ament_index/resource_index/packages/communication2
[0.510s] -- Installing: /home/team/SoftwareDevelopment/shovel/install/communication2/share/communication2/cmake/communication2Config.cmake
[0.510s] -- Installing: /home/team/SoftwareDevelopment/shovel/install/communication2/share/communication2/cmake/communication2Config-version.cmake
[0.510s] -- Installing: /home/team/SoftwareDevelopment/shovel/install/communication2/share/communication2/package.xml
[0.559s] Invoked command in '/home/team/SoftwareDevelopment/shovel/build/communication2' returned '0': AMENT_PREFIX_PATH=/home/team/SoftwareDevelopment/shovel/install/messages:${AMENT_PREFIX_PATH} CMAKE_PREFIX_PATH=/home/team/SoftwareDevelopment/shovel/install/messages:/opt/ros/galactic LD_LIBRARY_PATH=/home/team/SoftwareDevelopment/shovel/install/messages/lib:/opt/ros/galactic/opt/yaml_cpp_vendor/lib:/opt/ros/galactic/lib/aarch64-linux-gnu:/opt/ros/galactic/lib:/usr/local/cuda-11.4/lib64 PYTHONPATH=/home/team/SoftwareDevelopment/shovel/install/messages/lib/python3.8/site-packages:${PYTHONPATH} /usr/bin/cmake --install /home/team/SoftwareDevelopment/shovel/build/communication2
