-- The C compiler identification is GNU 9.4.0
-- The CXX compiler identification is GNU 9.4.0
-- Check for working C compiler: /usr/bin/cc
-- Check for working C compiler: /usr/bin/cc -- works
-- Detecting C compiler ABI info
-- Detecting C compiler ABI info - done
-- Detecting C compile features
-- Detecting C compile features - done
-- Check for working CXX compiler: /usr/bin/c++
-- Check for working CXX compiler: /usr/bin/c++ -- works
-- Detecting CXX compiler ABI info
-- Detecting CXX compiler ABI info - done
-- Detecting CXX compile features
-- Detecting CXX compile features - done
-- Found ament_cmake: 1.1.6 (/opt/ros/galactic/share/ament_cmake/cmake)
-- Found PythonInterp: /usr/bin/python3 (found suitable version "3.8.10", minimum required is "3") 
-- Using PYTHON_EXECUTABLE: /usr/bin/python3
-- Found rclcpp: 9.2.2 (/opt/ros/galactic/share/rclcpp/cmake)
-- Using single rosidl_typesupport_c: rosidl_typesupport_introspection_c
-- Found rosidl_adapter: 2.2.3 (/opt/ros/galactic/share/rosidl_adapter/cmake)
-- Using single rosidl_typesupport_cpp: rosidl_typesupport_introspection_cpp
-- Found rmw_implementation_cmake: 3.3.1 (/opt/ros/galactic/share/rmw_implementation_cmake/cmake)
-- Found rmw_cyclonedds_cpp: 0.22.6 (/opt/ros/galactic/share/rmw_cyclonedds_cpp/cmake)
-- Using RMW implementation 'rmw_cyclonedds_cpp' as default
-- Looking for pthread.h
-- Looking for pthread.h - found
-- Performing Test CMAKE_HAVE_LIBC_PTHREAD
-- Performing Test CMAKE_HAVE_LIBC_PTHREAD - Failed
-- Looking for pthread_create in pthreads
-- Looking for pthread_create in pthreads - not found
-- Looking for pthread_create in pthread
-- Looking for pthread_create in pthread - found
-- Found Threads: TRUE  
-- Found rosidl_default_generators: 1.1.1 (/opt/ros/galactic/share/rosidl_default_generators/cmake)
-- Found ament_lint_auto: 0.10.7 (/opt/ros/galactic/share/ament_lint_auto/cmake)
-- Found PythonInterp: /usr/bin/python3 (found version "3.8.10") 
-- Using single rosidl_typesupport_c: rosidl_typesupport_introspection_c
-- Using single rosidl_typesupport_cpp: rosidl_typesupport_introspection_cpp
-- Found PythonInterp: /usr/bin/python3 (found suitable version "3.8.10", minimum required is "3.5") 
-- Found python_cmake_module: 0.8.1 (/opt/ros/galactic/share/python_cmake_module/cmake)
-- Found PythonLibs: /usr/lib/aarch64-linux-gnu/libpython3.8.so (found suitable version "3.8.10", minimum required is "3.5") 
-- Using PYTHON_EXECUTABLE: /usr/bin/python3
-- Using PYTHON_INCLUDE_DIRS: /usr/include/python3.8
-- Using PYTHON_LIBRARIES: /usr/lib/aarch64-linux-gnu/libpython3.8.so
-- Found PythonExtra: .so  
-- Added test 'copyright' to check source files copyright and LICENSE
-- Added test 'lint_cmake' to check CMake code style
-- Added test 'xmllint' to check XML markup files
-- Configuring done
-- Generating done
-- Build files have been written to: /home/team/SoftwareDevelopment/shovel/build/messages
[  1%] [34m[1mGenerating C code for ROS interfaces[0m
[35m[1mScanning dependencies of target messages__cpp[0m
[  2%] [34m[1mGenerating C++ code for ROS interfaces[0m
[  2%] Built target messages__cpp
[  3%] [34m[1mGenerating C++ introspection for ROS interfaces[0m
[35m[1mScanning dependencies of target messages__rosidl_generator_c[0m
[  7%] [32mBuilding C object CMakeFiles/messages__rosidl_generator_c.dir/rosidl_generator_c/messages/msg/detail/joystick_command__functions.c.o[0m
[  7%] [32mBuilding C object CMakeFiles/messages__rosidl_generator_c.dir/rosidl_generator_c/messages/msg/detail/camera__functions.c.o[0m
[  7%] [32mBuilding C object CMakeFiles/messages__rosidl_generator_c.dir/rosidl_generator_c/messages/msg/detail/axis_state__functions.c.o[0m
[  7%] [32mBuilding C object CMakeFiles/messages__rosidl_generator_c.dir/rosidl_generator_c/messages/msg/detail/power__functions.c.o[0m
[  8%] [32mBuilding C object CMakeFiles/messages__rosidl_generator_c.dir/rosidl_generator_c/messages/msg/detail/victor_out__functions.c.o[0m
[ 11%] [32mBuilding C object CMakeFiles/messages__rosidl_generator_c.dir/rosidl_generator_c/messages/msg/detail/button_state__functions.c.o[0m
[ 11%] [32mBuilding C object CMakeFiles/messages__rosidl_generator_c.dir/rosidl_generator_c/messages/msg/detail/hat_state__functions.c.o[0m
[ 12%] [32mBuilding C object CMakeFiles/messages__rosidl_generator_c.dir/rosidl_generator_c/messages/msg/detail/key_state__functions.c.o[0m
[ 14%] [32mBuilding C object CMakeFiles/messages__rosidl_generator_c.dir/rosidl_generator_c/messages/msg/detail/zed_position__functions.c.o[0m
[ 14%] [32mBuilding C object CMakeFiles/messages__rosidl_generator_c.dir/rosidl_generator_c/messages/msg/detail/talon_out__functions.c.o[0m
[ 16%] [32mBuilding C object CMakeFiles/messages__rosidl_generator_c.dir/rosidl_generator_c/messages/msg/detail/autonomy_out__functions.c.o[0m
[ 16%] [32mBuilding C object CMakeFiles/messages__rosidl_generator_c.dir/rosidl_generator_c/messages/msg/detail/linear_out__functions.c.o[0m
[ 17%] [32m[1mLinking C shared library libmessages__rosidl_generator_c.so[0m
[35m[1mScanning dependencies of target messages__rosidl_typesupport_introspection_cpp[0m
[ 22%] [32mBuilding CXX object CMakeFiles/messages__rosidl_typesupport_introspection_cpp.dir/rosidl_typesupport_introspection_cpp/messages/msg/detail/joystick_command__type_support.cpp.o[0m
[ 22%] [32mBuilding CXX object CMakeFiles/messages__rosidl_typesupport_introspection_cpp.dir/rosidl_typesupport_introspection_cpp/messages/msg/detail/power__type_support.cpp.o[0m
[ 22%] [32mBuilding CXX object CMakeFiles/messages__rosidl_typesupport_introspection_cpp.dir/rosidl_typesupport_introspection_cpp/messages/msg/detail/camera__type_support.cpp.o[0m
[ 22%] [32mBuilding CXX object CMakeFiles/messages__rosidl_typesupport_introspection_cpp.dir/rosidl_typesupport_introspection_cpp/messages/msg/detail/axis_state__type_support.cpp.o[0m
[ 23%] [32mBuilding CXX object CMakeFiles/messages__rosidl_typesupport_introspection_cpp.dir/rosidl_typesupport_introspection_cpp/messages/msg/detail/victor_out__type_support.cpp.o[0m
[ 23%] Built target messages__rosidl_generator_c
[ 24%] [32mBuilding CXX object CMakeFiles/messages__rosidl_typesupport_introspection_cpp.dir/rosidl_typesupport_introspection_cpp/messages/msg/detail/button_state__type_support.cpp.o[0m
[ 26%] [34m[1mGenerating C introspection for ROS interfaces[0m
[ 26%] [32mBuilding CXX object CMakeFiles/messages__rosidl_typesupport_introspection_cpp.dir/rosidl_typesupport_introspection_cpp/messages/msg/detail/key_state__type_support.cpp.o[0m
[ 30%] [32mBuilding CXX object CMakeFiles/messages__rosidl_typesupport_introspection_cpp.dir/rosidl_typesupport_introspection_cpp/messages/msg/detail/zed_position__type_support.cpp.o[0m
[ 30%] [32mBuilding CXX object CMakeFiles/messages__rosidl_typesupport_introspection_cpp.dir/rosidl_typesupport_introspection_cpp/messages/msg/detail/hat_state__type_support.cpp.o[0m
[ 30%] [32mBuilding CXX object CMakeFiles/messages__rosidl_typesupport_introspection_cpp.dir/rosidl_typesupport_introspection_cpp/messages/msg/detail/linear_out__type_support.cpp.o[0m
[ 31%] [32mBuilding CXX object CMakeFiles/messages__rosidl_typesupport_introspection_cpp.dir/rosidl_typesupport_introspection_cpp/messages/msg/detail/talon_out__type_support.cpp.o[0m
[ 32%] [32mBuilding CXX object CMakeFiles/messages__rosidl_typesupport_introspection_cpp.dir/rosidl_typesupport_introspection_cpp/messages/msg/detail/autonomy_out__type_support.cpp.o[0m
[ 33%] [32m[1mLinking CXX shared library libmessages__rosidl_typesupport_introspection_cpp.so[0m
[35m[1mScanning dependencies of target messages__rosidl_typesupport_introspection_c[0m
[ 33%] Built target messages__rosidl_typesupport_introspection_cpp
[ 34%] [34m[1mGenerating C++ type support dispatch for ROS interfaces[0m
[ 38%] [32mBuilding C object CMakeFiles/messages__rosidl_typesupport_introspection_c.dir/rosidl_typesupport_introspection_c/messages/msg/detail/joystick_command__type_support.c.o[0m
[ 38%] [32mBuilding C object CMakeFiles/messages__rosidl_typesupport_introspection_c.dir/rosidl_typesupport_introspection_c/messages/msg/detail/victor_out__type_support.c.o[0m
[ 38%] [32mBuilding C object CMakeFiles/messages__rosidl_typesupport_introspection_c.dir/rosidl_typesupport_introspection_c/messages/msg/detail/power__type_support.c.o[0m
[ 39%] [32mBuilding C object CMakeFiles/messages__rosidl_typesupport_introspection_c.dir/rosidl_typesupport_introspection_c/messages/msg/detail/axis_state__type_support.c.o[0m
[ 40%] [32mBuilding C object CMakeFiles/messages__rosidl_typesupport_introspection_c.dir/rosidl_typesupport_introspection_c/messages/msg/detail/camera__type_support.c.o[0m
[ 42%] [32mBuilding C object CMakeFiles/messages__rosidl_typesupport_introspection_c.dir/rosidl_typesupport_introspection_c/messages/msg/detail/key_state__type_support.c.o[0m
[ 42%] [32mBuilding C object CMakeFiles/messages__rosidl_typesupport_introspection_c.dir/rosidl_typesupport_introspection_c/messages/msg/detail/hat_state__type_support.c.o[0m
[ 44%] [32mBuilding C object CMakeFiles/messages__rosidl_typesupport_introspection_c.dir/rosidl_typesupport_introspection_c/messages/msg/detail/button_state__type_support.c.o[0m
[ 44%] [32mBuilding C object CMakeFiles/messages__rosidl_typesupport_introspection_c.dir/rosidl_typesupport_introspection_c/messages/msg/detail/zed_position__type_support.c.o[0m
[ 46%] [32mBuilding C object CMakeFiles/messages__rosidl_typesupport_introspection_c.dir/rosidl_typesupport_introspection_c/messages/msg/detail/talon_out__type_support.c.o[0m
[ 48%] [32mBuilding C object CMakeFiles/messages__rosidl_typesupport_introspection_c.dir/rosidl_typesupport_introspection_c/messages/msg/detail/linear_out__type_support.c.o[0m
[ 48%] [32mBuilding C object CMakeFiles/messages__rosidl_typesupport_introspection_c.dir/rosidl_typesupport_introspection_c/messages/msg/detail/autonomy_out__type_support.c.o[0m
[ 49%] [32m[1mLinking C shared library libmessages__rosidl_typesupport_introspection_c.so[0m
[ 49%] Built target messages__rosidl_typesupport_introspection_c
[ 50%] [34m[1mGenerating C type support dispatch for ROS interfaces[0m
[35m[1mScanning dependencies of target messages__rosidl_typesupport_cpp[0m
[ 53%] [32mBuilding CXX object CMakeFiles/messages__rosidl_typesupport_cpp.dir/rosidl_typesupport_cpp/messages/msg/joystick_command__type_support.cpp.o[0m
[ 53%] [32mBuilding CXX object CMakeFiles/messages__rosidl_typesupport_cpp.dir/rosidl_typesupport_cpp/messages/msg/power__type_support.cpp.o[0m
[ 53%] [32mBuilding CXX object CMakeFiles/messages__rosidl_typesupport_cpp.dir/rosidl_typesupport_cpp/messages/msg/camera__type_support.cpp.o[0m
[ 55%] [32mBuilding CXX object CMakeFiles/messages__rosidl_typesupport_cpp.dir/rosidl_typesupport_cpp/messages/msg/axis_state__type_support.cpp.o[0m
[ 56%] [32mBuilding CXX object CMakeFiles/messages__rosidl_typesupport_cpp.dir/rosidl_typesupport_cpp/messages/msg/victor_out__type_support.cpp.o[0m
[ 60%] [32mBuilding CXX object CMakeFiles/messages__rosidl_typesupport_cpp.dir/rosidl_typesupport_cpp/messages/msg/hat_state__type_support.cpp.o[0m
[ 60%] [32mBuilding CXX object CMakeFiles/messages__rosidl_typesupport_cpp.dir/rosidl_typesupport_cpp/messages/msg/button_state__type_support.cpp.o[0m
[ 61%] [32mBuilding CXX object CMakeFiles/messages__rosidl_typesupport_cpp.dir/rosidl_typesupport_cpp/messages/msg/key_state__type_support.cpp.o[0m
[ 60%] [32mBuilding CXX object CMakeFiles/messages__rosidl_typesupport_cpp.dir/rosidl_typesupport_cpp/messages/msg/zed_position__type_support.cpp.o[0m
[ 60%] [32mBuilding CXX object CMakeFiles/messages__rosidl_typesupport_cpp.dir/rosidl_typesupport_cpp/messages/msg/talon_out__type_support.cpp.o[0m
[35m[1mScanning dependencies of target messages__rosidl_typesupport_c[0m
[ 62%] [32mBuilding CXX object CMakeFiles/messages__rosidl_typesupport_c.dir/rosidl_typesupport_c/messages/msg/axis_state__type_support.cpp.o[0m
[ 64%] [32mBuilding CXX object CMakeFiles/messages__rosidl_typesupport_cpp.dir/rosidl_typesupport_cpp/messages/msg/linear_out__type_support.cpp.o[0m
[ 67%] [32mBuilding CXX object CMakeFiles/messages__rosidl_typesupport_c.dir/rosidl_typesupport_c/messages/msg/camera__type_support.cpp.o[0m
[ 67%] [32mBuilding CXX object CMakeFiles/messages__rosidl_typesupport_cpp.dir/rosidl_typesupport_cpp/messages/msg/autonomy_out__type_support.cpp.o[0m
[ 67%] [32mBuilding CXX object CMakeFiles/messages__rosidl_typesupport_c.dir/rosidl_typesupport_c/messages/msg/joystick_command__type_support.cpp.o[0m
[ 68%] [32mBuilding CXX object CMakeFiles/messages__rosidl_typesupport_c.dir/rosidl_typesupport_c/messages/msg/victor_out__type_support.cpp.o[0m
[ 69%] [32mBuilding CXX object CMakeFiles/messages__rosidl_typesupport_c.dir/rosidl_typesupport_c/messages/msg/power__type_support.cpp.o[0m
[ 73%] [32mBuilding CXX object CMakeFiles/messages__rosidl_typesupport_c.dir/rosidl_typesupport_c/messages/msg/button_state__type_support.cpp.o[0m
[ 73%] [32mBuilding CXX object CMakeFiles/messages__rosidl_typesupport_c.dir/rosidl_typesupport_c/messages/msg/key_state__type_support.cpp.o[0m
[ 73%] [32mBuilding CXX object CMakeFiles/messages__rosidl_typesupport_c.dir/rosidl_typesupport_c/messages/msg/talon_out__type_support.cpp.o[0m
[ 74%] [32mBuilding CXX object CMakeFiles/messages__rosidl_typesupport_c.dir/rosidl_typesupport_c/messages/msg/hat_state__type_support.cpp.o[0m
[ 76%] [32mBuilding CXX object CMakeFiles/messages__rosidl_typesupport_c.dir/rosidl_typesupport_c/messages/msg/zed_position__type_support.cpp.o[0m
[ 76%] [32mBuilding CXX object CMakeFiles/messages__rosidl_typesupport_c.dir/rosidl_typesupport_c/messages/msg/linear_out__type_support.cpp.o[0m
[ 77%] [32mBuilding CXX object CMakeFiles/messages__rosidl_typesupport_c.dir/rosidl_typesupport_c/messages/msg/autonomy_out__type_support.cpp.o[0m
[ 78%] [32m[1mLinking CXX shared library libmessages__rosidl_typesupport_c.so[0m
[ 78%] Built target messages__rosidl_typesupport_c
[ 79%] [32m[1mLinking CXX shared library libmessages__rosidl_typesupport_cpp.so[0m
[ 79%] Built target messages__rosidl_typesupport_cpp
[35m[1mScanning dependencies of target messages[0m
[ 79%] Built target messages
[35m[1mScanning dependencies of target messages__py[0m
[ 80%] [34m[1mGenerating Python code for ROS interfaces[0m
[ 80%] Built target messages__py
[35m[1mScanning dependencies of target messages__python[0m
[ 83%] [32mBuilding C object CMakeFiles/messages__python.dir/rosidl_generator_py/messages/msg/_axis_state_s.c.o[0m
[ 83%] [32mBuilding C object CMakeFiles/messages__python.dir/rosidl_generator_py/messages/msg/_camera_s.c.o[0m
[ 84%] [32mBuilding C object CMakeFiles/messages__python.dir/rosidl_generator_py/messages/msg/_joystick_command_s.c.o[0m
[ 85%] [32mBuilding C object CMakeFiles/messages__python.dir/rosidl_generator_py/messages/msg/_button_state_s.c.o[0m
[ 86%] [32mBuilding C object CMakeFiles/messages__python.dir/rosidl_generator_py/messages/msg/_power_s.c.o[0m
[ 87%] [32mBuilding C object CMakeFiles/messages__python.dir/rosidl_generator_py/messages/msg/_victor_out_s.c.o[0m
[ 89%] [32mBuilding C object CMakeFiles/messages__python.dir/rosidl_generator_py/messages/msg/_hat_state_s.c.o[0m
[ 89%] [32mBuilding C object CMakeFiles/messages__python.dir/rosidl_generator_py/messages/msg/_key_state_s.c.o[0m
[ 92%] [32mBuilding C object CMakeFiles/messages__python.dir/rosidl_generator_py/messages/msg/_talon_out_s.c.o[0m
[ 92%] [32mBuilding C object CMakeFiles/messages__python.dir/rosidl_generator_py/messages/msg/_zed_position_s.c.o[0m
[ 93%] [32mBuilding C object CMakeFiles/messages__python.dir/rosidl_generator_py/messages/msg/_linear_out_s.c.o[0m
[ 94%] [32mBuilding C object CMakeFiles/messages__python.dir/rosidl_generator_py/messages/msg/_autonomy_out_s.c.o[0m
[ 95%] [32m[1mLinking C shared library rosidl_generator_py/messages/libmessages__python.so[0m
[ 95%] Built target messages__python
[35m[1mScanning dependencies of target messages__rosidl_typesupport_c__pyext[0m
[35m[1mScanning dependencies of target messages__rosidl_typesupport_introspection_c__pyext[0m
[ 97%] [32mBuilding C object CMakeFiles/messages__rosidl_typesupport_introspection_c__pyext.dir/rosidl_generator_py/messages/_messages_s.ep.rosidl_typesupport_introspection_c.c.o[0m
[ 97%] [32mBuilding C object CMakeFiles/messages__rosidl_typesupport_c__pyext.dir/rosidl_generator_py/messages/_messages_s.ep.rosidl_typesupport_c.c.o[0m
[100%] [32m[1mLinking C shared library rosidl_generator_py/messages/messages_s__rosidl_typesupport_introspection_c.cpython-38-aarch64-linux-gnu.so[0m
[100%] [32m[1mLinking C shared library rosidl_generator_py/messages/messages_s__rosidl_typesupport_c.cpython-38-aarch64-linux-gnu.so[0m
[100%] Built target messages__rosidl_typesupport_introspection_c__pyext
[100%] Built target messages__rosidl_typesupport_c__pyext
-- Install configuration: ""
-- Installing: /home/team/SoftwareDevelopment/shovel/install/messages/share/ament_index/resource_index/rosidl_interfaces/messages
-- Installing: /home/team/SoftwareDevelopment/shovel/install/messages/include/messages
-- Installing: /home/team/SoftwareDevelopment/shovel/install/messages/include/messages/msg
-- Installing: /home/team/SoftwareDevelopment/shovel/install/messages/include/messages/msg/button_state.h
-- Installing: /home/team/SoftwareDevelopment/shovel/install/messages/include/messages/msg/zed_position.h
-- Installing: /home/team/SoftwareDevelopment/shovel/install/messages/include/messages/msg/rosidl_generator_c__visibility_control.h
-- Installing: /home/team/SoftwareDevelopment/shovel/install/messages/include/messages/msg/key_state.h
-- Installing: /home/team/SoftwareDevelopment/shovel/install/messages/include/messages/msg/hat_state.h
-- Installing: /home/team/SoftwareDevelopment/shovel/install/messages/include/messages/msg/victor_out.h
-- Installing: /home/team/SoftwareDevelopment/shovel/install/messages/include/messages/msg/detail
-- Installing: /home/team/SoftwareDevelopment/shovel/install/messages/include/messages/msg/detail/power__functions.c
-- Installing: /home/team/SoftwareDevelopment/shovel/install/messages/include/messages/msg/detail/power__struct.h
-- Installing: /home/team/SoftwareDevelopment/shovel/install/messages/include/messages/msg/detail/zed_position__functions.c
-- Installing: /home/team/SoftwareDevelopment/shovel/install/messages/include/messages/msg/detail/hat_state__functions.c
-- Installing: /home/team/SoftwareDevelopment/shovel/install/messages/include/messages/msg/detail/joystick_command__functions.h
-- Installing: /home/team/SoftwareDevelopment/shovel/install/messages/include/messages/msg/detail/talon_out__functions.h
-- Installing: /home/team/SoftwareDevelopment/shovel/install/messages/include/messages/msg/detail/victor_out__type_support.h
-- Installing: /home/team/SoftwareDevelopment/shovel/install/messages/include/messages/msg/detail/key_state__functions.c
-- Installing: /home/team/SoftwareDevelopment/shovel/install/messages/include/messages/msg/detail/joystick_command__struct.h
-- Installing: /home/team/SoftwareDevelopment/shovel/install/messages/include/messages/msg/detail/camera__functions.h
-- Installing: /home/team/SoftwareDevelopment/shovel/install/messages/include/messages/msg/detail/axis_state__struct.h
-- Installing: /home/team/SoftwareDevelopment/shovel/install/messages/include/messages/msg/detail/hat_state__type_support.h
-- Installing: /home/team/SoftwareDevelopment/shovel/install/messages/include/messages/msg/detail/button_state__type_support.h
-- Installing: /home/team/SoftwareDevelopment/shovel/install/messages/include/messages/msg/detail/key_state__functions.h
-- Installing: /home/team/SoftwareDevelopment/shovel/install/messages/include/messages/msg/detail/button_state__struct.h
-- Installing: /home/team/SoftwareDevelopment/shovel/install/messages/include/messages/msg/detail/axis_state__type_support.h
-- Installing: /home/team/SoftwareDevelopment/shovel/install/messages/include/messages/msg/detail/autonomy_out__struct.h
-- Installing: /home/team/SoftwareDevelopment/shovel/install/messages/include/messages/msg/detail/talon_out__functions.c
-- Installing: /home/team/SoftwareDevelopment/shovel/install/messages/include/messages/msg/detail/talon_out__struct.h
-- Installing: /home/team/SoftwareDevelopment/shovel/install/messages/include/messages/msg/detail/key_state__type_support.h
-- Installing: /home/team/SoftwareDevelopment/shovel/install/messages/include/messages/msg/detail/linear_out__functions.h
-- Installing: /home/team/SoftwareDevelopment/shovel/install/messages/include/messages/msg/detail/key_state__struct.h
-- Installing: /home/team/SoftwareDevelopment/shovel/install/messages/include/messages/msg/detail/axis_state__functions.h
-- Installing: /home/team/SoftwareDevelopment/shovel/install/messages/include/messages/msg/detail/power__functions.h
-- Installing: /home/team/SoftwareDevelopment/shovel/install/messages/include/messages/msg/detail/victor_out__functions.c
-- Installing: /home/team/SoftwareDevelopment/shovel/install/messages/include/messages/msg/detail/linear_out__struct.h
-- Installing: /home/team/SoftwareDevelopment/shovel/install/messages/include/messages/msg/detail/autonomy_out__type_support.h
-- Installing: /home/team/SoftwareDevelopment/shovel/install/messages/include/messages/msg/detail/linear_out__functions.c
-- Installing: /home/team/SoftwareDevelopment/shovel/install/messages/include/messages/msg/detail/power__type_support.h
-- Installing: /home/team/SoftwareDevelopment/shovel/install/messages/include/messages/msg/detail/joystick_command__functions.c
-- Installing: /home/team/SoftwareDevelopment/shovel/install/messages/include/messages/msg/detail/camera__functions.c
-- Installing: /home/team/SoftwareDevelopment/shovel/install/messages/include/messages/msg/detail/zed_position__type_support.h
-- Installing: /home/team/SoftwareDevelopment/shovel/install/messages/include/messages/msg/detail/button_state__functions.h
-- Installing: /home/team/SoftwareDevelopment/shovel/install/messages/include/messages/msg/detail/autonomy_out__functions.c
-- Installing: /home/team/SoftwareDevelopment/shovel/install/messages/include/messages/msg/detail/hat_state__struct.h
-- Installing: /home/team/SoftwareDevelopment/shovel/install/messages/include/messages/msg/detail/camera__struct.h
-- Installing: /home/team/SoftwareDevelopment/shovel/install/messages/include/messages/msg/detail/joystick_command__type_support.h
-- Installing: /home/team/SoftwareDevelopment/shovel/install/messages/include/messages/msg/detail/button_state__functions.c
-- Installing: /home/team/SoftwareDevelopment/shovel/install/messages/include/messages/msg/detail/linear_out__type_support.h
-- Installing: /home/team/SoftwareDevelopment/shovel/install/messages/include/messages/msg/detail/zed_position__struct.h
-- Installing: /home/team/SoftwareDevelopment/shovel/install/messages/include/messages/msg/detail/victor_out__functions.h
-- Installing: /home/team/SoftwareDevelopment/shovel/install/messages/include/messages/msg/detail/autonomy_out__functions.h
-- Installing: /home/team/SoftwareDevelopment/shovel/install/messages/include/messages/msg/detail/victor_out__struct.h
-- Installing: /home/team/SoftwareDevelopment/shovel/install/messages/include/messages/msg/detail/hat_state__functions.h
-- Installing: /home/team/SoftwareDevelopment/shovel/install/messages/include/messages/msg/detail/talon_out__type_support.h
-- Installing: /home/team/SoftwareDevelopment/shovel/install/messages/include/messages/msg/detail/zed_position__functions.h
-- Installing: /home/team/SoftwareDevelopment/shovel/install/messages/include/messages/msg/detail/axis_state__functions.c
-- Installing: /home/team/SoftwareDevelopment/shovel/install/messages/include/messages/msg/detail/camera__type_support.h
-- Installing: /home/team/SoftwareDevelopment/shovel/install/messages/include/messages/msg/joystick_command.h
-- Installing: /home/team/SoftwareDevelopment/shovel/install/messages/include/messages/msg/linear_out.h
-- Installing: /home/team/SoftwareDevelopment/shovel/install/messages/include/messages/msg/power.h
-- Installing: /home/team/SoftwareDevelopment/shovel/install/messages/include/messages/msg/autonomy_out.h
-- Installing: /home/team/SoftwareDevelopment/shovel/install/messages/include/messages/msg/axis_state.h
-- Installing: /home/team/SoftwareDevelopment/shovel/install/messages/include/messages/msg/camera.h
-- Installing: /home/team/SoftwareDevelopment/shovel/install/messages/include/messages/msg/talon_out.h
-- Installing: /home/team/SoftwareDevelopment/shovel/install/messages/share/messages/environment/library_path.sh
-- Installing: /home/team/SoftwareDevelopment/shovel/install/messages/share/messages/environment/library_path.dsv
-- Installing: /home/team/SoftwareDevelopment/shovel/install/messages/lib/libmessages__rosidl_generator_c.so
-- Set runtime path of "/home/team/SoftwareDevelopment/shovel/install/messages/lib/libmessages__rosidl_generator_c.so" to ""
-- Up-to-date: /home/team/SoftwareDevelopment/shovel/install/messages/include/messages
-- Up-to-date: /home/team/SoftwareDevelopment/shovel/install/messages/include/messages/msg
-- Up-to-date: /home/team/SoftwareDevelopment/shovel/install/messages/include/messages/msg/detail
-- Installing: /home/team/SoftwareDevelopment/shovel/install/messages/include/messages/msg/detail/joystick_command__type_support.c
-- Installing: /home/team/SoftwareDevelopment/shovel/install/messages/include/messages/msg/detail/linear_out__rosidl_typesupport_introspection_c.h
-- Installing: /home/team/SoftwareDevelopment/shovel/install/messages/include/messages/msg/detail/hat_state__rosidl_typesupport_introspection_c.h
-- Installing: /home/team/SoftwareDevelopment/shovel/install/messages/include/messages/msg/detail/key_state__rosidl_typesupport_introspection_c.h
-- Installing: /home/team/SoftwareDevelopment/shovel/install/messages/include/messages/msg/detail/autonomy_out__type_support.c
-- Installing: /home/team/SoftwareDevelopment/shovel/install/messages/include/messages/msg/detail/power__type_support.c
-- Installing: /home/team/SoftwareDevelopment/shovel/install/messages/include/messages/msg/detail/camera__rosidl_typesupport_introspection_c.h
-- Installing: /home/team/SoftwareDevelopment/shovel/install/messages/include/messages/msg/detail/zed_position__type_support.c
-- Installing: /home/team/SoftwareDevelopment/shovel/install/messages/include/messages/msg/detail/victor_out__type_support.c
-- Installing: /home/team/SoftwareDevelopment/shovel/install/messages/include/messages/msg/detail/talon_out__rosidl_typesupport_introspection_c.h
-- Installing: /home/team/SoftwareDevelopment/shovel/install/messages/include/messages/msg/detail/zed_position__rosidl_typesupport_introspection_c.h
-- Installing: /home/team/SoftwareDevelopment/shovel/install/messages/include/messages/msg/detail/talon_out__type_support.c
-- Installing: /home/team/SoftwareDevelopment/shovel/install/messages/include/messages/msg/detail/victor_out__rosidl_typesupport_introspection_c.h
-- Installing: /home/team/SoftwareDevelopment/shovel/install/messages/include/messages/msg/detail/button_state__type_support.c
-- Installing: /home/team/SoftwareDevelopment/shovel/install/messages/include/messages/msg/detail/power__rosidl_typesupport_introspection_c.h
-- Installing: /home/team/SoftwareDevelopment/shovel/install/messages/include/messages/msg/detail/camera__type_support.c
-- Installing: /home/team/SoftwareDevelopment/shovel/install/messages/include/messages/msg/detail/key_state__type_support.c
-- Installing: /home/team/SoftwareDevelopment/shovel/install/messages/include/messages/msg/detail/hat_state__type_support.c
-- Installing: /home/team/SoftwareDevelopment/shovel/install/messages/include/messages/msg/detail/axis_state__rosidl_typesupport_introspection_c.h
-- Installing: /home/team/SoftwareDevelopment/shovel/install/messages/include/messages/msg/detail/button_state__rosidl_typesupport_introspection_c.h
-- Installing: /home/team/SoftwareDevelopment/shovel/install/messages/include/messages/msg/detail/joystick_command__rosidl_typesupport_introspection_c.h
-- Installing: /home/team/SoftwareDevelopment/shovel/install/messages/include/messages/msg/detail/autonomy_out__rosidl_typesupport_introspection_c.h
-- Installing: /home/team/SoftwareDevelopment/shovel/install/messages/include/messages/msg/detail/linear_out__type_support.c
-- Installing: /home/team/SoftwareDevelopment/shovel/install/messages/include/messages/msg/detail/axis_state__type_support.c
-- Installing: /home/team/SoftwareDevelopment/shovel/install/messages/include/messages/msg/rosidl_typesupport_introspection_c__visibility_control.h
-- Installing: /home/team/SoftwareDevelopment/shovel/install/messages/lib/libmessages__rosidl_typesupport_introspection_c.so
-- Set runtime path of "/home/team/SoftwareDevelopment/shovel/install/messages/lib/libmessages__rosidl_typesupport_introspection_c.so" to ""
-- Installing: /home/team/SoftwareDevelopment/shovel/install/messages/lib/libmessages__rosidl_typesupport_c.so
-- Set runtime path of "/home/team/SoftwareDevelopment/shovel/install/messages/lib/libmessages__rosidl_typesupport_c.so" to ""
-- Up-to-date: /home/team/SoftwareDevelopment/shovel/install/messages/include/messages
-- Up-to-date: /home/team/SoftwareDevelopment/shovel/install/messages/include/messages/msg
-- Up-to-date: /home/team/SoftwareDevelopment/shovel/install/messages/include/messages/msg/detail
-- Installing: /home/team/SoftwareDevelopment/shovel/install/messages/include/messages/msg/detail/button_state__builder.hpp
-- Installing: /home/team/SoftwareDevelopment/shovel/install/messages/include/messages/msg/detail/joystick_command__builder.hpp
-- Installing: /home/team/SoftwareDevelopment/shovel/install/messages/include/messages/msg/detail/talon_out__builder.hpp
-- Installing: /home/team/SoftwareDevelopment/shovel/install/messages/include/messages/msg/detail/victor_out__traits.hpp
-- Installing: /home/team/SoftwareDevelopment/shovel/install/messages/include/messages/msg/detail/camera__traits.hpp
-- Installing: /home/team/SoftwareDevelopment/shovel/install/messages/include/messages/msg/detail/joystick_command__struct.hpp
-- Installing: /home/team/SoftwareDevelopment/shovel/install/messages/include/messages/msg/detail/key_state__traits.hpp
-- Installing: /home/team/SoftwareDevelopment/shovel/install/messages/include/messages/msg/detail/button_state__traits.hpp
-- Installing: /home/team/SoftwareDevelopment/shovel/install/messages/include/messages/msg/detail/joystick_command__traits.hpp
-- Installing: /home/team/SoftwareDevelopment/shovel/install/messages/include/messages/msg/detail/axis_state__builder.hpp
-- Installing: /home/team/SoftwareDevelopment/shovel/install/messages/include/messages/msg/detail/zed_position__struct.hpp
-- Installing: /home/team/SoftwareDevelopment/shovel/install/messages/include/messages/msg/detail/power__struct.hpp
-- Installing: /home/team/SoftwareDevelopment/shovel/install/messages/include/messages/msg/detail/camera__builder.hpp
-- Installing: /home/team/SoftwareDevelopment/shovel/install/messages/include/messages/msg/detail/power__traits.hpp
-- Installing: /home/team/SoftwareDevelopment/shovel/install/messages/include/messages/msg/detail/hat_state__struct.hpp
-- Installing: /home/team/SoftwareDevelopment/shovel/install/messages/include/messages/msg/detail/power__builder.hpp
-- Installing: /home/team/SoftwareDevelopment/shovel/install/messages/include/messages/msg/detail/button_state__struct.hpp
-- Installing: /home/team/SoftwareDevelopment/shovel/install/messages/include/messages/msg/detail/zed_position__builder.hpp
-- Installing: /home/team/SoftwareDevelopment/shovel/install/messages/include/messages/msg/detail/talon_out__traits.hpp
-- Installing: /home/team/SoftwareDevelopment/shovel/install/messages/include/messages/msg/detail/key_state__builder.hpp
-- Installing: /home/team/SoftwareDevelopment/shovel/install/messages/include/messages/msg/detail/key_state__struct.hpp
-- Installing: /home/team/SoftwareDevelopment/shovel/install/messages/include/messages/msg/detail/autonomy_out__builder.hpp
-- Installing: /home/team/SoftwareDevelopment/shovel/install/messages/include/messages/msg/detail/axis_state__traits.hpp
-- Installing: /home/team/SoftwareDevelopment/shovel/install/messages/include/messages/msg/detail/victor_out__struct.hpp
-- Installing: /home/team/SoftwareDevelopment/shovel/install/messages/include/messages/msg/detail/hat_state__traits.hpp
-- Installing: /home/team/SoftwareDevelopment/shovel/install/messages/include/messages/msg/detail/autonomy_out__struct.hpp
-- Installing: /home/team/SoftwareDevelopment/shovel/install/messages/include/messages/msg/detail/victor_out__builder.hpp
-- Installing: /home/team/SoftwareDevelopment/shovel/install/messages/include/messages/msg/detail/hat_state__builder.hpp
-- Installing: /home/team/SoftwareDevelopment/shovel/install/messages/include/messages/msg/detail/camera__struct.hpp
-- Installing: /home/team/SoftwareDevelopment/shovel/install/messages/include/messages/msg/detail/linear_out__traits.hpp
-- Installing: /home/team/SoftwareDevelopment/shovel/install/messages/include/messages/msg/detail/autonomy_out__traits.hpp
-- Installing: /home/team/SoftwareDevelopment/shovel/install/messages/include/messages/msg/detail/linear_out__builder.hpp
-- Installing: /home/team/SoftwareDevelopment/shovel/install/messages/include/messages/msg/detail/axis_state__struct.hpp
-- Installing: /home/team/SoftwareDevelopment/shovel/install/messages/include/messages/msg/detail/linear_out__struct.hpp
-- Installing: /home/team/SoftwareDevelopment/shovel/install/messages/include/messages/msg/detail/talon_out__struct.hpp
-- Installing: /home/team/SoftwareDevelopment/shovel/install/messages/include/messages/msg/detail/zed_position__traits.hpp
-- Installing: /home/team/SoftwareDevelopment/shovel/install/messages/include/messages/msg/key_state.hpp
-- Installing: /home/team/SoftwareDevelopment/shovel/install/messages/include/messages/msg/axis_state.hpp
-- Installing: /home/team/SoftwareDevelopment/shovel/install/messages/include/messages/msg/autonomy_out.hpp
-- Installing: /home/team/SoftwareDevelopment/shovel/install/messages/include/messages/msg/victor_out.hpp
-- Installing: /home/team/SoftwareDevelopment/shovel/install/messages/include/messages/msg/power.hpp
-- Installing: /home/team/SoftwareDevelopment/shovel/install/messages/include/messages/msg/button_state.hpp
-- Installing: /home/team/SoftwareDevelopment/shovel/install/messages/include/messages/msg/camera.hpp
-- Installing: /home/team/SoftwareDevelopment/shovel/install/messages/include/messages/msg/talon_out.hpp
-- Installing: /home/team/SoftwareDevelopment/shovel/install/messages/include/messages/msg/zed_position.hpp
-- Installing: /home/team/SoftwareDevelopment/shovel/install/messages/include/messages/msg/linear_out.hpp
-- Installing: /home/team/SoftwareDevelopment/shovel/install/messages/include/messages/msg/joystick_command.hpp
-- Installing: /home/team/SoftwareDevelopment/shovel/install/messages/include/messages/msg/hat_state.hpp
-- Up-to-date: /home/team/SoftwareDevelopment/shovel/install/messages/include/messages
-- Up-to-date: /home/team/SoftwareDevelopment/shovel/install/messages/include/messages/msg
-- Up-to-date: /home/team/SoftwareDevelopment/shovel/install/messages/include/messages/msg/detail
-- Installing: /home/team/SoftwareDevelopment/shovel/install/messages/include/messages/msg/detail/victor_out__rosidl_typesupport_introspection_cpp.hpp
-- Installing: /home/team/SoftwareDevelopment/shovel/install/messages/include/messages/msg/detail/power__type_support.cpp
-- Installing: /home/team/SoftwareDevelopment/shovel/install/messages/include/messages/msg/detail/talon_out__type_support.cpp
-- Installing: /home/team/SoftwareDevelopment/shovel/install/messages/include/messages/msg/detail/key_state__rosidl_typesupport_introspection_cpp.hpp
-- Installing: /home/team/SoftwareDevelopment/shovel/install/messages/include/messages/msg/detail/joystick_command__type_support.cpp
-- Installing: /home/team/SoftwareDevelopment/shovel/install/messages/include/messages/msg/detail/autonomy_out__rosidl_typesupport_introspection_cpp.hpp
-- Installing: /home/team/SoftwareDevelopment/shovel/install/messages/include/messages/msg/detail/zed_position__rosidl_typesupport_introspection_cpp.hpp
-- Installing: /home/team/SoftwareDevelopment/shovel/install/messages/include/messages/msg/detail/linear_out__type_support.cpp
-- Installing: /home/team/SoftwareDevelopment/shovel/install/messages/include/messages/msg/detail/power__rosidl_typesupport_introspection_cpp.hpp
-- Installing: /home/team/SoftwareDevelopment/shovel/install/messages/include/messages/msg/detail/talon_out__rosidl_typesupport_introspection_cpp.hpp
-- Installing: /home/team/SoftwareDevelopment/shovel/install/messages/include/messages/msg/detail/axis_state__rosidl_typesupport_introspection_cpp.hpp
-- Installing: /home/team/SoftwareDevelopment/shovel/install/messages/include/messages/msg/detail/hat_state__type_support.cpp
-- Installing: /home/team/SoftwareDevelopment/shovel/install/messages/include/messages/msg/detail/axis_state__type_support.cpp
-- Installing: /home/team/SoftwareDevelopment/shovel/install/messages/include/messages/msg/detail/joystick_command__rosidl_typesupport_introspection_cpp.hpp
-- Installing: /home/team/SoftwareDevelopment/shovel/install/messages/include/messages/msg/detail/autonomy_out__type_support.cpp
-- Installing: /home/team/SoftwareDevelopment/shovel/install/messages/include/messages/msg/detail/button_state__rosidl_typesupport_introspection_cpp.hpp
-- Installing: /home/team/SoftwareDevelopment/shovel/install/messages/include/messages/msg/detail/victor_out__type_support.cpp
-- Installing: /home/team/SoftwareDevelopment/shovel/install/messages/include/messages/msg/detail/camera__type_support.cpp
-- Installing: /home/team/SoftwareDevelopment/shovel/install/messages/include/messages/msg/detail/camera__rosidl_typesupport_introspection_cpp.hpp
-- Installing: /home/team/SoftwareDevelopment/shovel/install/messages/include/messages/msg/detail/button_state__type_support.cpp
-- Installing: /home/team/SoftwareDevelopment/shovel/install/messages/include/messages/msg/detail/linear_out__rosidl_typesupport_introspection_cpp.hpp
-- Installing: /home/team/SoftwareDevelopment/shovel/install/messages/include/messages/msg/detail/hat_state__rosidl_typesupport_introspection_cpp.hpp
-- Installing: /home/team/SoftwareDevelopment/shovel/install/messages/include/messages/msg/detail/key_state__type_support.cpp
-- Installing: /home/team/SoftwareDevelopment/shovel/install/messages/include/messages/msg/detail/zed_position__type_support.cpp
-- Installing: /home/team/SoftwareDevelopment/shovel/install/messages/lib/libmessages__rosidl_typesupport_introspection_cpp.so
-- Set runtime path of "/home/team/SoftwareDevelopment/shovel/install/messages/lib/libmessages__rosidl_typesupport_introspection_cpp.so" to ""
-- Installing: /home/team/SoftwareDevelopment/shovel/install/messages/lib/libmessages__rosidl_typesupport_cpp.so
-- Set runtime path of "/home/team/SoftwareDevelopment/shovel/install/messages/lib/libmessages__rosidl_typesupport_cpp.so" to ""
-- Installing: /home/team/SoftwareDevelopment/shovel/install/messages/share/messages/environment/pythonpath.sh
-- Installing: /home/team/SoftwareDevelopment/shovel/install/messages/share/messages/environment/pythonpath.dsv
-- Installing: /home/team/SoftwareDevelopment/shovel/install/messages/lib/python3.8/site-packages/messages/__init__.py
Compiling '/home/team/SoftwareDevelopment/shovel/install/messages/lib/python3.8/site-packages/messages/__init__.py'...
-- Installing: /home/team/SoftwareDevelopment/shovel/install/messages/lib/python3.8/site-packages/messages/msg
-- Installing: /home/team/SoftwareDevelopment/shovel/install/messages/lib/python3.8/site-packages/messages/msg/_linear_out.py
-- Installing: /home/team/SoftwareDevelopment/shovel/install/messages/lib/python3.8/site-packages/messages/msg/_talon_out_s.c
-- Installing: /home/team/SoftwareDevelopment/shovel/install/messages/lib/python3.8/site-packages/messages/msg/_key_state.py
-- Installing: /home/team/SoftwareDevelopment/shovel/install/messages/lib/python3.8/site-packages/messages/msg/__init__.py
-- Installing: /home/team/SoftwareDevelopment/shovel/install/messages/lib/python3.8/site-packages/messages/msg/_axis_state_s.c
-- Installing: /home/team/SoftwareDevelopment/shovel/install/messages/lib/python3.8/site-packages/messages/msg/_talon_out.py
-- Installing: /home/team/SoftwareDevelopment/shovel/install/messages/lib/python3.8/site-packages/messages/msg/_hat_state_s.c
-- Installing: /home/team/SoftwareDevelopment/shovel/install/messages/lib/python3.8/site-packages/messages/msg/_axis_state.py
-- Installing: /home/team/SoftwareDevelopment/shovel/install/messages/lib/python3.8/site-packages/messages/msg/_joystick_command_s.c
-- Installing: /home/team/SoftwareDevelopment/shovel/install/messages/lib/python3.8/site-packages/messages/msg/_linear_out_s.c
-- Installing: /home/team/SoftwareDevelopment/shovel/install/messages/lib/python3.8/site-packages/messages/msg/_button_state.py
-- Installing: /home/team/SoftwareDevelopment/shovel/install/messages/lib/python3.8/site-packages/messages/msg/_zed_position.py
-- Installing: /home/team/SoftwareDevelopment/shovel/install/messages/lib/python3.8/site-packages/messages/msg/_victor_out.py
-- Installing: /home/team/SoftwareDevelopment/shovel/install/messages/lib/python3.8/site-packages/messages/msg/_zed_position_s.c
-- Installing: /home/team/SoftwareDevelopment/shovel/install/messages/lib/python3.8/site-packages/messages/msg/_hat_state.py
-- Installing: /home/team/SoftwareDevelopment/shovel/install/messages/lib/python3.8/site-packages/messages/msg/_autonomy_out.py
-- Installing: /home/team/SoftwareDevelopment/shovel/install/messages/lib/python3.8/site-packages/messages/msg/_power_s.c
-- Installing: /home/team/SoftwareDevelopment/shovel/install/messages/lib/python3.8/site-packages/messages/msg/_key_state_s.c
-- Installing: /home/team/SoftwareDevelopment/shovel/install/messages/lib/python3.8/site-packages/messages/msg/_button_state_s.c
-- Installing: /home/team/SoftwareDevelopment/shovel/install/messages/lib/python3.8/site-packages/messages/msg/_camera.py
-- Installing: /home/team/SoftwareDevelopment/shovel/install/messages/lib/python3.8/site-packages/messages/msg/_joystick_command.py
-- Installing: /home/team/SoftwareDevelopment/shovel/install/messages/lib/python3.8/site-packages/messages/msg/_camera_s.c
-- Installing: /home/team/SoftwareDevelopment/shovel/install/messages/lib/python3.8/site-packages/messages/msg/_power.py
-- Installing: /home/team/SoftwareDevelopment/shovel/install/messages/lib/python3.8/site-packages/messages/msg/_victor_out_s.c
-- Installing: /home/team/SoftwareDevelopment/shovel/install/messages/lib/python3.8/site-packages/messages/msg/_autonomy_out_s.c
-- Installing: /home/team/SoftwareDevelopment/shovel/install/messages/lib/python3.8/site-packages/messages/messages_s__rosidl_typesupport_introspection_c.cpython-38-aarch64-linux-gnu.so
-- Set runtime path of "/home/team/SoftwareDevelopment/shovel/install/messages/lib/python3.8/site-packages/messages/messages_s__rosidl_typesupport_introspection_c.cpython-38-aarch64-linux-gnu.so" to ""
-- Installing: /home/team/SoftwareDevelopment/shovel/install/messages/lib/python3.8/site-packages/messages/messages_s__rosidl_typesupport_c.cpython-38-aarch64-linux-gnu.so
-- Set runtime path of "/home/team/SoftwareDevelopment/shovel/install/messages/lib/python3.8/site-packages/messages/messages_s__rosidl_typesupport_c.cpython-38-aarch64-linux-gnu.so" to ""
-- Installing: /home/team/SoftwareDevelopment/shovel/install/messages/lib/libmessages__python.so
-- Set runtime path of "/home/team/SoftwareDevelopment/shovel/install/messages/lib/libmessages__python.so" to ""
-- Installing: /home/team/SoftwareDevelopment/shovel/install/messages/share/messages/msg/AxisState.idl
-- Installing: /home/team/SoftwareDevelopment/shovel/install/messages/share/messages/msg/Camera.idl
-- Installing: /home/team/SoftwareDevelopment/shovel/install/messages/share/messages/msg/JoystickCommand.idl
-- Installing: /home/team/SoftwareDevelopment/shovel/install/messages/share/messages/msg/Power.idl
-- Installing: /home/team/SoftwareDevelopment/shovel/install/messages/share/messages/msg/VictorOut.idl
-- Installing: /home/team/SoftwareDevelopment/shovel/install/messages/share/messages/msg/ButtonState.idl
-- Installing: /home/team/SoftwareDevelopment/shovel/install/messages/share/messages/msg/HatState.idl
-- Installing: /home/team/SoftwareDevelopment/shovel/install/messages/share/messages/msg/KeyState.idl
-- Installing: /home/team/SoftwareDevelopment/shovel/install/messages/share/messages/msg/TalonOut.idl
-- Installing: /home/team/SoftwareDevelopment/shovel/install/messages/share/messages/msg/ZedPosition.idl
-- Installing: /home/team/SoftwareDevelopment/shovel/install/messages/share/messages/msg/LinearOut.idl
-- Installing: /home/team/SoftwareDevelopment/shovel/install/messages/share/messages/msg/AutonomyOut.idl
-- Installing: /home/team/SoftwareDevelopment/shovel/install/messages/share/messages/msg/AxisState.msg
-- Installing: /home/team/SoftwareDevelopment/shovel/install/messages/share/messages/msg/Camera.msg
-- Installing: /home/team/SoftwareDevelopment/shovel/install/messages/share/messages/msg/JoystickCommand.msg
-- Installing: /home/team/SoftwareDevelopment/shovel/install/messages/share/messages/msg/Power.msg
-- Installing: /home/team/SoftwareDevelopment/shovel/install/messages/share/messages/msg/VictorOut.msg
-- Installing: /home/team/SoftwareDevelopment/shovel/install/messages/share/messages/msg/ButtonState.msg
-- Installing: /home/team/SoftwareDevelopment/shovel/install/messages/share/messages/msg/HatState.msg
-- Installing: /home/team/SoftwareDevelopment/shovel/install/messages/share/messages/msg/KeyState.msg
-- Installing: /home/team/SoftwareDevelopment/shovel/install/messages/share/messages/msg/TalonOut.msg
-- Installing: /home/team/SoftwareDevelopment/shovel/install/messages/share/messages/msg/ZedPosition.msg
-- Installing: /home/team/SoftwareDevelopment/shovel/install/messages/share/messages/msg/LinearOut.msg
-- Installing: /home/team/SoftwareDevelopment/shovel/install/messages/share/messages/msg/AutonomyOut.msg
-- Installing: /home/team/SoftwareDevelopment/shovel/install/messages/share/ament_index/resource_index/package_run_dependencies/messages
-- Installing: /home/team/SoftwareDevelopment/shovel/install/messages/share/ament_index/resource_index/parent_prefix_path/messages
-- Installing: /home/team/SoftwareDevelopment/shovel/install/messages/share/messages/environment/ament_prefix_path.sh
-- Installing: /home/team/SoftwareDevelopment/shovel/install/messages/share/messages/environment/ament_prefix_path.dsv
-- Installing: /home/team/SoftwareDevelopment/shovel/install/messages/share/messages/environment/path.sh
-- Installing: /home/team/SoftwareDevelopment/shovel/install/messages/share/messages/environment/path.dsv
-- Installing: /home/team/SoftwareDevelopment/shovel/install/messages/share/messages/local_setup.bash
-- Installing: /home/team/SoftwareDevelopment/shovel/install/messages/share/messages/local_setup.sh
-- Installing: /home/team/SoftwareDevelopment/shovel/install/messages/share/messages/local_setup.zsh
-- Installing: /home/team/SoftwareDevelopment/shovel/install/messages/share/messages/local_setup.dsv
-- Installing: /home/team/SoftwareDevelopment/shovel/install/messages/share/messages/package.dsv
-- Installing: /home/team/SoftwareDevelopment/shovel/install/messages/share/ament_index/resource_index/packages/messages
-- Installing: /home/team/SoftwareDevelopment/shovel/install/messages/share/messages/cmake/messages__rosidl_generator_cExport.cmake
-- Installing: /home/team/SoftwareDevelopment/shovel/install/messages/share/messages/cmake/messages__rosidl_generator_cExport-noconfig.cmake
-- Installing: /home/team/SoftwareDevelopment/shovel/install/messages/share/messages/cmake/messages__rosidl_typesupport_introspection_cExport.cmake
-- Installing: /home/team/SoftwareDevelopment/shovel/install/messages/share/messages/cmake/messages__rosidl_typesupport_introspection_cExport-noconfig.cmake
-- Installing: /home/team/SoftwareDevelopment/shovel/install/messages/share/messages/cmake/messages__rosidl_typesupport_cExport.cmake
-- Installing: /home/team/SoftwareDevelopment/shovel/install/messages/share/messages/cmake/messages__rosidl_typesupport_cExport-noconfig.cmake
-- Installing: /home/team/SoftwareDevelopment/shovel/install/messages/share/messages/cmake/messages__rosidl_generator_cppExport.cmake
-- Installing: /home/team/SoftwareDevelopment/shovel/install/messages/share/messages/cmake/messages__rosidl_typesupport_introspection_cppExport.cmake
-- Installing: /home/team/SoftwareDevelopment/shovel/install/messages/share/messages/cmake/messages__rosidl_typesupport_introspection_cppExport-noconfig.cmake
-- Installing: /home/team/SoftwareDevelopment/shovel/install/messages/share/messages/cmake/messages__rosidl_typesupport_cppExport.cmake
-- Installing: /home/team/SoftwareDevelopment/shovel/install/messages/share/messages/cmake/messages__rosidl_typesupport_cppExport-noconfig.cmake
-- Installing: /home/team/SoftwareDevelopment/shovel/install/messages/share/messages/cmake/rosidl_cmake-extras.cmake
-- Installing: /home/team/SoftwareDevelopment/shovel/install/messages/share/messages/cmake/ament_cmake_export_dependencies-extras.cmake
-- Installing: /home/team/SoftwareDevelopment/shovel/install/messages/share/messages/cmake/ament_cmake_export_libraries-extras.cmake
-- Installing: /home/team/SoftwareDevelopment/shovel/install/messages/share/messages/cmake/ament_cmake_export_targets-extras.cmake
-- Installing: /home/team/SoftwareDevelopment/shovel/install/messages/share/messages/cmake/ament_cmake_export_include_directories-extras.cmake
-- Installing: /home/team/SoftwareDevelopment/shovel/install/messages/share/messages/cmake/rosidl_cmake_export_typesupport_targets-extras.cmake
-- Installing: /home/team/SoftwareDevelopment/shovel/install/messages/share/messages/cmake/messagesConfig.cmake
-- Installing: /home/team/SoftwareDevelopment/shovel/install/messages/share/messages/cmake/messagesConfig-version.cmake
-- Installing: /home/team/SoftwareDevelopment/shovel/install/messages/share/messages/package.xml
