-- The C compiler identification is GNU 9.4.0
-- The CXX compiler identification is GNU 9.4.0
-- Check for working C compiler: /usr/bin/cc
-- Check for working C compiler: /usr/bin/cc -- works
-- Detecting C compiler ABI info
-- Detecting C compiler ABI info - done
-- Detecting C compile features
-- Detecting C compile features - done
-- Check for working CXX compiler: /usr/bin/c++
-- Check for working CXX compiler: /usr/bin/c++ -- works
-- Detecting CXX compiler ABI info
-- Detecting CXX compiler ABI info - done
-- Detecting CXX compile features
-- Detecting CXX compile features - done
-- Found ament_cmake: 1.1.6 (/opt/ros/galactic/share/ament_cmake/cmake)
-- Found PythonInterp: /usr/bin/python3 (found suitable version "3.8.10", minimum required is "3") 
-- Using PYTHON_EXECUTABLE: /usr/bin/python3
-- Found rclcpp: 9.2.2 (/opt/ros/galactic/share/rclcpp/cmake)
-- Using single rosidl_typesupport_c: rosidl_typesupport_introspection_c
-- Found rosidl_adapter: 2.2.3 (/opt/ros/galactic/share/rosidl_adapter/cmake)
-- Using single rosidl_typesupport_cpp: rosidl_typesupport_introspection_cpp
-- Found rmw_implementation_cmake: 3.3.1 (/opt/ros/galactic/share/rmw_implementation_cmake/cmake)
-- Found rmw_cyclonedds_cpp: 0.22.6 (/opt/ros/galactic/share/rmw_cyclonedds_cpp/cmake)
-- Using RMW implementation 'rmw_cyclonedds_cpp' as default
-- Looking for pthread.h
-- Looking for pthread.h - found
-- Performing Test CMAKE_HAVE_LIBC_PTHREAD
-- Performing Test CMAKE_HAVE_LIBC_PTHREAD - Failed
-- Looking for pthread_create in pthreads
-- Looking for pthread_create in pthreads - not found
-- Looking for pthread_create in pthread
-- Looking for pthread_create in pthread - found
-- Found Threads: TRUE  
-- Found messages: 0.0.0 (/home/team/SoftwareDevelopment/shovel/install/messages/share/messages/cmake)
-- Configuring done
-- Generating done
-- Build files have been written to: /home/team/SoftwareDevelopment/shovel/build/excavation
[35m[1mScanning dependencies of target excavation_node[0m
[ 50%] [32mBuilding CXX object CMakeFiles/excavation_node.dir/src/excavation_node.cpp.o[0m
[01m[K/home/team/SoftwareDevelopment/shovel/src/excavation/src/excavation_node.cpp:[m[K In function ‘[01m[Kvoid setSpeeds()[m[K’:
[01m[K/home/team/SoftwareDevelopment/shovel/src/excavation/src/excavation_node.cpp:165:30:[m[K [01;31m[Kerror: [m[Ktoo many arguments to function ‘[01m[Kvoid sync()[m[K’
  165 |         sync(linear1, linear2[01;31m[K)[m[K;
      |                              [01;31m[K^[m[K
[01m[K/home/team/SoftwareDevelopment/shovel/src/excavation/src/excavation_node.cpp:113:6:[m[K [01;36m[Knote: [m[Kdeclared here
  113 | void [01;36m[Ksync[m[K(){
      |      [01;36m[K^~~~[m[K
[01m[K/home/team/SoftwareDevelopment/shovel/src/excavation/src/excavation_node.cpp:[m[K At global scope:
[01m[K/home/team/SoftwareDevelopment/shovel/src/excavation/src/excavation_node.cpp:595:46:[m[K [01;31m[Kerror: [m[K‘[01m[KEmpty[m[K’ in namespace ‘[01m[Kstd_msgs::msg[m[K’ does not name a type
  595 | void sensorlessCallback(const std_msgs::msg::[01;31m[KEmpty[m[K::SharedPtr empty){
      |                                              [01;31m[K^~~~~[m[K
[01m[K/home/team/SoftwareDevelopment/shovel/src/excavation/src/excavation_node.cpp:595:63:[m[K [01;31m[Kerror: [m[Kexpected unqualified-id before ‘[01m[Kempty[m[K’
  595 | void sensorlessCallback(const std_msgs::msg::Empty::SharedPtr [01;31m[Kempty[m[K){
      |                                                               [01;31m[K^~~~~[m[K
[01m[K/home/team/SoftwareDevelopment/shovel/src/excavation/src/excavation_node.cpp:595:62:[m[K [01;31m[Kerror: [m[Kexpected ‘[01m[K)[m[K’ before ‘[01m[Kempty[m[K’
  595 | void sensorlessCallback[34m[K([m[Kconst std_msgs::msg::Empty::SharedPtr[01;31m[K [m[K[32m[Kempty[m[K){
      |                        [34m[K~[m[K                                     [01;31m[K^[m[K[32m[K~~~~~[m[K
      |                                                              [32m[K)[m[K
[01m[K/home/team/SoftwareDevelopment/shovel/src/excavation/src/excavation_node.cpp:595:63:[m[K [01;31m[Kerror: [m[Kexpected initializer before ‘[01m[Kempty[m[K’
  595 | void sensorlessCallback(const std_msgs::msg::Empty::SharedPtr [01;31m[Kempty[m[K){
      |                                                               [01;31m[K^~~~~[m[K
[01m[K/home/team/SoftwareDevelopment/shovel/src/excavation/src/excavation_node.cpp:[m[K In function ‘[01m[Kint main(int, char**)[m[K’:
[01m[K/home/team/SoftwareDevelopment/shovel/src/excavation/src/excavation_node.cpp:605:80:[m[K [01;31m[Kerror: [m[K‘[01m[KEmpty[m[K’ is not a member of ‘[01m[Kstd_msgs::msg[m[K’; did you mean ‘[01m[Krclcpp::Empty[m[K’?
  605 |     auto sensorlessSubscriber = nodeHandle->create_subscription<std_msgs::msg::[01;31m[KEmpty[m[K>("sensorless",1,sensorlessCallback);
      |                                                                                [01;31m[K^~~~~[m[K
In file included from [01m[K/opt/ros/galactic/include/rclcpp/wait_result.hpp:25[m[K,
                 from [01m[K/opt/ros/galactic/include/rclcpp/wait_set_policies/sequential_synchronization.hpp:32[m[K,
                 from [01m[K/opt/ros/galactic/include/rclcpp/wait_set.hpp:26[m[K,
                 from [01m[K/opt/ros/galactic/include/rclcpp/rclcpp.hpp:169[m[K,
                 from [01m[K/home/team/SoftwareDevelopment/shovel/src/excavation/src/excavation_node.cpp:3[m[K:
[01m[K/opt/ros/galactic/include/rclcpp/wait_result_kind.hpp:28:3:[m[K [01;36m[Knote: [m[K‘[01m[Krclcpp::Empty[m[K’ declared here
   28 |   [01;36m[KEmpty[m[K,  //<! Kind used when trying to wait on an empty wait set.
      |   [01;36m[K^~~~~[m[K
[01m[K/home/team/SoftwareDevelopment/shovel/src/excavation/src/excavation_node.cpp:605:102:[m[K [01;31m[Kerror: [m[K‘[01m[KsensorlessCallback[m[K’ was not declared in this scope
  605 |     auto sensorlessSubscriber = nodeHandle->create_subscription<std_msgs::msg::Empty>("sensorless",1,[01;31m[KsensorlessCallback[m[K);
      |                                                                                                      [01;31m[K^~~~~~~~~~~~~~~~~~[m[K
make[2]: *** [CMakeFiles/excavation_node.dir/build.make:63: CMakeFiles/excavation_node.dir/src/excavation_node.cpp.o] Error 1
make[1]: *** [CMakeFiles/Makefile2:78: CMakeFiles/excavation_node.dir/all] Error 2
make: *** [Makefile:141: all] Error 2
