[0.091s] Invoking command in '/home/team/SoftwareDevelopment/shovel/build/power_distribution_panel': AMENT_PREFIX_PATH=/home/team/SoftwareDevelopment/shovel/install/messages:${AMENT_PREFIX_PATH} CMAKE_PREFIX_PATH=/home/team/SoftwareDevelopment/shovel/install/messages:/opt/ros/galactic LD_LIBRARY_PATH=/home/team/SoftwareDevelopment/shovel/install/messages/lib:/opt/ros/galactic/opt/yaml_cpp_vendor/lib:/opt/ros/galactic/lib/aarch64-linux-gnu:/opt/ros/galactic/lib:/usr/local/cuda-11.4/lib64 PYTHONPATH=/home/team/SoftwareDevelopment/shovel/install/messages/lib/python3.8/site-packages:${PYTHONPATH} /usr/bin/cmake --build /home/team/SoftwareDevelopment/shovel/build/power_distribution_panel -- -j6 -l6
[0.284s] [100%] Built target power_distribution_panel_node
[0.323s] Invoked command in '/home/team/SoftwareDevelopment/shovel/build/power_distribution_panel' returned '0': AMENT_PREFIX_PATH=/home/team/SoftwareDevelopment/shovel/install/messages:${AMENT_PREFIX_PATH} CMAKE_PREFIX_PATH=/home/team/SoftwareDevelopment/shovel/install/messages:/opt/ros/galactic LD_LIBRARY_PATH=/home/team/SoftwareDevelopment/shovel/install/messages/lib:/opt/ros/galactic/opt/yaml_cpp_vendor/lib:/opt/ros/galactic/lib/aarch64-linux-gnu:/opt/ros/galactic/lib:/usr/local/cuda-11.4/lib64 PYTHONPATH=/home/team/SoftwareDevelopment/shovel/install/messages/lib/python3.8/site-packages:${PYTHONPATH} /usr/bin/cmake --build /home/team/SoftwareDevelopment/shovel/build/power_distribution_panel -- -j6 -l6
[0.459s] Invoking command in '/home/team/SoftwareDevelopment/shovel/build/power_distribution_panel': AMENT_PREFIX_PATH=/home/team/SoftwareDevelopment/shovel/install/messages:${AMENT_PREFIX_PATH} CMAKE_PREFIX_PATH=/home/team/SoftwareDevelopment/shovel/install/messages:/opt/ros/galactic LD_LIBRARY_PATH=/home/team/SoftwareDevelopment/shovel/install/messages/lib:/opt/ros/galactic/opt/yaml_cpp_vendor/lib:/opt/ros/galactic/lib/aarch64-linux-gnu:/opt/ros/galactic/lib:/usr/local/cuda-11.4/lib64 PYTHONPATH=/home/team/SoftwareDevelopment/shovel/install/messages/lib/python3.8/site-packages:${PYTHONPATH} /usr/bin/cmake --install /home/team/SoftwareDevelopment/shovel/build/power_distribution_panel
[0.487s] -- Install configuration: ""
[0.487s] -- Up-to-date: /home/team/SoftwareDevelopment/shovel/install/power_distribution_panel/lib/power_distribution_panel/power_distribution_panel_node
[0.488s] -- Up-to-date: /home/team/SoftwareDevelopment/shovel/install/power_distribution_panel/share/ament_index/resource_index/package_run_dependencies/power_distribution_panel
[0.488s] -- Up-to-date: /home/team/SoftwareDevelopment/shovel/install/power_distribution_panel/share/ament_index/resource_index/parent_prefix_path/power_distribution_panel
[0.488s] -- Up-to-date: /home/team/SoftwareDevelopment/shovel/install/power_distribution_panel/share/power_distribution_panel/environment/ament_prefix_path.sh
[0.488s] -- Up-to-date: /home/team/SoftwareDevelopment/shovel/install/power_distribution_panel/share/power_distribution_panel/environment/ament_prefix_path.dsv
[0.488s] -- Up-to-date: /home/team/SoftwareDevelopment/shovel/install/power_distribution_panel/share/power_distribution_panel/environment/path.sh
[0.488s] -- Up-to-date: /home/team/SoftwareDevelopment/shovel/install/power_distribution_panel/share/power_distribution_panel/environment/path.dsv
[0.488s] -- Up-to-date: /home/team/SoftwareDevelopment/shovel/install/power_distribution_panel/share/power_distribution_panel/local_setup.bash
[0.488s] -- Up-to-date: /home/team/SoftwareDevelopment/shovel/install/power_distribution_panel/share/power_distribution_panel/local_setup.sh
[0.489s] -- Up-to-date: /home/team/SoftwareDevelopment/shovel/install/power_distribution_panel/share/power_distribution_panel/local_setup.zsh
[0.489s] -- Up-to-date: /home/team/SoftwareDevelopment/shovel/install/power_distribution_panel/share/power_distribution_panel/local_setup.dsv
[0.489s] -- Installing: /home/team/SoftwareDevelopment/shovel/install/power_distribution_panel/share/power_distribution_panel/package.dsv
[0.490s] -- Up-to-date: /home/team/SoftwareDevelopment/shovel/install/power_distribution_panel/share/ament_index/resource_index/packages/power_distribution_panel
[0.491s] -- Up-to-date: /home/team/SoftwareDevelopment/shovel/install/power_distribution_panel/share/power_distribution_panel/cmake/power_distribution_panelConfig.cmake
[0.491s] -- Up-to-date: /home/team/SoftwareDevelopment/shovel/install/power_distribution_panel/share/power_distribution_panel/cmake/power_distribution_panelConfig-version.cmake
[0.491s] -- Up-to-date: /home/team/SoftwareDevelopment/shovel/install/power_distribution_panel/share/power_distribution_panel/package.xml
[0.540s] Invoked command in '/home/team/SoftwareDevelopment/shovel/build/power_distribution_panel' returned '0': AMENT_PREFIX_PATH=/home/team/SoftwareDevelopment/shovel/install/messages:${AMENT_PREFIX_PATH} CMAKE_PREFIX_PATH=/home/team/SoftwareDevelopment/shovel/install/messages:/opt/ros/galactic LD_LIBRARY_PATH=/home/team/SoftwareDevelopment/shovel/install/messages/lib:/opt/ros/galactic/opt/yaml_cpp_vendor/lib:/opt/ros/galactic/lib/aarch64-linux-gnu:/opt/ros/galactic/lib:/usr/local/cuda-11.4/lib64 PYTHONPATH=/home/team/SoftwareDevelopment/shovel/install/messages/lib/python3.8/site-packages:${PYTHONPATH} /usr/bin/cmake --install /home/team/SoftwareDevelopment/shovel/build/power_distribution_panel
