[0.366s] DEBUG:colcon:Command line arguments: ['/usr/bin/colcon', 'build', '--packages-select', 'excavation']
[0.366s] DEBUG:colcon:Parsed command line arguments: Namespace(allow_overriding=[], ament_cmake_args=None, base_paths=['.'], build_base='build', catkin_cmake_args=None, catkin_skip_building_tests=False, cmake_args=None, cmake_clean_cache=False, cmake_clean_first=False, cmake_force_configure=False, cmake_target=None, cmake_target_skip_unavailable=False, continue_on_error=False, event_handlers=None, executor='parallel', ignore_user_meta=False, install_base='install', log_base=None, log_level=None, main=<bound method BuildVerb.main of <colcon_core.verb.build.BuildVerb object at 0xffff8117a910>>, merge_install=False, metas=['./colcon.meta'], packages_above=None, packages_above_and_dependencies=None, packages_above_depth=None, packages_end=None, packages_ignore=None, packages_ignore_regex=None, packages_select=['excavation'], packages_select_build_failed=False, packages_select_by_dep=None, packages_select_regex=None, packages_select_test_failures=False, packages_skip=None, packages_skip_build_finished=False, packages_skip_by_dep=None, packages_skip_regex=None, packages_skip_test_passed=False, packages_skip_up_to=None, packages_start=None, packages_up_to=None, packages_up_to_regex=None, parallel_workers=6, paths=None, symlink_install=False, test_result_base=None, verb_extension=<colcon_core.verb.build.BuildVerb object at 0xffff8117a910>, verb_name='build', verb_parser=<colcon_defaults.argument_parser.defaults.DefaultArgumentsDecorator object at 0xffff810553d0>)
[0.646s] Level 1:colcon.colcon_core.package_discovery:discover_packages(colcon_meta) check parameters
[0.646s] Level 1:colcon.colcon_core.package_discovery:discover_packages(recursive) check parameters
[0.646s] Level 1:colcon.colcon_core.package_discovery:discover_packages(ignore) check parameters
[0.646s] Level 1:colcon.colcon_core.package_discovery:discover_packages(path) check parameters
[0.647s] Level 1:colcon.colcon_core.package_discovery:discover_packages(colcon_meta) discover
[0.647s] Level 1:colcon.colcon_core.package_discovery:discover_packages(recursive) discover
[0.647s] INFO:colcon.colcon_core.package_discovery:Crawling recursively for packages in '/home/team/SoftwareDevelopment/shovel'
[0.647s] Level 1:colcon.colcon_core.package_identification:_identify(.) by extensions ['ignore', 'ignore_ament_install']
[0.647s] Level 1:colcon.colcon_core.package_identification:_identify(.) by extension 'ignore'
[0.647s] Level 1:colcon.colcon_core.package_identification:_identify(.) by extension 'ignore_ament_install'
[0.648s] Level 1:colcon.colcon_core.package_identification:_identify(.) by extensions ['colcon_pkg']
[0.648s] Level 1:colcon.colcon_core.package_identification:_identify(.) by extension 'colcon_pkg'
[0.648s] Level 1:colcon.colcon_core.package_identification:_identify(.) by extensions ['colcon_meta']
[0.648s] Level 1:colcon.colcon_core.package_identification:_identify(.) by extension 'colcon_meta'
[0.648s] Level 1:colcon.colcon_core.package_identification:_identify(.) by extensions ['ros']
[0.648s] Level 1:colcon.colcon_core.package_identification:_identify(.) by extension 'ros'
[0.669s] Level 1:colcon.colcon_core.package_identification:_identify(.) by extensions ['cmake', 'python']
[0.669s] Level 1:colcon.colcon_core.package_identification:_identify(.) by extension 'cmake'
[0.670s] Level 1:colcon.colcon_core.package_identification:_identify(.) by extension 'python'
[0.670s] Level 1:colcon.colcon_core.package_identification:_identify(.) by extensions ['python_setup_py']
[0.670s] Level 1:colcon.colcon_core.package_identification:_identify(.) by extension 'python_setup_py'
[0.670s] Level 1:colcon.colcon_core.package_identification:_identify(build) by extensions ['ignore', 'ignore_ament_install']
[0.670s] Level 1:colcon.colcon_core.package_identification:_identify(build) by extension 'ignore'
[0.670s] Level 1:colcon.colcon_core.package_identification:_identify(build) ignored
[0.671s] Level 1:colcon.colcon_core.package_identification:_identify(install) by extensions ['ignore', 'ignore_ament_install']
[0.671s] Level 1:colcon.colcon_core.package_identification:_identify(install) by extension 'ignore'
[0.671s] Level 1:colcon.colcon_core.package_identification:_identify(install) ignored
[0.671s] Level 1:colcon.colcon_core.package_identification:_identify(launch) by extensions ['ignore', 'ignore_ament_install']
[0.671s] Level 1:colcon.colcon_core.package_identification:_identify(launch) by extension 'ignore'
[0.671s] Level 1:colcon.colcon_core.package_identification:_identify(launch) by extension 'ignore_ament_install'
[0.672s] Level 1:colcon.colcon_core.package_identification:_identify(launch) by extensions ['colcon_pkg']
[0.672s] Level 1:colcon.colcon_core.package_identification:_identify(launch) by extension 'colcon_pkg'
[0.672s] Level 1:colcon.colcon_core.package_identification:_identify(launch) by extensions ['colcon_meta']
[0.672s] Level 1:colcon.colcon_core.package_identification:_identify(launch) by extension 'colcon_meta'
[0.672s] Level 1:colcon.colcon_core.package_identification:_identify(launch) by extensions ['ros']
[0.672s] Level 1:colcon.colcon_core.package_identification:_identify(launch) by extension 'ros'
[0.672s] Level 1:colcon.colcon_core.package_identification:_identify(launch) by extensions ['cmake', 'python']
[0.672s] Level 1:colcon.colcon_core.package_identification:_identify(launch) by extension 'cmake'
[0.672s] Level 1:colcon.colcon_core.package_identification:_identify(launch) by extension 'python'
[0.672s] Level 1:colcon.colcon_core.package_identification:_identify(launch) by extensions ['python_setup_py']
[0.673s] Level 1:colcon.colcon_core.package_identification:_identify(launch) by extension 'python_setup_py'
[0.673s] Level 1:colcon.colcon_core.package_identification:_identify(launch/__pycache__) by extensions ['ignore', 'ignore_ament_install']
[0.673s] Level 1:colcon.colcon_core.package_identification:_identify(launch/__pycache__) by extension 'ignore'
[0.673s] Level 1:colcon.colcon_core.package_identification:_identify(launch/__pycache__) by extension 'ignore_ament_install'
[0.673s] Level 1:colcon.colcon_core.package_identification:_identify(launch/__pycache__) by extensions ['colcon_pkg']
[0.673s] Level 1:colcon.colcon_core.package_identification:_identify(launch/__pycache__) by extension 'colcon_pkg'
[0.673s] Level 1:colcon.colcon_core.package_identification:_identify(launch/__pycache__) by extensions ['colcon_meta']
[0.673s] Level 1:colcon.colcon_core.package_identification:_identify(launch/__pycache__) by extension 'colcon_meta'
[0.673s] Level 1:colcon.colcon_core.package_identification:_identify(launch/__pycache__) by extensions ['ros']
[0.674s] Level 1:colcon.colcon_core.package_identification:_identify(launch/__pycache__) by extension 'ros'
[0.674s] Level 1:colcon.colcon_core.package_identification:_identify(launch/__pycache__) by extensions ['cmake', 'python']
[0.674s] Level 1:colcon.colcon_core.package_identification:_identify(launch/__pycache__) by extension 'cmake'
[0.674s] Level 1:colcon.colcon_core.package_identification:_identify(launch/__pycache__) by extension 'python'
[0.674s] Level 1:colcon.colcon_core.package_identification:_identify(launch/__pycache__) by extensions ['python_setup_py']
[0.674s] Level 1:colcon.colcon_core.package_identification:_identify(launch/__pycache__) by extension 'python_setup_py'
[0.674s] Level 1:colcon.colcon_core.package_identification:_identify(log) by extensions ['ignore', 'ignore_ament_install']
[0.674s] Level 1:colcon.colcon_core.package_identification:_identify(log) by extension 'ignore'
[0.674s] Level 1:colcon.colcon_core.package_identification:_identify(log) ignored
[0.675s] Level 1:colcon.colcon_core.package_identification:_identify(src) by extensions ['ignore', 'ignore_ament_install']
[0.675s] Level 1:colcon.colcon_core.package_identification:_identify(src) by extension 'ignore'
[0.675s] Level 1:colcon.colcon_core.package_identification:_identify(src) by extension 'ignore_ament_install'
[0.675s] Level 1:colcon.colcon_core.package_identification:_identify(src) by extensions ['colcon_pkg']
[0.675s] Level 1:colcon.colcon_core.package_identification:_identify(src) by extension 'colcon_pkg'
[0.675s] Level 1:colcon.colcon_core.package_identification:_identify(src) by extensions ['colcon_meta']
[0.675s] Level 1:colcon.colcon_core.package_identification:_identify(src) by extension 'colcon_meta'
[0.675s] Level 1:colcon.colcon_core.package_identification:_identify(src) by extensions ['ros']
[0.675s] Level 1:colcon.colcon_core.package_identification:_identify(src) by extension 'ros'
[0.676s] Level 1:colcon.colcon_core.package_identification:_identify(src) by extensions ['cmake', 'python']
[0.676s] Level 1:colcon.colcon_core.package_identification:_identify(src) by extension 'cmake'
[0.676s] Level 1:colcon.colcon_core.package_identification:_identify(src) by extension 'python'
[0.676s] Level 1:colcon.colcon_core.package_identification:_identify(src) by extensions ['python_setup_py']
[0.676s] Level 1:colcon.colcon_core.package_identification:_identify(src) by extension 'python_setup_py'
[0.676s] Level 1:colcon.colcon_core.package_identification:_identify(src/communication2) by extensions ['ignore', 'ignore_ament_install']
[0.676s] Level 1:colcon.colcon_core.package_identification:_identify(src/communication2) by extension 'ignore'
[0.676s] Level 1:colcon.colcon_core.package_identification:_identify(src/communication2) by extension 'ignore_ament_install'
[0.677s] Level 1:colcon.colcon_core.package_identification:_identify(src/communication2) by extensions ['colcon_pkg']
[0.677s] Level 1:colcon.colcon_core.package_identification:_identify(src/communication2) by extension 'colcon_pkg'
[0.677s] Level 1:colcon.colcon_core.package_identification:_identify(src/communication2) by extensions ['colcon_meta']
[0.677s] Level 1:colcon.colcon_core.package_identification:_identify(src/communication2) by extension 'colcon_meta'
[0.677s] Level 1:colcon.colcon_core.package_identification:_identify(src/communication2) by extensions ['ros']
[0.677s] Level 1:colcon.colcon_core.package_identification:_identify(src/communication2) by extension 'ros'
[0.682s] DEBUG:colcon.colcon_core.package_identification:Package 'src/communication2' with type 'ros.ament_cmake' and name 'communication2'
[0.682s] Level 1:colcon.colcon_core.package_identification:_identify(src/excavation) by extensions ['ignore', 'ignore_ament_install']
[0.682s] Level 1:colcon.colcon_core.package_identification:_identify(src/excavation) by extension 'ignore'
[0.683s] Level 1:colcon.colcon_core.package_identification:_identify(src/excavation) by extension 'ignore_ament_install'
[0.683s] Level 1:colcon.colcon_core.package_identification:_identify(src/excavation) by extensions ['colcon_pkg']
[0.683s] Level 1:colcon.colcon_core.package_identification:_identify(src/excavation) by extension 'colcon_pkg'
[0.683s] Level 1:colcon.colcon_core.package_identification:_identify(src/excavation) by extensions ['colcon_meta']
[0.683s] Level 1:colcon.colcon_core.package_identification:_identify(src/excavation) by extension 'colcon_meta'
[0.683s] Level 1:colcon.colcon_core.package_identification:_identify(src/excavation) by extensions ['ros']
[0.683s] Level 1:colcon.colcon_core.package_identification:_identify(src/excavation) by extension 'ros'
[0.684s] DEBUG:colcon.colcon_core.package_identification:Package 'src/excavation' with type 'ros.ament_cmake' and name 'excavation'
[0.685s] Level 1:colcon.colcon_core.package_identification:_identify(src/falcon) by extensions ['ignore', 'ignore_ament_install']
[0.685s] Level 1:colcon.colcon_core.package_identification:_identify(src/falcon) by extension 'ignore'
[0.685s] Level 1:colcon.colcon_core.package_identification:_identify(src/falcon) by extension 'ignore_ament_install'
[0.685s] Level 1:colcon.colcon_core.package_identification:_identify(src/falcon) by extensions ['colcon_pkg']
[0.685s] Level 1:colcon.colcon_core.package_identification:_identify(src/falcon) by extension 'colcon_pkg'
[0.685s] Level 1:colcon.colcon_core.package_identification:_identify(src/falcon) by extensions ['colcon_meta']
[0.685s] Level 1:colcon.colcon_core.package_identification:_identify(src/falcon) by extension 'colcon_meta'
[0.685s] Level 1:colcon.colcon_core.package_identification:_identify(src/falcon) by extensions ['ros']
[0.686s] Level 1:colcon.colcon_core.package_identification:_identify(src/falcon) by extension 'ros'
[0.687s] DEBUG:colcon.colcon_core.package_identification:Package 'src/falcon' with type 'ros.ament_cmake' and name 'falcon'
[0.687s] Level 1:colcon.colcon_core.package_identification:_identify(src/logic) by extensions ['ignore', 'ignore_ament_install']
[0.687s] Level 1:colcon.colcon_core.package_identification:_identify(src/logic) by extension 'ignore'
[0.687s] Level 1:colcon.colcon_core.package_identification:_identify(src/logic) by extension 'ignore_ament_install'
[0.687s] Level 1:colcon.colcon_core.package_identification:_identify(src/logic) by extensions ['colcon_pkg']
[0.687s] Level 1:colcon.colcon_core.package_identification:_identify(src/logic) by extension 'colcon_pkg'
[0.687s] Level 1:colcon.colcon_core.package_identification:_identify(src/logic) by extensions ['colcon_meta']
[0.687s] Level 1:colcon.colcon_core.package_identification:_identify(src/logic) by extension 'colcon_meta'
[0.688s] Level 1:colcon.colcon_core.package_identification:_identify(src/logic) by extensions ['ros']
[0.688s] Level 1:colcon.colcon_core.package_identification:_identify(src/logic) by extension 'ros'
[0.689s] DEBUG:colcon.colcon_core.package_identification:Package 'src/logic' with type 'ros.ament_cmake' and name 'logic'
[0.689s] Level 1:colcon.colcon_core.package_identification:_identify(src/messages) by extensions ['ignore', 'ignore_ament_install']
[0.689s] Level 1:colcon.colcon_core.package_identification:_identify(src/messages) by extension 'ignore'
[0.690s] Level 1:colcon.colcon_core.package_identification:_identify(src/messages) by extension 'ignore_ament_install'
[0.690s] Level 1:colcon.colcon_core.package_identification:_identify(src/messages) by extensions ['colcon_pkg']
[0.690s] Level 1:colcon.colcon_core.package_identification:_identify(src/messages) by extension 'colcon_pkg'
[0.690s] Level 1:colcon.colcon_core.package_identification:_identify(src/messages) by extensions ['colcon_meta']
[0.690s] Level 1:colcon.colcon_core.package_identification:_identify(src/messages) by extension 'colcon_meta'
[0.690s] Level 1:colcon.colcon_core.package_identification:_identify(src/messages) by extensions ['ros']
[0.690s] Level 1:colcon.colcon_core.package_identification:_identify(src/messages) by extension 'ros'
[0.691s] DEBUG:colcon.colcon_core.package_identification:Package 'src/messages' with type 'ros.ament_cmake' and name 'messages'
[0.691s] Level 1:colcon.colcon_core.package_identification:_identify(src/power_distribution_panel) by extensions ['ignore', 'ignore_ament_install']
[0.692s] Level 1:colcon.colcon_core.package_identification:_identify(src/power_distribution_panel) by extension 'ignore'
[0.692s] Level 1:colcon.colcon_core.package_identification:_identify(src/power_distribution_panel) by extension 'ignore_ament_install'
[0.692s] Level 1:colcon.colcon_core.package_identification:_identify(src/power_distribution_panel) by extensions ['colcon_pkg']
[0.692s] Level 1:colcon.colcon_core.package_identification:_identify(src/power_distribution_panel) by extension 'colcon_pkg'
[0.692s] Level 1:colcon.colcon_core.package_identification:_identify(src/power_distribution_panel) by extensions ['colcon_meta']
[0.692s] Level 1:colcon.colcon_core.package_identification:_identify(src/power_distribution_panel) by extension 'colcon_meta'
[0.692s] Level 1:colcon.colcon_core.package_identification:_identify(src/power_distribution_panel) by extensions ['ros']
[0.692s] Level 1:colcon.colcon_core.package_identification:_identify(src/power_distribution_panel) by extension 'ros'
[0.693s] DEBUG:colcon.colcon_core.package_identification:Package 'src/power_distribution_panel' with type 'ros.ament_cmake' and name 'power_distribution_panel'
[0.694s] Level 1:colcon.colcon_core.package_identification:_identify(src/talon) by extensions ['ignore', 'ignore_ament_install']
[0.694s] Level 1:colcon.colcon_core.package_identification:_identify(src/talon) by extension 'ignore'
[0.694s] Level 1:colcon.colcon_core.package_identification:_identify(src/talon) by extension 'ignore_ament_install'
[0.694s] Level 1:colcon.colcon_core.package_identification:_identify(src/talon) by extensions ['colcon_pkg']
[0.694s] Level 1:colcon.colcon_core.package_identification:_identify(src/talon) by extension 'colcon_pkg'
[0.694s] Level 1:colcon.colcon_core.package_identification:_identify(src/talon) by extensions ['colcon_meta']
[0.694s] Level 1:colcon.colcon_core.package_identification:_identify(src/talon) by extension 'colcon_meta'
[0.694s] Level 1:colcon.colcon_core.package_identification:_identify(src/talon) by extensions ['ros']
[0.695s] Level 1:colcon.colcon_core.package_identification:_identify(src/talon) by extension 'ros'
[0.696s] DEBUG:colcon.colcon_core.package_identification:Package 'src/talon' with type 'ros.ament_cmake' and name 'talon'
[0.696s] Level 1:colcon.colcon_core.package_identification:_identify(src/test) by extensions ['ignore', 'ignore_ament_install']
[0.696s] Level 1:colcon.colcon_core.package_identification:_identify(src/test) by extension 'ignore'
[0.696s] Level 1:colcon.colcon_core.package_identification:_identify(src/test) by extension 'ignore_ament_install'
[0.696s] Level 1:colcon.colcon_core.package_identification:_identify(src/test) by extensions ['colcon_pkg']
[0.696s] Level 1:colcon.colcon_core.package_identification:_identify(src/test) by extension 'colcon_pkg'
[0.696s] Level 1:colcon.colcon_core.package_identification:_identify(src/test) by extensions ['colcon_meta']
[0.696s] Level 1:colcon.colcon_core.package_identification:_identify(src/test) by extension 'colcon_meta'
[0.697s] Level 1:colcon.colcon_core.package_identification:_identify(src/test) by extensions ['ros']
[0.697s] Level 1:colcon.colcon_core.package_identification:_identify(src/test) by extension 'ros'
[0.698s] DEBUG:colcon.colcon_core.package_identification:Package 'src/test' with type 'ros.ament_cmake' and name 'test'
[0.698s] Level 1:colcon.colcon_core.package_discovery:discover_packages(recursive) using defaults
[0.698s] Level 1:colcon.colcon_core.package_discovery:discover_packages(ignore) discover
[0.698s] Level 1:colcon.colcon_core.package_discovery:discover_packages(ignore) using defaults
[0.698s] Level 1:colcon.colcon_core.package_discovery:discover_packages(path) discover
[0.698s] Level 1:colcon.colcon_core.package_discovery:discover_packages(path) using defaults
[0.732s] INFO:colcon.colcon_core.package_selection:Skipping not selected package 'messages' in 'src/messages'
[0.733s] INFO:colcon.colcon_core.package_selection:Skipping not selected package 'communication2' in 'src/communication2'
[0.733s] INFO:colcon.colcon_core.package_selection:Skipping not selected package 'falcon' in 'src/falcon'
[0.733s] INFO:colcon.colcon_core.package_selection:Skipping not selected package 'logic' in 'src/logic'
[0.733s] INFO:colcon.colcon_core.package_selection:Skipping not selected package 'power_distribution_panel' in 'src/power_distribution_panel'
[0.733s] INFO:colcon.colcon_core.package_selection:Skipping not selected package 'talon' in 'src/talon'
[0.733s] INFO:colcon.colcon_core.package_selection:Skipping not selected package 'test' in 'src/test'
[0.734s] Level 1:colcon.colcon_core.package_discovery:discover_packages(prefix_path) check parameters
[0.734s] Level 1:colcon.colcon_core.package_discovery:discover_packages(prefix_path) discover
[0.738s] DEBUG:colcon.colcon_installed_package_information.package_discovery:Found 9 installed packages in /home/team/SoftwareDevelopment/shovel/install
[0.740s] DEBUG:colcon.colcon_installed_package_information.package_discovery:Found 173 installed packages in /opt/ros/galactic
[0.742s] Level 1:colcon.colcon_core.package_discovery:discover_packages(prefix_path) using defaults
[0.817s] Level 5:colcon.colcon_core.verb:set package 'excavation' build argument 'cmake_args' from command line to 'None'
[0.817s] Level 5:colcon.colcon_core.verb:set package 'excavation' build argument 'cmake_target' from command line to 'None'
[0.818s] Level 5:colcon.colcon_core.verb:set package 'excavation' build argument 'cmake_target_skip_unavailable' from command line to 'False'
[0.818s] Level 5:colcon.colcon_core.verb:set package 'excavation' build argument 'cmake_clean_cache' from command line to 'False'
[0.818s] Level 5:colcon.colcon_core.verb:set package 'excavation' build argument 'cmake_clean_first' from command line to 'False'
[0.818s] Level 5:colcon.colcon_core.verb:set package 'excavation' build argument 'cmake_force_configure' from command line to 'False'
[0.818s] Level 5:colcon.colcon_core.verb:set package 'excavation' build argument 'ament_cmake_args' from command line to 'None'
[0.818s] Level 5:colcon.colcon_core.verb:set package 'excavation' build argument 'catkin_cmake_args' from command line to 'None'
[0.818s] Level 5:colcon.colcon_core.verb:set package 'excavation' build argument 'catkin_skip_building_tests' from command line to 'False'
[0.818s] DEBUG:colcon.colcon_core.verb:Building package 'excavation' with the following arguments: {'ament_cmake_args': None, 'build_base': '/home/team/SoftwareDevelopment/shovel/build/excavation', 'catkin_cmake_args': None, 'catkin_skip_building_tests': False, 'cmake_args': None, 'cmake_clean_cache': False, 'cmake_clean_first': False, 'cmake_force_configure': False, 'cmake_target': None, 'cmake_target_skip_unavailable': False, 'install_base': '/home/team/SoftwareDevelopment/shovel/install/excavation', 'merge_install': False, 'path': '/home/team/SoftwareDevelopment/shovel/src/excavation', 'symlink_install': False, 'test_result_base': None}
[0.818s] INFO:colcon.colcon_core.executor:Executing jobs using 'parallel' executor
[0.821s] DEBUG:colcon.colcon_parallel_executor.executor.parallel:run_until_complete
[0.821s] INFO:colcon.colcon_ros.task.ament_cmake.build:Building ROS package in '/home/team/SoftwareDevelopment/shovel/src/excavation' with build type 'ament_cmake'
[0.822s] INFO:colcon.colcon_cmake.task.cmake.build:Building CMake package in '/home/team/SoftwareDevelopment/shovel/src/excavation'
[0.826s] INFO:colcon.colcon_core.plugin_system:Skipping extension 'colcon_core.shell.bat': Not used on non-Windows systems
[0.826s] INFO:colcon.colcon_core.shell:Skip shell extension 'powershell' for command environment: Not usable outside of PowerShell
[0.826s] DEBUG:colcon.colcon_core.shell:Skip shell extension 'dsv' for command environment
[0.876s] DEBUG:colcon.colcon_core.event_handler.log_command:Invoking command in '/home/team/SoftwareDevelopment/shovel/build/excavation': CMAKE_PREFIX_PATH=/home/team/SoftwareDevelopment/shovel/install/messages:/home/team/SoftwareDevelopment/shovel/install/test:/home/team/SoftwareDevelopment/shovel/install/talon:/home/team/SoftwareDevelopment/shovel/install/power_distribution_panel:/home/team/SoftwareDevelopment/shovel/install/logic:/home/team/SoftwareDevelopment/shovel/install/falcon:/home/team/SoftwareDevelopment/shovel/install/excavation:/home/team/SoftwareDevelopment/shovel/install/communication2:/opt/ros/galactic LD_LIBRARY_PATH=/home/team/SoftwareDevelopment/shovel/install/messages/lib:/opt/ros/galactic/opt/yaml_cpp_vendor/lib:/opt/ros/galactic/lib/aarch64-linux-gnu:/opt/ros/galactic/lib:/usr/local/cuda-11.4/lib64 /usr/bin/cmake --build /home/team/SoftwareDevelopment/shovel/build/excavation -- -j6 -l6
[39.695s] DEBUG:colcon.colcon_core.event_handler.log_command:Invoked command in '/home/team/SoftwareDevelopment/shovel/build/excavation' returned '0': CMAKE_PREFIX_PATH=/home/team/SoftwareDevelopment/shovel/install/messages:/home/team/SoftwareDevelopment/shovel/install/test:/home/team/SoftwareDevelopment/shovel/install/talon:/home/team/SoftwareDevelopment/shovel/install/power_distribution_panel:/home/team/SoftwareDevelopment/shovel/install/logic:/home/team/SoftwareDevelopment/shovel/install/falcon:/home/team/SoftwareDevelopment/shovel/install/excavation:/home/team/SoftwareDevelopment/shovel/install/communication2:/opt/ros/galactic LD_LIBRARY_PATH=/home/team/SoftwareDevelopment/shovel/install/messages/lib:/opt/ros/galactic/opt/yaml_cpp_vendor/lib:/opt/ros/galactic/lib/aarch64-linux-gnu:/opt/ros/galactic/lib:/usr/local/cuda-11.4/lib64 /usr/bin/cmake --build /home/team/SoftwareDevelopment/shovel/build/excavation -- -j6 -l6
[39.786s] DEBUG:colcon.colcon_core.event_handler.log_command:Invoking command in '/home/team/SoftwareDevelopment/shovel/build/excavation': CMAKE_PREFIX_PATH=/home/team/SoftwareDevelopment/shovel/install/messages:/home/team/SoftwareDevelopment/shovel/install/test:/home/team/SoftwareDevelopment/shovel/install/talon:/home/team/SoftwareDevelopment/shovel/install/power_distribution_panel:/home/team/SoftwareDevelopment/shovel/install/logic:/home/team/SoftwareDevelopment/shovel/install/falcon:/home/team/SoftwareDevelopment/shovel/install/excavation:/home/team/SoftwareDevelopment/shovel/install/communication2:/opt/ros/galactic LD_LIBRARY_PATH=/home/team/SoftwareDevelopment/shovel/install/messages/lib:/opt/ros/galactic/opt/yaml_cpp_vendor/lib:/opt/ros/galactic/lib/aarch64-linux-gnu:/opt/ros/galactic/lib:/usr/local/cuda-11.4/lib64 /usr/bin/cmake --install /home/team/SoftwareDevelopment/shovel/build/excavation
[39.834s] Level 1:colcon.colcon_core.environment:create_environment_scripts_only(excavation)
[39.837s] DEBUG:colcon.colcon_core.event_handler.log_command:Invoked command in '/home/team/SoftwareDevelopment/shovel/build/excavation' returned '0': CMAKE_PREFIX_PATH=/home/team/SoftwareDevelopment/shovel/install/messages:/home/team/SoftwareDevelopment/shovel/install/test:/home/team/SoftwareDevelopment/shovel/install/talon:/home/team/SoftwareDevelopment/shovel/install/power_distribution_panel:/home/team/SoftwareDevelopment/shovel/install/logic:/home/team/SoftwareDevelopment/shovel/install/falcon:/home/team/SoftwareDevelopment/shovel/install/excavation:/home/team/SoftwareDevelopment/shovel/install/communication2:/opt/ros/galactic LD_LIBRARY_PATH=/home/team/SoftwareDevelopment/shovel/install/messages/lib:/opt/ros/galactic/opt/yaml_cpp_vendor/lib:/opt/ros/galactic/lib/aarch64-linux-gnu:/opt/ros/galactic/lib:/usr/local/cuda-11.4/lib64 /usr/bin/cmake --install /home/team/SoftwareDevelopment/shovel/build/excavation
[39.846s] Level 1:colcon.colcon_core.environment:checking '/home/team/SoftwareDevelopment/shovel/install/excavation' for CMake module files
[39.848s] Level 1:colcon.colcon_core.environment:checking '/home/team/SoftwareDevelopment/shovel/install/excavation' for CMake config files
[39.850s] Level 1:colcon.colcon_core.shell:create_environment_hook('excavation', 'cmake_prefix_path')
[39.851s] INFO:colcon.colcon_core.shell:Creating environment hook '/home/team/SoftwareDevelopment/shovel/install/excavation/share/excavation/hook/cmake_prefix_path.ps1'
[39.853s] INFO:colcon.colcon_core.shell:Creating environment descriptor '/home/team/SoftwareDevelopment/shovel/install/excavation/share/excavation/hook/cmake_prefix_path.dsv'
[39.854s] INFO:colcon.colcon_core.shell:Creating environment hook '/home/team/SoftwareDevelopment/shovel/install/excavation/share/excavation/hook/cmake_prefix_path.sh'
[39.857s] Level 1:colcon.colcon_core.environment:checking '/home/team/SoftwareDevelopment/shovel/install/excavation/lib'
[39.857s] Level 1:colcon.colcon_core.environment:checking '/home/team/SoftwareDevelopment/shovel/install/excavation/bin'
[39.857s] Level 1:colcon.colcon_core.environment:checking '/home/team/SoftwareDevelopment/shovel/install/excavation/lib/pkgconfig/excavation.pc'
[39.858s] Level 1:colcon.colcon_core.environment:checking '/home/team/SoftwareDevelopment/shovel/install/excavation/lib/python3.8/site-packages'
[39.859s] Level 1:colcon.colcon_core.environment:checking '/home/team/SoftwareDevelopment/shovel/install/excavation/bin'
[39.860s] INFO:colcon.colcon_core.shell:Creating package script '/home/team/SoftwareDevelopment/shovel/install/excavation/share/excavation/package.ps1'
[39.862s] INFO:colcon.colcon_core.shell:Creating package descriptor '/home/team/SoftwareDevelopment/shovel/install/excavation/share/excavation/package.dsv'
[39.863s] INFO:colcon.colcon_core.shell:Creating package script '/home/team/SoftwareDevelopment/shovel/install/excavation/share/excavation/package.sh'
[39.865s] INFO:colcon.colcon_core.shell:Creating package script '/home/team/SoftwareDevelopment/shovel/install/excavation/share/excavation/package.bash'
[39.867s] INFO:colcon.colcon_core.shell:Creating package script '/home/team/SoftwareDevelopment/shovel/install/excavation/share/excavation/package.zsh'
[39.868s] Level 1:colcon.colcon_core.environment:create_file_with_runtime_dependencies(/home/team/SoftwareDevelopment/shovel/install/excavation/share/colcon-core/packages/excavation)
[39.924s] Level 1:colcon.colcon_core.environment:create_environment_scripts_only(excavation)
[39.925s] Level 1:colcon.colcon_core.environment:checking '/home/team/SoftwareDevelopment/shovel/install/excavation' for CMake module files
[39.926s] Level 1:colcon.colcon_core.environment:checking '/home/team/SoftwareDevelopment/shovel/install/excavation' for CMake config files
[39.927s] Level 1:colcon.colcon_core.shell:create_environment_hook('excavation', 'cmake_prefix_path')
[39.927s] INFO:colcon.colcon_core.shell:Creating environment hook '/home/team/SoftwareDevelopment/shovel/install/excavation/share/excavation/hook/cmake_prefix_path.ps1'
[39.969s] INFO:colcon.colcon_core.shell:Creating environment descriptor '/home/team/SoftwareDevelopment/shovel/install/excavation/share/excavation/hook/cmake_prefix_path.dsv'
[39.970s] INFO:colcon.colcon_core.shell:Creating environment hook '/home/team/SoftwareDevelopment/shovel/install/excavation/share/excavation/hook/cmake_prefix_path.sh'
[39.972s] Level 1:colcon.colcon_core.environment:checking '/home/team/SoftwareDevelopment/shovel/install/excavation/lib'
[39.972s] Level 1:colcon.colcon_core.environment:checking '/home/team/SoftwareDevelopment/shovel/install/excavation/bin'
[39.972s] Level 1:colcon.colcon_core.environment:checking '/home/team/SoftwareDevelopment/shovel/install/excavation/lib/pkgconfig/excavation.pc'
[39.973s] Level 1:colcon.colcon_core.environment:checking '/home/team/SoftwareDevelopment/shovel/install/excavation/lib/python3.8/site-packages'
[39.973s] Level 1:colcon.colcon_core.environment:checking '/home/team/SoftwareDevelopment/shovel/install/excavation/bin'
[39.974s] INFO:colcon.colcon_core.shell:Creating package script '/home/team/SoftwareDevelopment/shovel/install/excavation/share/excavation/package.ps1'
[39.975s] INFO:colcon.colcon_core.shell:Creating package descriptor '/home/team/SoftwareDevelopment/shovel/install/excavation/share/excavation/package.dsv'
[39.976s] INFO:colcon.colcon_core.shell:Creating package script '/home/team/SoftwareDevelopment/shovel/install/excavation/share/excavation/package.sh'
[39.977s] INFO:colcon.colcon_core.shell:Creating package script '/home/team/SoftwareDevelopment/shovel/install/excavation/share/excavation/package.bash'
[39.978s] INFO:colcon.colcon_core.shell:Creating package script '/home/team/SoftwareDevelopment/shovel/install/excavation/share/excavation/package.zsh'
[39.979s] Level 1:colcon.colcon_core.environment:create_file_with_runtime_dependencies(/home/team/SoftwareDevelopment/shovel/install/excavation/share/colcon-core/packages/excavation)
[39.980s] DEBUG:colcon.colcon_parallel_executor.executor.parallel:closing loop
[39.981s] DEBUG:colcon.colcon_parallel_executor.executor.parallel:loop closed
[39.981s] DEBUG:colcon.colcon_parallel_executor.executor.parallel:run_until_complete finished with '0'
[39.982s] DEBUG:colcon.colcon_core.event_reactor:joining thread
[39.995s] INFO:colcon.colcon_core.plugin_system:Skipping extension 'colcon_notification.desktop_notification.terminal_notifier': Not used on non-Darwin systems
[39.995s] INFO:colcon.colcon_core.plugin_system:Skipping extension 'colcon_notification.desktop_notification.win32': Not used on non-Windows systems
[39.995s] INFO:colcon.colcon_notification.desktop_notification:Sending desktop notification using 'notify2'
[40.043s] DEBUG:colcon.colcon_core.event_reactor:joined thread
[40.044s] INFO:colcon.colcon_core.shell:Creating prefix script '/home/team/SoftwareDevelopment/shovel/install/local_setup.ps1'
[40.047s] INFO:colcon.colcon_core.shell:Creating prefix util module '/home/team/SoftwareDevelopment/shovel/install/_local_setup_util_ps1.py'
[40.054s] INFO:colcon.colcon_core.shell:Creating prefix chain script '/home/team/SoftwareDevelopment/shovel/install/setup.ps1'
[40.058s] INFO:colcon.colcon_core.shell:Creating prefix script '/home/team/SoftwareDevelopment/shovel/install/local_setup.sh'
[40.059s] INFO:colcon.colcon_core.shell:Creating prefix util module '/home/team/SoftwareDevelopment/shovel/install/_local_setup_util_sh.py'
[40.060s] INFO:colcon.colcon_core.shell:Creating prefix chain script '/home/team/SoftwareDevelopment/shovel/install/setup.sh'
[40.063s] INFO:colcon.colcon_core.shell:Creating prefix script '/home/team/SoftwareDevelopment/shovel/install/local_setup.bash'
[40.064s] INFO:colcon.colcon_core.shell:Creating prefix chain script '/home/team/SoftwareDevelopment/shovel/install/setup.bash'
[40.066s] INFO:colcon.colcon_core.shell:Creating prefix script '/home/team/SoftwareDevelopment/shovel/install/local_setup.zsh'
[40.067s] INFO:colcon.colcon_core.shell:Creating prefix chain script '/home/team/SoftwareDevelopment/shovel/install/setup.zsh'
