[0.121s] Invoking command in '/home/team/SoftwareDevelopment/shovel/build/talon': AMENT_PREFIX_PATH=/home/team/SoftwareDevelopment/shovel/install/messages:${AMENT_PREFIX_PATH} CMAKE_PREFIX_PATH=/home/team/SoftwareDevelopment/shovel/install/messages:/opt/ros/galactic LD_LIBRARY_PATH=/home/team/SoftwareDevelopment/shovel/install/messages/lib:/opt/ros/galactic/opt/yaml_cpp_vendor/lib:/opt/ros/galactic/lib/aarch64-linux-gnu:/opt/ros/galactic/lib:/usr/local/cuda-11.4/lib64 PYTHONPATH=/home/team/SoftwareDevelopment/shovel/install/messages/lib/python3.8/site-packages:${PYTHONPATH} /usr/bin/cmake --build /home/team/SoftwareDevelopment/shovel/build/talon -- -j6 -l6
[0.313s] [100%] Built target talon_node
[0.347s] Invoked command in '/home/team/SoftwareDevelopment/shovel/build/talon' returned '0': AMENT_PREFIX_PATH=/home/team/SoftwareDevelopment/shovel/install/messages:${AMENT_PREFIX_PATH} CMAKE_PREFIX_PATH=/home/team/SoftwareDevelopment/shovel/install/messages:/opt/ros/galactic LD_LIBRARY_PATH=/home/team/SoftwareDevelopment/shovel/install/messages/lib:/opt/ros/galactic/opt/yaml_cpp_vendor/lib:/opt/ros/galactic/lib/aarch64-linux-gnu:/opt/ros/galactic/lib:/usr/local/cuda-11.4/lib64 PYTHONPATH=/home/team/SoftwareDevelopment/shovel/install/messages/lib/python3.8/site-packages:${PYTHONPATH} /usr/bin/cmake --build /home/team/SoftwareDevelopment/shovel/build/talon -- -j6 -l6
[0.465s] Invoking command in '/home/team/SoftwareDevelopment/shovel/build/talon': AMENT_PREFIX_PATH=/home/team/SoftwareDevelopment/shovel/install/messages:${AMENT_PREFIX_PATH} CMAKE_PREFIX_PATH=/home/team/SoftwareDevelopment/shovel/install/messages:/opt/ros/galactic LD_LIBRARY_PATH=/home/team/SoftwareDevelopment/shovel/install/messages/lib:/opt/ros/galactic/opt/yaml_cpp_vendor/lib:/opt/ros/galactic/lib/aarch64-linux-gnu:/opt/ros/galactic/lib:/usr/local/cuda-11.4/lib64 PYTHONPATH=/home/team/SoftwareDevelopment/shovel/install/messages/lib/python3.8/site-packages:${PYTHONPATH} /usr/bin/cmake --install /home/team/SoftwareDevelopment/shovel/build/talon
[0.507s] -- Install configuration: ""
[0.507s] -- Installing: /home/team/SoftwareDevelopment/shovel/install/talon/lib/talon/talon_node
[0.519s] -- Set runtime path of "/home/team/SoftwareDevelopment/shovel/install/talon/lib/talon/talon_node" to ""
[0.520s] -- Installing: /home/team/SoftwareDevelopment/shovel/install/talon/share/ament_index/resource_index/package_run_dependencies/talon
[0.522s] -- Installing: /home/team/SoftwareDevelopment/shovel/install/talon/share/ament_index/resource_index/parent_prefix_path/talon
[0.522s] -- Installing: /home/team/SoftwareDevelopment/shovel/install/talon/share/talon/environment/ament_prefix_path.sh
[0.523s] -- Installing: /home/team/SoftwareDevelopment/shovel/install/talon/share/talon/environment/ament_prefix_path.dsv
[0.525s] -- Installing: /home/team/SoftwareDevelopment/shovel/install/talon/share/talon/environment/path.sh
[0.526s] -- Installing: /home/team/SoftwareDevelopment/shovel/install/talon/share/talon/environment/path.dsv
[0.526s] -- Installing: /home/team/SoftwareDevelopment/shovel/install/talon/share/talon/local_setup.bash
[0.526s] -- Installing: /home/team/SoftwareDevelopment/shovel/install/talon/share/talon/local_setup.sh
[0.527s] -- Installing: /home/team/SoftwareDevelopment/shovel/install/talon/share/talon/local_setup.zsh
[0.527s] -- Installing: /home/team/SoftwareDevelopment/shovel/install/talon/share/talon/local_setup.dsv
[0.532s] -- Installing: /home/team/SoftwareDevelopment/shovel/install/talon/share/talon/package.dsv
[0.533s] -- Installing: /home/team/SoftwareDevelopment/shovel/install/talon/share/ament_index/resource_index/packages/talon
[0.533s] -- Installing: /home/team/SoftwareDevelopment/shovel/install/talon/share/talon/cmake/talonConfig.cmake
[0.533s] -- Installing: /home/team/SoftwareDevelopment/shovel/install/talon/share/talon/cmake/talonConfig-version.cmake
[0.533s] -- Installing: /home/team/SoftwareDevelopment/shovel/install/talon/share/talon/package.xml
[0.593s] Invoked command in '/home/team/SoftwareDevelopment/shovel/build/talon' returned '0': AMENT_PREFIX_PATH=/home/team/SoftwareDevelopment/shovel/install/messages:${AMENT_PREFIX_PATH} CMAKE_PREFIX_PATH=/home/team/SoftwareDevelopment/shovel/install/messages:/opt/ros/galactic LD_LIBRARY_PATH=/home/team/SoftwareDevelopment/shovel/install/messages/lib:/opt/ros/galactic/opt/yaml_cpp_vendor/lib:/opt/ros/galactic/lib/aarch64-linux-gnu:/opt/ros/galactic/lib:/usr/local/cuda-11.4/lib64 PYTHONPATH=/home/team/SoftwareDevelopment/shovel/install/messages/lib/python3.8/site-packages:${PYTHONPATH} /usr/bin/cmake --install /home/team/SoftwareDevelopment/shovel/build/talon
