[0.097s] Invoking command in '/home/team/SoftwareDevelopment/shovel/build/communication2': AMENT_PREFIX_PATH=/home/team/SoftwareDevelopment/shovel/install/messages:${AMENT_PREFIX_PATH} CMAKE_PREFIX_PATH=/home/team/SoftwareDevelopment/shovel/install/messages:/opt/ros/galactic LD_LIBRARY_PATH=/home/team/SoftwareDevelopment/shovel/install/messages/lib:/opt/ros/galactic/opt/yaml_cpp_vendor/lib:/opt/ros/galactic/lib/aarch64-linux-gnu:/opt/ros/galactic/lib:/usr/local/cuda-11.4/lib64 PYTHONPATH=/home/team/SoftwareDevelopment/shovel/install/messages/lib/python3.8/site-packages:${PYTHONPATH} /usr/bin/cmake --build /home/team/SoftwareDevelopment/shovel/build/communication2 -- -j6 -l6
[0.256s] [100%] Built target communication2_node
[0.286s] Invoked command in '/home/team/SoftwareDevelopment/shovel/build/communication2' returned '0': AMENT_PREFIX_PATH=/home/team/SoftwareDevelopment/shovel/install/messages:${AMENT_PREFIX_PATH} CMAKE_PREFIX_PATH=/home/team/SoftwareDevelopment/shovel/install/messages:/opt/ros/galactic LD_LIBRARY_PATH=/home/team/SoftwareDevelopment/shovel/install/messages/lib:/opt/ros/galactic/opt/yaml_cpp_vendor/lib:/opt/ros/galactic/lib/aarch64-linux-gnu:/opt/ros/galactic/lib:/usr/local/cuda-11.4/lib64 PYTHONPATH=/home/team/SoftwareDevelopment/shovel/install/messages/lib/python3.8/site-packages:${PYTHONPATH} /usr/bin/cmake --build /home/team/SoftwareDevelopment/shovel/build/communication2 -- -j6 -l6
[0.387s] Invoking command in '/home/team/SoftwareDevelopment/shovel/build/communication2': AMENT_PREFIX_PATH=/home/team/SoftwareDevelopment/shovel/install/messages:${AMENT_PREFIX_PATH} CMAKE_PREFIX_PATH=/home/team/SoftwareDevelopment/shovel/install/messages:/opt/ros/galactic LD_LIBRARY_PATH=/home/team/SoftwareDevelopment/shovel/install/messages/lib:/opt/ros/galactic/opt/yaml_cpp_vendor/lib:/opt/ros/galactic/lib/aarch64-linux-gnu:/opt/ros/galactic/lib:/usr/local/cuda-11.4/lib64 PYTHONPATH=/home/team/SoftwareDevelopment/shovel/install/messages/lib/python3.8/site-packages:${PYTHONPATH} /usr/bin/cmake --install /home/team/SoftwareDevelopment/shovel/build/communication2
[0.408s] -- Install configuration: ""
[0.409s] -- Up-to-date: /home/team/SoftwareDevelopment/shovel/install/communication2/lib/communication2/communication2_node
[0.415s] -- Up-to-date: /home/team/SoftwareDevelopment/shovel/install/communication2/share/ament_index/resource_index/package_run_dependencies/communication2
[0.416s] -- Up-to-date: /home/team/SoftwareDevelopment/shovel/install/communication2/share/ament_index/resource_index/parent_prefix_path/communication2
[0.419s] -- Up-to-date: /home/team/SoftwareDevelopment/shovel/install/communication2/share/communication2/environment/ament_prefix_path.sh
[0.419s] -- Up-to-date: /home/team/SoftwareDevelopment/shovel/install/communication2/share/communication2/environment/ament_prefix_path.dsv
[0.419s] -- Up-to-date: /home/team/SoftwareDevelopment/shovel/install/communication2/share/communication2/environment/path.sh
[0.419s] -- Up-to-date: /home/team/SoftwareDevelopment/shovel/install/communication2/share/communication2/environment/path.dsv
[0.419s] -- Up-to-date: /home/team/SoftwareDevelopment/shovel/install/communication2/share/communication2/local_setup.bash
[0.419s] -- Up-to-date: /home/team/SoftwareDevelopment/shovel/install/communication2/share/communication2/local_setup.sh
[0.420s] -- Up-to-date: /home/team/SoftwareDevelopment/shovel/install/communication2/share/communication2/local_setup.zsh
[0.420s] -- Up-to-date: /home/team/SoftwareDevelopment/shovel/install/communication2/share/communication2/local_setup.dsv
[0.420s] -- Installing: /home/team/SoftwareDevelopment/shovel/install/communication2/share/communication2/package.dsv
[0.420s] -- Up-to-date: /home/team/SoftwareDevelopment/shovel/install/communication2/share/ament_index/resource_index/packages/communication2
[0.420s] -- Up-to-date: /home/team/SoftwareDevelopment/shovel/install/communication2/share/communication2/cmake/communication2Config.cmake
[0.421s] -- Up-to-date: /home/team/SoftwareDevelopment/shovel/install/communication2/share/communication2/cmake/communication2Config-version.cmake
[0.421s] -- Up-to-date: /home/team/SoftwareDevelopment/shovel/install/communication2/share/communication2/package.xml
[0.447s] Invoked command in '/home/team/SoftwareDevelopment/shovel/build/communication2' returned '0': AMENT_PREFIX_PATH=/home/team/SoftwareDevelopment/shovel/install/messages:${AMENT_PREFIX_PATH} CMAKE_PREFIX_PATH=/home/team/SoftwareDevelopment/shovel/install/messages:/opt/ros/galactic LD_LIBRARY_PATH=/home/team/SoftwareDevelopment/shovel/install/messages/lib:/opt/ros/galactic/opt/yaml_cpp_vendor/lib:/opt/ros/galactic/lib/aarch64-linux-gnu:/opt/ros/galactic/lib:/usr/local/cuda-11.4/lib64 PYTHONPATH=/home/team/SoftwareDevelopment/shovel/install/messages/lib/python3.8/site-packages:${PYTHONPATH} /usr/bin/cmake --install /home/team/SoftwareDevelopment/shovel/build/communication2
