[0.085s] Invoking command in '/home/team/SoftwareDevelopment/shovel/build/messages': CMAKE_PREFIX_PATH=/opt/ros/galactic /usr/bin/cmake --build /home/team/SoftwareDevelopment/shovel/build/messages -- -j6 -l6
[0.225s] [  3%] Built target messages__cpp
[0.225s] [ 16%] Built target messages__rosidl_generator_c
[0.282s] [ 48%] Built target messages__rosidl_typesupport_introspection_cpp
[0.283s] [ 48%] Built target messages__rosidl_typesupport_introspection_c
[0.339s] [ 79%] Built target messages__rosidl_typesupport_c
[0.340s] [ 79%] Built target messages__rosidl_typesupport_cpp
[0.388s] [ 79%] Built target messages
[0.438s] [ 80%] Built target messages__py
[0.506s] [ 95%] Built target messages__python
[0.562s] [100%] Built target messages__rosidl_typesupport_c__pyext
[0.562s] [100%] Built target messages__rosidl_typesupport_introspection_c__pyext
[0.593s] Invoked command in '/home/team/SoftwareDevelopment/shovel/build/messages' returned '0': CMAKE_PREFIX_PATH=/opt/ros/galactic /usr/bin/cmake --build /home/team/SoftwareDevelopment/shovel/build/messages -- -j6 -l6
[0.922s] Invoking command in '/home/team/SoftwareDevelopment/shovel/build/messages': CMAKE_PREFIX_PATH=/opt/ros/galactic /usr/bin/cmake --install /home/team/SoftwareDevelopment/shovel/build/messages
[0.948s] -- Install configuration: ""
[0.948s] -- Up-to-date: /home/team/SoftwareDevelopment/shovel/install/messages/share/ament_index/resource_index/rosidl_interfaces/messages
[0.948s] -- Up-to-date: /home/team/SoftwareDevelopment/shovel/install/messages/include/messages
[0.949s] -- Up-to-date: /home/team/SoftwareDevelopment/shovel/install/messages/include/messages/msg
[0.949s] -- Up-to-date: /home/team/SoftwareDevelopment/shovel/install/messages/include/messages/msg/button_state.h
[0.949s] -- Up-to-date: /home/team/SoftwareDevelopment/shovel/install/messages/include/messages/msg/zed_position.h
[0.950s] -- Up-to-date: /home/team/SoftwareDevelopment/shovel/install/messages/include/messages/msg/rosidl_generator_c__visibility_control.h
[0.950s] -- Up-to-date: /home/team/SoftwareDevelopment/shovel/install/messages/include/messages/msg/key_state.h
[0.950s] -- Up-to-date: /home/team/SoftwareDevelopment/shovel/install/messages/include/messages/msg/hat_state.h
[0.950s] -- Up-to-date: /home/team/SoftwareDevelopment/shovel/install/messages/include/messages/msg/victor_out.h
[0.950s] -- Up-to-date: /home/team/SoftwareDevelopment/shovel/install/messages/include/messages/msg/detail
[0.951s] -- Up-to-date: /home/team/SoftwareDevelopment/shovel/install/messages/include/messages/msg/detail/power__functions.c
[0.951s] -- Up-to-date: /home/team/SoftwareDevelopment/shovel/install/messages/include/messages/msg/detail/power__struct.h
[0.951s] -- Up-to-date: /home/team/SoftwareDevelopment/shovel/install/messages/include/messages/msg/detail/zed_position__functions.c
[0.951s] -- Up-to-date: /home/team/SoftwareDevelopment/shovel/install/messages/include/messages/msg/detail/hat_state__functions.c
[0.951s] -- Up-to-date: /home/team/SoftwareDevelopment/shovel/install/messages/include/messages/msg/detail/joystick_command__functions.h
[0.951s] -- Up-to-date: /home/team/SoftwareDevelopment/shovel/install/messages/include/messages/msg/detail/talon_out__functions.h
[0.951s] -- Up-to-date: /home/team/SoftwareDevelopment/shovel/install/messages/include/messages/msg/detail/victor_out__type_support.h
[0.951s] -- Up-to-date: /home/team/SoftwareDevelopment/shovel/install/messages/include/messages/msg/detail/key_state__functions.c
[0.952s] -- Up-to-date: /home/team/SoftwareDevelopment/shovel/install/messages/include/messages/msg/detail/joystick_command__struct.h
[0.952s] -- Up-to-date: /home/team/SoftwareDevelopment/shovel/install/messages/include/messages/msg/detail/camera__functions.h
[0.952s] -- Up-to-date: /home/team/SoftwareDevelopment/shovel/install/messages/include/messages/msg/detail/axis_state__struct.h
[0.952s] -- Up-to-date: /home/team/SoftwareDevelopment/shovel/install/messages/include/messages/msg/detail/hat_state__type_support.h
[0.953s] -- Up-to-date: /home/team/SoftwareDevelopment/shovel/install/messages/include/messages/msg/detail/button_state__type_support.h
[0.953s] -- Up-to-date: /home/team/SoftwareDevelopment/shovel/install/messages/include/messages/msg/detail/key_state__functions.h
[0.953s] -- Up-to-date: /home/team/SoftwareDevelopment/shovel/install/messages/include/messages/msg/detail/button_state__struct.h
[0.953s] -- Up-to-date: /home/team/SoftwareDevelopment/shovel/install/messages/include/messages/msg/detail/axis_state__type_support.h
[0.953s] -- Up-to-date: /home/team/SoftwareDevelopment/shovel/install/messages/include/messages/msg/detail/autonomy_out__struct.h
[0.953s] -- Up-to-date: /home/team/SoftwareDevelopment/shovel/install/messages/include/messages/msg/detail/talon_out__functions.c
[0.954s] -- Up-to-date: /home/team/SoftwareDevelopment/shovel/install/messages/include/messages/msg/detail/talon_out__struct.h
[0.954s] -- Up-to-date: /home/team/SoftwareDevelopment/shovel/install/messages/include/messages/msg/detail/key_state__type_support.h
[0.954s] -- Up-to-date: /home/team/SoftwareDevelopment/shovel/install/messages/include/messages/msg/detail/linear_out__functions.h
[0.954s] -- Up-to-date: /home/team/SoftwareDevelopment/shovel/install/messages/include/messages/msg/detail/key_state__struct.h
[0.954s] -- Up-to-date: /home/team/SoftwareDevelopment/shovel/install/messages/include/messages/msg/detail/axis_state__functions.h
[0.954s] -- Up-to-date: /home/team/SoftwareDevelopment/shovel/install/messages/include/messages/msg/detail/power__functions.h
[0.954s] -- Up-to-date: /home/team/SoftwareDevelopment/shovel/install/messages/include/messages/msg/detail/victor_out__functions.c
[0.955s] -- Up-to-date: /home/team/SoftwareDevelopment/shovel/install/messages/include/messages/msg/detail/linear_out__struct.h
[0.955s] -- Up-to-date: /home/team/SoftwareDevelopment/shovel/install/messages/include/messages/msg/detail/autonomy_out__type_support.h
[0.955s] -- Up-to-date: /home/team/SoftwareDevelopment/shovel/install/messages/include/messages/msg/detail/linear_out__functions.c
[0.956s] -- Up-to-date: /home/team/SoftwareDevelopment/shovel/install/messages/include/messages/msg/detail/power__type_support.h
[0.956s] -- Up-to-date: /home/team/SoftwareDevelopment/shovel/install/messages/include/messages/msg/detail/joystick_command__functions.c
[0.956s] -- Up-to-date: /home/team/SoftwareDevelopment/shovel/install/messages/include/messages/msg/detail/camera__functions.c
[0.956s] -- Up-to-date: /home/team/SoftwareDevelopment/shovel/install/messages/include/messages/msg/detail/zed_position__type_support.h
[0.957s] -- Up-to-date: /home/team/SoftwareDevelopment/shovel/install/messages/include/messages/msg/detail/button_state__functions.h
[0.957s] -- Up-to-date: /home/team/SoftwareDevelopment/shovel/install/messages/include/messages/msg/detail/autonomy_out__functions.c
[0.957s] -- Up-to-date: /home/team/SoftwareDevelopment/shovel/install/messages/include/messages/msg/detail/hat_state__struct.h
[0.957s] -- Up-to-date: /home/team/SoftwareDevelopment/shovel/install/messages/include/messages/msg/detail/camera__struct.h
[0.957s] -- Up-to-date: /home/team/SoftwareDevelopment/shovel/install/messages/include/messages/msg/detail/joystick_command__type_support.h
[0.958s] -- Up-to-date: /home/team/SoftwareDevelopment/shovel/install/messages/include/messages/msg/detail/button_state__functions.c
[0.958s] -- Up-to-date: /home/team/SoftwareDevelopment/shovel/install/messages/include/messages/msg/detail/linear_out__type_support.h
[0.958s] -- Up-to-date: /home/team/SoftwareDevelopment/shovel/install/messages/include/messages/msg/detail/zed_position__struct.h
[0.958s] -- Up-to-date: /home/team/SoftwareDevelopment/shovel/install/messages/include/messages/msg/detail/victor_out__functions.h
[0.958s] -- Up-to-date: /home/team/SoftwareDevelopment/shovel/install/messages/include/messages/msg/detail/autonomy_out__functions.h
[0.958s] -- Up-to-date: /home/team/SoftwareDevelopment/shovel/install/messages/include/messages/msg/detail/victor_out__struct.h
[0.959s] -- Up-to-date: /home/team/SoftwareDevelopment/shovel/install/messages/include/messages/msg/detail/hat_state__functions.h
[0.959s] -- Up-to-date: /home/team/SoftwareDevelopment/shovel/install/messages/include/messages/msg/detail/talon_out__type_support.h
[0.959s] -- Up-to-date: /home/team/SoftwareDevelopment/shovel/install/messages/include/messages/msg/detail/zed_position__functions.h
[0.959s] -- Up-to-date: /home/team/SoftwareDevelopment/shovel/install/messages/include/messages/msg/detail/axis_state__functions.c
[0.959s] -- Up-to-date: /home/team/SoftwareDevelopment/shovel/install/messages/include/messages/msg/detail/camera__type_support.h
[0.959s] -- Up-to-date: /home/team/SoftwareDevelopment/shovel/install/messages/include/messages/msg/joystick_command.h
[0.959s] -- Up-to-date: /home/team/SoftwareDevelopment/shovel/install/messages/include/messages/msg/linear_out.h
[0.960s] -- Up-to-date: /home/team/SoftwareDevelopment/shovel/install/messages/include/messages/msg/power.h
[0.960s] -- Up-to-date: /home/team/SoftwareDevelopment/shovel/install/messages/include/messages/msg/autonomy_out.h
[0.960s] -- Up-to-date: /home/team/SoftwareDevelopment/shovel/install/messages/include/messages/msg/axis_state.h
[0.960s] -- Up-to-date: /home/team/SoftwareDevelopment/shovel/install/messages/include/messages/msg/camera.h
[0.960s] -- Up-to-date: /home/team/SoftwareDevelopment/shovel/install/messages/include/messages/msg/talon_out.h
[0.960s] -- Up-to-date: /home/team/SoftwareDevelopment/shovel/install/messages/share/messages/environment/library_path.sh
[0.960s] -- Up-to-date: /home/team/SoftwareDevelopment/shovel/install/messages/share/messages/environment/library_path.dsv
[0.961s] -- Up-to-date: /home/team/SoftwareDevelopment/shovel/install/messages/lib/libmessages__rosidl_generator_c.so
[0.961s] -- Up-to-date: /home/team/SoftwareDevelopment/shovel/install/messages/include/messages
[0.961s] -- Up-to-date: /home/team/SoftwareDevelopment/shovel/install/messages/include/messages/msg
[0.961s] -- Up-to-date: /home/team/SoftwareDevelopment/shovel/install/messages/include/messages/msg/detail
[0.961s] -- Up-to-date: /home/team/SoftwareDevelopment/shovel/install/messages/include/messages/msg/detail/joystick_command__type_support.c
[0.961s] -- Up-to-date: /home/team/SoftwareDevelopment/shovel/install/messages/include/messages/msg/detail/linear_out__rosidl_typesupport_introspection_c.h
[0.961s] -- Up-to-date: /home/team/SoftwareDevelopment/shovel/install/messages/include/messages/msg/detail/hat_state__rosidl_typesupport_introspection_c.h
[0.961s] -- Up-to-date: /home/team/SoftwareDevelopment/shovel/install/messages/include/messages/msg/detail/key_state__rosidl_typesupport_introspection_c.h
[0.961s] -- Up-to-date: /home/team/SoftwareDevelopment/shovel/install/messages/include/messages/msg/detail/autonomy_out__type_support.c
[0.962s] -- Up-to-date: /home/team/SoftwareDevelopment/shovel/install/messages/include/messages/msg/detail/power__type_support.c
[0.962s] -- Up-to-date: /home/team/SoftwareDevelopment/shovel/install/messages/include/messages/msg/detail/camera__rosidl_typesupport_introspection_c.h
[0.962s] -- Up-to-date: /home/team/SoftwareDevelopment/shovel/install/messages/include/messages/msg/detail/zed_position__type_support.c
[0.962s] -- Up-to-date: /home/team/SoftwareDevelopment/shovel/install/messages/include/messages/msg/detail/victor_out__type_support.c
[0.962s] -- Up-to-date: /home/team/SoftwareDevelopment/shovel/install/messages/include/messages/msg/detail/talon_out__rosidl_typesupport_introspection_c.h
[0.962s] -- Up-to-date: /home/team/SoftwareDevelopment/shovel/install/messages/include/messages/msg/detail/zed_position__rosidl_typesupport_introspection_c.h
[0.962s] -- Up-to-date: /home/team/SoftwareDevelopment/shovel/install/messages/include/messages/msg/detail/talon_out__type_support.c
[0.962s] -- Up-to-date: /home/team/SoftwareDevelopment/shovel/install/messages/include/messages/msg/detail/victor_out__rosidl_typesupport_introspection_c.h
[0.963s] -- Up-to-date: /home/team/SoftwareDevelopment/shovel/install/messages/include/messages/msg/detail/button_state__type_support.c
[0.963s] -- Up-to-date: /home/team/SoftwareDevelopment/shovel/install/messages/include/messages/msg/detail/power__rosidl_typesupport_introspection_c.h
[0.963s] -- Up-to-date: /home/team/SoftwareDevelopment/shovel/install/messages/include/messages/msg/detail/camera__type_support.c
[0.963s] -- Up-to-date: /home/team/SoftwareDevelopment/shovel/install/messages/include/messages/msg/detail/key_state__type_support.c
[0.963s] -- Up-to-date: /home/team/SoftwareDevelopment/shovel/install/messages/include/messages/msg/detail/hat_state__type_support.c
[0.963s] -- Up-to-date: /home/team/SoftwareDevelopment/shovel/install/messages/include/messages/msg/detail/axis_state__rosidl_typesupport_introspection_c.h
[0.963s] -- Up-to-date: /home/team/SoftwareDevelopment/shovel/install/messages/include/messages/msg/detail/button_state__rosidl_typesupport_introspection_c.h
[0.963s] -- Up-to-date: /home/team/SoftwareDevelopment/shovel/install/messages/include/messages/msg/detail/joystick_command__rosidl_typesupport_introspection_c.h
[0.963s] -- Up-to-date: /home/team/SoftwareDevelopment/shovel/install/messages/include/messages/msg/detail/autonomy_out__rosidl_typesupport_introspection_c.h
[0.964s] -- Up-to-date: /home/team/SoftwareDevelopment/shovel/install/messages/include/messages/msg/detail/linear_out__type_support.c
[0.964s] -- Up-to-date: /home/team/SoftwareDevelopment/shovel/install/messages/include/messages/msg/detail/axis_state__type_support.c
[0.964s] -- Up-to-date: /home/team/SoftwareDevelopment/shovel/install/messages/include/messages/msg/rosidl_typesupport_introspection_c__visibility_control.h
[0.964s] -- Up-to-date: /home/team/SoftwareDevelopment/shovel/install/messages/lib/libmessages__rosidl_typesupport_introspection_c.so
[0.964s] -- Up-to-date: /home/team/SoftwareDevelopment/shovel/install/messages/lib/libmessages__rosidl_typesupport_c.so
[0.964s] -- Up-to-date: /home/team/SoftwareDevelopment/shovel/install/messages/include/messages
[0.964s] -- Up-to-date: /home/team/SoftwareDevelopment/shovel/install/messages/include/messages/msg
[0.964s] -- Up-to-date: /home/team/SoftwareDevelopment/shovel/install/messages/include/messages/msg/detail
[0.965s] -- Up-to-date: /home/team/SoftwareDevelopment/shovel/install/messages/include/messages/msg/detail/button_state__builder.hpp
[0.965s] -- Up-to-date: /home/team/SoftwareDevelopment/shovel/install/messages/include/messages/msg/detail/joystick_command__builder.hpp
[0.965s] -- Up-to-date: /home/team/SoftwareDevelopment/shovel/install/messages/include/messages/msg/detail/talon_out__builder.hpp
[0.965s] -- Up-to-date: /home/team/SoftwareDevelopment/shovel/install/messages/include/messages/msg/detail/victor_out__traits.hpp
[0.965s] -- Up-to-date: /home/team/SoftwareDevelopment/shovel/install/messages/include/messages/msg/detail/camera__traits.hpp
[0.965s] -- Up-to-date: /home/team/SoftwareDevelopment/shovel/install/messages/include/messages/msg/detail/joystick_command__struct.hpp
[0.965s] -- Up-to-date: /home/team/SoftwareDevelopment/shovel/install/messages/include/messages/msg/detail/key_state__traits.hpp
[0.965s] -- Up-to-date: /home/team/SoftwareDevelopment/shovel/install/messages/include/messages/msg/detail/button_state__traits.hpp
[0.966s] -- Up-to-date: /home/team/SoftwareDevelopment/shovel/install/messages/include/messages/msg/detail/joystick_command__traits.hpp
[0.966s] -- Up-to-date: /home/team/SoftwareDevelopment/shovel/install/messages/include/messages/msg/detail/axis_state__builder.hpp
[0.966s] -- Up-to-date: /home/team/SoftwareDevelopment/shovel/install/messages/include/messages/msg/detail/zed_position__struct.hpp
[0.966s] -- Up-to-date: /home/team/SoftwareDevelopment/shovel/install/messages/include/messages/msg/detail/power__struct.hpp
[0.966s] -- Up-to-date: /home/team/SoftwareDevelopment/shovel/install/messages/include/messages/msg/detail/camera__builder.hpp
[0.966s] -- Up-to-date: /home/team/SoftwareDevelopment/shovel/install/messages/include/messages/msg/detail/power__traits.hpp
[0.966s] -- Up-to-date: /home/team/SoftwareDevelopment/shovel/install/messages/include/messages/msg/detail/hat_state__struct.hpp
[0.966s] -- Up-to-date: /home/team/SoftwareDevelopment/shovel/install/messages/include/messages/msg/detail/power__builder.hpp
[0.966s] -- Up-to-date: /home/team/SoftwareDevelopment/shovel/install/messages/include/messages/msg/detail/button_state__struct.hpp
[0.967s] -- Up-to-date: /home/team/SoftwareDevelopment/shovel/install/messages/include/messages/msg/detail/zed_position__builder.hpp
[0.967s] -- Up-to-date: /home/team/SoftwareDevelopment/shovel/install/messages/include/messages/msg/detail/talon_out__traits.hpp
[0.967s] -- Up-to-date: /home/team/SoftwareDevelopment/shovel/install/messages/include/messages/msg/detail/key_state__builder.hpp
[0.967s] -- Up-to-date: /home/team/SoftwareDevelopment/shovel/install/messages/include/messages/msg/detail/key_state__struct.hpp
[0.967s] -- Up-to-date: /home/team/SoftwareDevelopment/shovel/install/messages/include/messages/msg/detail/autonomy_out__builder.hpp
[0.967s] -- Up-to-date: /home/team/SoftwareDevelopment/shovel/install/messages/include/messages/msg/detail/axis_state__traits.hpp
[0.967s] -- Up-to-date: /home/team/SoftwareDevelopment/shovel/install/messages/include/messages/msg/detail/victor_out__struct.hpp
[0.967s] -- Up-to-date: /home/team/SoftwareDevelopment/shovel/install/messages/include/messages/msg/detail/hat_state__traits.hpp
[0.967s] -- Up-to-date: /home/team/SoftwareDevelopment/shovel/install/messages/include/messages/msg/detail/autonomy_out__struct.hpp
[0.968s] -- Up-to-date: /home/team/SoftwareDevelopment/shovel/install/messages/include/messages/msg/detail/victor_out__builder.hpp
[0.968s] -- Up-to-date: /home/team/SoftwareDevelopment/shovel/install/messages/include/messages/msg/detail/hat_state__builder.hpp
[0.968s] -- Up-to-date: /home/team/SoftwareDevelopment/shovel/install/messages/include/messages/msg/detail/camera__struct.hpp
[0.968s] -- Up-to-date: /home/team/SoftwareDevelopment/shovel/install/messages/include/messages/msg/detail/linear_out__traits.hpp
[0.968s] -- Up-to-date: /home/team/SoftwareDevelopment/shovel/install/messages/include/messages/msg/detail/autonomy_out__traits.hpp
[0.968s] -- Up-to-date: /home/team/SoftwareDevelopment/shovel/install/messages/include/messages/msg/detail/linear_out__builder.hpp
[0.968s] -- Up-to-date: /home/team/SoftwareDevelopment/shovel/install/messages/include/messages/msg/detail/axis_state__struct.hpp
[0.968s] -- Up-to-date: /home/team/SoftwareDevelopment/shovel/install/messages/include/messages/msg/detail/linear_out__struct.hpp
[0.969s] -- Up-to-date: /home/team/SoftwareDevelopment/shovel/install/messages/include/messages/msg/detail/talon_out__struct.hpp
[0.969s] -- Up-to-date: /home/team/SoftwareDevelopment/shovel/install/messages/include/messages/msg/detail/zed_position__traits.hpp
[0.969s] -- Up-to-date: /home/team/SoftwareDevelopment/shovel/install/messages/include/messages/msg/key_state.hpp
[0.969s] -- Up-to-date: /home/team/SoftwareDevelopment/shovel/install/messages/include/messages/msg/axis_state.hpp
[0.969s] -- Up-to-date: /home/team/SoftwareDevelopment/shovel/install/messages/include/messages/msg/autonomy_out.hpp
[0.969s] -- Up-to-date: /home/team/SoftwareDevelopment/shovel/install/messages/include/messages/msg/victor_out.hpp
[0.969s] -- Up-to-date: /home/team/SoftwareDevelopment/shovel/install/messages/include/messages/msg/power.hpp
[0.969s] -- Up-to-date: /home/team/SoftwareDevelopment/shovel/install/messages/include/messages/msg/button_state.hpp
[0.969s] -- Up-to-date: /home/team/SoftwareDevelopment/shovel/install/messages/include/messages/msg/camera.hpp
[0.970s] -- Up-to-date: /home/team/SoftwareDevelopment/shovel/install/messages/include/messages/msg/talon_out.hpp
[0.970s] -- Up-to-date: /home/team/SoftwareDevelopment/shovel/install/messages/include/messages/msg/zed_position.hpp
[0.970s] -- Up-to-date: /home/team/SoftwareDevelopment/shovel/install/messages/include/messages/msg/linear_out.hpp
[0.970s] -- Up-to-date: /home/team/SoftwareDevelopment/shovel/install/messages/include/messages/msg/joystick_command.hpp
[0.970s] -- Up-to-date: /home/team/SoftwareDevelopment/shovel/install/messages/include/messages/msg/hat_state.hpp
[0.970s] -- Up-to-date: /home/team/SoftwareDevelopment/shovel/install/messages/include/messages
[0.970s] -- Up-to-date: /home/team/SoftwareDevelopment/shovel/install/messages/include/messages/msg
[0.970s] -- Up-to-date: /home/team/SoftwareDevelopment/shovel/install/messages/include/messages/msg/detail
[0.971s] -- Up-to-date: /home/team/SoftwareDevelopment/shovel/install/messages/include/messages/msg/detail/victor_out__rosidl_typesupport_introspection_cpp.hpp
[0.971s] -- Up-to-date: /home/team/SoftwareDevelopment/shovel/install/messages/include/messages/msg/detail/power__type_support.cpp
[0.971s] -- Up-to-date: /home/team/SoftwareDevelopment/shovel/install/messages/include/messages/msg/detail/talon_out__type_support.cpp
[0.971s] -- Up-to-date: /home/team/SoftwareDevelopment/shovel/install/messages/include/messages/msg/detail/key_state__rosidl_typesupport_introspection_cpp.hpp
[0.971s] -- Up-to-date: /home/team/SoftwareDevelopment/shovel/install/messages/include/messages/msg/detail/joystick_command__type_support.cpp
[0.971s] -- Up-to-date: /home/team/SoftwareDevelopment/shovel/install/messages/include/messages/msg/detail/autonomy_out__rosidl_typesupport_introspection_cpp.hpp
[0.971s] -- Up-to-date: /home/team/SoftwareDevelopment/shovel/install/messages/include/messages/msg/detail/zed_position__rosidl_typesupport_introspection_cpp.hpp
[0.971s] -- Up-to-date: /home/team/SoftwareDevelopment/shovel/install/messages/include/messages/msg/detail/linear_out__type_support.cpp
[0.971s] -- Up-to-date: /home/team/SoftwareDevelopment/shovel/install/messages/include/messages/msg/detail/power__rosidl_typesupport_introspection_cpp.hpp
[0.972s] -- Up-to-date: /home/team/SoftwareDevelopment/shovel/install/messages/include/messages/msg/detail/talon_out__rosidl_typesupport_introspection_cpp.hpp
[0.972s] -- Up-to-date: /home/team/SoftwareDevelopment/shovel/install/messages/include/messages/msg/detail/axis_state__rosidl_typesupport_introspection_cpp.hpp
[0.972s] -- Up-to-date: /home/team/SoftwareDevelopment/shovel/install/messages/include/messages/msg/detail/hat_state__type_support.cpp
[0.972s] -- Up-to-date: /home/team/SoftwareDevelopment/shovel/install/messages/include/messages/msg/detail/axis_state__type_support.cpp
[0.972s] -- Up-to-date: /home/team/SoftwareDevelopment/shovel/install/messages/include/messages/msg/detail/joystick_command__rosidl_typesupport_introspection_cpp.hpp
[0.972s] -- Up-to-date: /home/team/SoftwareDevelopment/shovel/install/messages/include/messages/msg/detail/autonomy_out__type_support.cpp
[0.972s] -- Up-to-date: /home/team/SoftwareDevelopment/shovel/install/messages/include/messages/msg/detail/button_state__rosidl_typesupport_introspection_cpp.hpp
[0.972s] -- Up-to-date: /home/team/SoftwareDevelopment/shovel/install/messages/include/messages/msg/detail/victor_out__type_support.cpp
[0.973s] -- Up-to-date: /home/team/SoftwareDevelopment/shovel/install/messages/include/messages/msg/detail/camera__type_support.cpp
[0.973s] -- Up-to-date: /home/team/SoftwareDevelopment/shovel/install/messages/include/messages/msg/detail/camera__rosidl_typesupport_introspection_cpp.hpp
[0.973s] -- Up-to-date: /home/team/SoftwareDevelopment/shovel/install/messages/include/messages/msg/detail/button_state__type_support.cpp
[0.973s] -- Up-to-date: /home/team/SoftwareDevelopment/shovel/install/messages/include/messages/msg/detail/linear_out__rosidl_typesupport_introspection_cpp.hpp
[0.973s] -- Up-to-date: /home/team/SoftwareDevelopment/shovel/install/messages/include/messages/msg/detail/hat_state__rosidl_typesupport_introspection_cpp.hpp
[0.973s] -- Up-to-date: /home/team/SoftwareDevelopment/shovel/install/messages/include/messages/msg/detail/key_state__type_support.cpp
[0.973s] -- Up-to-date: /home/team/SoftwareDevelopment/shovel/install/messages/include/messages/msg/detail/zed_position__type_support.cpp
[0.973s] -- Up-to-date: /home/team/SoftwareDevelopment/shovel/install/messages/lib/libmessages__rosidl_typesupport_introspection_cpp.so
[0.974s] -- Up-to-date: /home/team/SoftwareDevelopment/shovel/install/messages/lib/libmessages__rosidl_typesupport_cpp.so
[0.974s] -- Up-to-date: /home/team/SoftwareDevelopment/shovel/install/messages/share/messages/environment/pythonpath.sh
[0.974s] -- Up-to-date: /home/team/SoftwareDevelopment/shovel/install/messages/share/messages/environment/pythonpath.dsv
[0.974s] -- Up-to-date: /home/team/SoftwareDevelopment/shovel/install/messages/lib/python3.8/site-packages/messages/__init__.py
[1.033s] -- Up-to-date: /home/team/SoftwareDevelopment/shovel/install/messages/lib/python3.8/site-packages/messages/msg
[1.034s] -- Up-to-date: /home/team/SoftwareDevelopment/shovel/install/messages/lib/python3.8/site-packages/messages/msg/_linear_out.py
[1.034s] -- Up-to-date: /home/team/SoftwareDevelopment/shovel/install/messages/lib/python3.8/site-packages/messages/msg/_talon_out_s.c
[1.034s] -- Up-to-date: /home/team/SoftwareDevelopment/shovel/install/messages/lib/python3.8/site-packages/messages/msg/_key_state.py
[1.034s] -- Up-to-date: /home/team/SoftwareDevelopment/shovel/install/messages/lib/python3.8/site-packages/messages/msg/__init__.py
[1.034s] -- Up-to-date: /home/team/SoftwareDevelopment/shovel/install/messages/lib/python3.8/site-packages/messages/msg/_axis_state_s.c
[1.034s] -- Up-to-date: /home/team/SoftwareDevelopment/shovel/install/messages/lib/python3.8/site-packages/messages/msg/_talon_out.py
[1.035s] -- Up-to-date: /home/team/SoftwareDevelopment/shovel/install/messages/lib/python3.8/site-packages/messages/msg/_hat_state_s.c
[1.035s] -- Up-to-date: /home/team/SoftwareDevelopment/shovel/install/messages/lib/python3.8/site-packages/messages/msg/_axis_state.py
[1.035s] -- Up-to-date: /home/team/SoftwareDevelopment/shovel/install/messages/lib/python3.8/site-packages/messages/msg/_joystick_command_s.c
[1.035s] -- Up-to-date: /home/team/SoftwareDevelopment/shovel/install/messages/lib/python3.8/site-packages/messages/msg/_linear_out_s.c
[1.035s] -- Up-to-date: /home/team/SoftwareDevelopment/shovel/install/messages/lib/python3.8/site-packages/messages/msg/_button_state.py
[1.035s] -- Up-to-date: /home/team/SoftwareDevelopment/shovel/install/messages/lib/python3.8/site-packages/messages/msg/_zed_position.py
[1.035s] -- Up-to-date: /home/team/SoftwareDevelopment/shovel/install/messages/lib/python3.8/site-packages/messages/msg/_victor_out.py
[1.035s] -- Up-to-date: /home/team/SoftwareDevelopment/shovel/install/messages/lib/python3.8/site-packages/messages/msg/_zed_position_s.c
[1.036s] -- Up-to-date: /home/team/SoftwareDevelopment/shovel/install/messages/lib/python3.8/site-packages/messages/msg/_hat_state.py
[1.036s] -- Up-to-date: /home/team/SoftwareDevelopment/shovel/install/messages/lib/python3.8/site-packages/messages/msg/_autonomy_out.py
[1.036s] -- Up-to-date: /home/team/SoftwareDevelopment/shovel/install/messages/lib/python3.8/site-packages/messages/msg/_power_s.c
[1.036s] -- Up-to-date: /home/team/SoftwareDevelopment/shovel/install/messages/lib/python3.8/site-packages/messages/msg/_key_state_s.c
[1.036s] -- Up-to-date: /home/team/SoftwareDevelopment/shovel/install/messages/lib/python3.8/site-packages/messages/msg/_button_state_s.c
[1.036s] -- Up-to-date: /home/team/SoftwareDevelopment/shovel/install/messages/lib/python3.8/site-packages/messages/msg/_camera.py
[1.036s] -- Up-to-date: /home/team/SoftwareDevelopment/shovel/install/messages/lib/python3.8/site-packages/messages/msg/_joystick_command.py
[1.037s] -- Up-to-date: /home/team/SoftwareDevelopment/shovel/install/messages/lib/python3.8/site-packages/messages/msg/_camera_s.c
[1.037s] -- Up-to-date: /home/team/SoftwareDevelopment/shovel/install/messages/lib/python3.8/site-packages/messages/msg/_power.py
[1.037s] -- Up-to-date: /home/team/SoftwareDevelopment/shovel/install/messages/lib/python3.8/site-packages/messages/msg/_victor_out_s.c
[1.037s] -- Up-to-date: /home/team/SoftwareDevelopment/shovel/install/messages/lib/python3.8/site-packages/messages/msg/_autonomy_out_s.c
[1.037s] -- Up-to-date: /home/team/SoftwareDevelopment/shovel/install/messages/lib/python3.8/site-packages/messages/messages_s__rosidl_typesupport_introspection_c.cpython-38-aarch64-linux-gnu.so
[1.037s] -- Up-to-date: /home/team/SoftwareDevelopment/shovel/install/messages/lib/python3.8/site-packages/messages/messages_s__rosidl_typesupport_c.cpython-38-aarch64-linux-gnu.so
[1.038s] -- Up-to-date: /home/team/SoftwareDevelopment/shovel/install/messages/lib/libmessages__python.so
[1.038s] -- Up-to-date: /home/team/SoftwareDevelopment/shovel/install/messages/share/messages/msg/AxisState.idl
[1.038s] -- Up-to-date: /home/team/SoftwareDevelopment/shovel/install/messages/share/messages/msg/Camera.idl
[1.038s] -- Up-to-date: /home/team/SoftwareDevelopment/shovel/install/messages/share/messages/msg/JoystickCommand.idl
[1.038s] -- Up-to-date: /home/team/SoftwareDevelopment/shovel/install/messages/share/messages/msg/Power.idl
[1.038s] -- Up-to-date: /home/team/SoftwareDevelopment/shovel/install/messages/share/messages/msg/VictorOut.idl
[1.039s] -- Up-to-date: /home/team/SoftwareDevelopment/shovel/install/messages/share/messages/msg/ButtonState.idl
[1.039s] -- Up-to-date: /home/team/SoftwareDevelopment/shovel/install/messages/share/messages/msg/HatState.idl
[1.039s] -- Up-to-date: /home/team/SoftwareDevelopment/shovel/install/messages/share/messages/msg/KeyState.idl
[1.039s] -- Up-to-date: /home/team/SoftwareDevelopment/shovel/install/messages/share/messages/msg/TalonOut.idl
[1.039s] -- Up-to-date: /home/team/SoftwareDevelopment/shovel/install/messages/share/messages/msg/ZedPosition.idl
[1.039s] -- Up-to-date: /home/team/SoftwareDevelopment/shovel/install/messages/share/messages/msg/LinearOut.idl
[1.040s] -- Up-to-date: /home/team/SoftwareDevelopment/shovel/install/messages/share/messages/msg/AutonomyOut.idl
[1.040s] -- Up-to-date: /home/team/SoftwareDevelopment/shovel/install/messages/share/messages/msg/AxisState.msg
[1.040s] -- Up-to-date: /home/team/SoftwareDevelopment/shovel/install/messages/share/messages/msg/Camera.msg
[1.040s] -- Up-to-date: /home/team/SoftwareDevelopment/shovel/install/messages/share/messages/msg/JoystickCommand.msg
[1.040s] -- Up-to-date: /home/team/SoftwareDevelopment/shovel/install/messages/share/messages/msg/Power.msg
[1.040s] -- Up-to-date: /home/team/SoftwareDevelopment/shovel/install/messages/share/messages/msg/VictorOut.msg
[1.041s] -- Up-to-date: /home/team/SoftwareDevelopment/shovel/install/messages/share/messages/msg/ButtonState.msg
[1.041s] -- Up-to-date: /home/team/SoftwareDevelopment/shovel/install/messages/share/messages/msg/HatState.msg
[1.041s] -- Up-to-date: /home/team/SoftwareDevelopment/shovel/install/messages/share/messages/msg/KeyState.msg
[1.041s] -- Up-to-date: /home/team/SoftwareDevelopment/shovel/install/messages/share/messages/msg/TalonOut.msg
[1.041s] -- Up-to-date: /home/team/SoftwareDevelopment/shovel/install/messages/share/messages/msg/ZedPosition.msg
[1.041s] -- Up-to-date: /home/team/SoftwareDevelopment/shovel/install/messages/share/messages/msg/LinearOut.msg
[1.041s] -- Up-to-date: /home/team/SoftwareDevelopment/shovel/install/messages/share/messages/msg/AutonomyOut.msg
[1.042s] -- Up-to-date: /home/team/SoftwareDevelopment/shovel/install/messages/share/ament_index/resource_index/package_run_dependencies/messages
[1.042s] -- Up-to-date: /home/team/SoftwareDevelopment/shovel/install/messages/share/ament_index/resource_index/parent_prefix_path/messages
[1.042s] -- Up-to-date: /home/team/SoftwareDevelopment/shovel/install/messages/share/messages/environment/ament_prefix_path.sh
[1.042s] -- Up-to-date: /home/team/SoftwareDevelopment/shovel/install/messages/share/messages/environment/ament_prefix_path.dsv
[1.042s] -- Up-to-date: /home/team/SoftwareDevelopment/shovel/install/messages/share/messages/environment/path.sh
[1.042s] -- Up-to-date: /home/team/SoftwareDevelopment/shovel/install/messages/share/messages/environment/path.dsv
[1.042s] -- Up-to-date: /home/team/SoftwareDevelopment/shovel/install/messages/share/messages/local_setup.bash
[1.043s] -- Up-to-date: /home/team/SoftwareDevelopment/shovel/install/messages/share/messages/local_setup.sh
[1.043s] -- Up-to-date: /home/team/SoftwareDevelopment/shovel/install/messages/share/messages/local_setup.zsh
[1.043s] -- Up-to-date: /home/team/SoftwareDevelopment/shovel/install/messages/share/messages/local_setup.dsv
[1.043s] -- Installing: /home/team/SoftwareDevelopment/shovel/install/messages/share/messages/package.dsv
[1.043s] -- Up-to-date: /home/team/SoftwareDevelopment/shovel/install/messages/share/ament_index/resource_index/packages/messages
[1.043s] -- Up-to-date: /home/team/SoftwareDevelopment/shovel/install/messages/share/messages/cmake/messages__rosidl_generator_cExport.cmake
[1.043s] -- Up-to-date: /home/team/SoftwareDevelopment/shovel/install/messages/share/messages/cmake/messages__rosidl_generator_cExport-noconfig.cmake
[1.044s] -- Up-to-date: /home/team/SoftwareDevelopment/shovel/install/messages/share/messages/cmake/messages__rosidl_typesupport_introspection_cExport.cmake
[1.044s] -- Up-to-date: /home/team/SoftwareDevelopment/shovel/install/messages/share/messages/cmake/messages__rosidl_typesupport_introspection_cExport-noconfig.cmake
[1.044s] -- Up-to-date: /home/team/SoftwareDevelopment/shovel/install/messages/share/messages/cmake/messages__rosidl_typesupport_cExport.cmake
[1.044s] -- Up-to-date: /home/team/SoftwareDevelopment/shovel/install/messages/share/messages/cmake/messages__rosidl_typesupport_cExport-noconfig.cmake
[1.044s] -- Up-to-date: /home/team/SoftwareDevelopment/shovel/install/messages/share/messages/cmake/messages__rosidl_generator_cppExport.cmake
[1.044s] -- Up-to-date: /home/team/SoftwareDevelopment/shovel/install/messages/share/messages/cmake/messages__rosidl_typesupport_introspection_cppExport.cmake
[1.044s] -- Up-to-date: /home/team/SoftwareDevelopment/shovel/install/messages/share/messages/cmake/messages__rosidl_typesupport_introspection_cppExport-noconfig.cmake
[1.045s] -- Up-to-date: /home/team/SoftwareDevelopment/shovel/install/messages/share/messages/cmake/messages__rosidl_typesupport_cppExport.cmake
[1.045s] -- Up-to-date: /home/team/SoftwareDevelopment/shovel/install/messages/share/messages/cmake/messages__rosidl_typesupport_cppExport-noconfig.cmake
[1.045s] -- Up-to-date: /home/team/SoftwareDevelopment/shovel/install/messages/share/messages/cmake/rosidl_cmake-extras.cmake
[1.045s] -- Up-to-date: /home/team/SoftwareDevelopment/shovel/install/messages/share/messages/cmake/ament_cmake_export_dependencies-extras.cmake
[1.045s] -- Up-to-date: /home/team/SoftwareDevelopment/shovel/install/messages/share/messages/cmake/ament_cmake_export_libraries-extras.cmake
[1.045s] -- Up-to-date: /home/team/SoftwareDevelopment/shovel/install/messages/share/messages/cmake/ament_cmake_export_targets-extras.cmake
[1.046s] -- Up-to-date: /home/team/SoftwareDevelopment/shovel/install/messages/share/messages/cmake/ament_cmake_export_include_directories-extras.cmake
[1.046s] -- Up-to-date: /home/team/SoftwareDevelopment/shovel/install/messages/share/messages/cmake/rosidl_cmake_export_typesupport_targets-extras.cmake
[1.046s] -- Up-to-date: /home/team/SoftwareDevelopment/shovel/install/messages/share/messages/cmake/messagesConfig.cmake
[1.046s] -- Up-to-date: /home/team/SoftwareDevelopment/shovel/install/messages/share/messages/cmake/messagesConfig-version.cmake
[1.046s] -- Up-to-date: /home/team/SoftwareDevelopment/shovel/install/messages/share/messages/package.xml
[1.058s] Invoked command in '/home/team/SoftwareDevelopment/shovel/build/messages' returned '0': CMAKE_PREFIX_PATH=/opt/ros/galactic /usr/bin/cmake --install /home/team/SoftwareDevelopment/shovel/build/messages
