[0.095s] Invoking command in '/home/team/SoftwareDevelopment/shovel/build/falcon': AMENT_PREFIX_PATH=/home/team/SoftwareDevelopment/shovel/install/messages:${AMENT_PREFIX_PATH} CMAKE_PREFIX_PATH=/home/team/SoftwareDevelopment/shovel/install/messages:/opt/ros/galactic LD_LIBRARY_PATH=/home/team/SoftwareDevelopment/shovel/install/messages/lib:/opt/ros/galactic/opt/yaml_cpp_vendor/lib:/opt/ros/galactic/lib/aarch64-linux-gnu:/opt/ros/galactic/lib:/usr/local/cuda-11.4/lib64 PYTHONPATH=/home/team/SoftwareDevelopment/shovel/install/messages/lib/python3.8/site-packages:${PYTHONPATH} /usr/bin/cmake --build /home/team/SoftwareDevelopment/shovel/build/falcon -- -j6 -l6
[0.266s] [100%] Built target falcon_node
[0.299s] Invoked command in '/home/team/SoftwareDevelopment/shovel/build/falcon' returned '0': AMENT_PREFIX_PATH=/home/team/SoftwareDevelopment/shovel/install/messages:${AMENT_PREFIX_PATH} CMAKE_PREFIX_PATH=/home/team/SoftwareDevelopment/shovel/install/messages:/opt/ros/galactic LD_LIBRARY_PATH=/home/team/SoftwareDevelopment/shovel/install/messages/lib:/opt/ros/galactic/opt/yaml_cpp_vendor/lib:/opt/ros/galactic/lib/aarch64-linux-gnu:/opt/ros/galactic/lib:/usr/local/cuda-11.4/lib64 PYTHONPATH=/home/team/SoftwareDevelopment/shovel/install/messages/lib/python3.8/site-packages:${PYTHONPATH} /usr/bin/cmake --build /home/team/SoftwareDevelopment/shovel/build/falcon -- -j6 -l6
[0.387s] Invoking command in '/home/team/SoftwareDevelopment/shovel/build/falcon': AMENT_PREFIX_PATH=/home/team/SoftwareDevelopment/shovel/install/messages:${AMENT_PREFIX_PATH} CMAKE_PREFIX_PATH=/home/team/SoftwareDevelopment/shovel/install/messages:/opt/ros/galactic LD_LIBRARY_PATH=/home/team/SoftwareDevelopment/shovel/install/messages/lib:/opt/ros/galactic/opt/yaml_cpp_vendor/lib:/opt/ros/galactic/lib/aarch64-linux-gnu:/opt/ros/galactic/lib:/usr/local/cuda-11.4/lib64 PYTHONPATH=/home/team/SoftwareDevelopment/shovel/install/messages/lib/python3.8/site-packages:${PYTHONPATH} /usr/bin/cmake --install /home/team/SoftwareDevelopment/shovel/build/falcon
[0.418s] -- Install configuration: ""
[0.419s] -- Up-to-date: /home/team/SoftwareDevelopment/shovel/install/falcon/lib/falcon/falcon_node
[0.420s] -- Up-to-date: /home/team/SoftwareDevelopment/shovel/install/falcon/share/ament_index/resource_index/package_run_dependencies/falcon
[0.420s] -- Up-to-date: /home/team/SoftwareDevelopment/shovel/install/falcon/share/ament_index/resource_index/parent_prefix_path/falcon
[0.420s] -- Up-to-date: /home/team/SoftwareDevelopment/shovel/install/falcon/share/falcon/environment/ament_prefix_path.sh
[0.420s] -- Up-to-date: /home/team/SoftwareDevelopment/shovel/install/falcon/share/falcon/environment/ament_prefix_path.dsv
[0.421s] -- Up-to-date: /home/team/SoftwareDevelopment/shovel/install/falcon/share/falcon/environment/path.sh
[0.421s] -- Up-to-date: /home/team/SoftwareDevelopment/shovel/install/falcon/share/falcon/environment/path.dsv
[0.421s] -- Up-to-date: /home/team/SoftwareDevelopment/shovel/install/falcon/share/falcon/local_setup.bash
[0.423s] -- Up-to-date: /home/team/SoftwareDevelopment/shovel/install/falcon/share/falcon/local_setup.sh
[0.424s] -- Up-to-date: /home/team/SoftwareDevelopment/shovel/install/falcon/share/falcon/local_setup.zsh
[0.424s] -- Up-to-date: /home/team/SoftwareDevelopment/shovel/install/falcon/share/falcon/local_setup.dsv
[0.424s] -- Installing: /home/team/SoftwareDevelopment/shovel/install/falcon/share/falcon/package.dsv
[0.427s] -- Up-to-date: /home/team/SoftwareDevelopment/shovel/install/falcon/share/ament_index/resource_index/packages/falcon
[0.428s] -- Up-to-date: /home/team/SoftwareDevelopment/shovel/install/falcon/share/falcon/cmake/falconConfig.cmake
[0.428s] -- Up-to-date: /home/team/SoftwareDevelopment/shovel/install/falcon/share/falcon/cmake/falconConfig-version.cmake
[0.430s] -- Up-to-date: /home/team/SoftwareDevelopment/shovel/install/falcon/share/falcon/package.xml
[0.466s] Invoked command in '/home/team/SoftwareDevelopment/shovel/build/falcon' returned '0': AMENT_PREFIX_PATH=/home/team/SoftwareDevelopment/shovel/install/messages:${AMENT_PREFIX_PATH} CMAKE_PREFIX_PATH=/home/team/SoftwareDevelopment/shovel/install/messages:/opt/ros/galactic LD_LIBRARY_PATH=/home/team/SoftwareDevelopment/shovel/install/messages/lib:/opt/ros/galactic/opt/yaml_cpp_vendor/lib:/opt/ros/galactic/lib/aarch64-linux-gnu:/opt/ros/galactic/lib:/usr/local/cuda-11.4/lib64 PYTHONPATH=/home/team/SoftwareDevelopment/shovel/install/messages/lib/python3.8/site-packages:${PYTHONPATH} /usr/bin/cmake --install /home/team/SoftwareDevelopment/shovel/build/falcon
