[0.054s] Invoking command in '/home/team/SoftwareDevelopment/shovel/build/excavation': CMAKE_PREFIX_PATH=/home/team/SoftwareDevelopment/shovel/install/messages:/home/team/SoftwareDevelopment/shovel/install/test:/home/team/SoftwareDevelopment/shovel/install/talon:/home/team/SoftwareDevelopment/shovel/install/power_distribution_panel:/home/team/SoftwareDevelopment/shovel/install/logic:/home/team/SoftwareDevelopment/shovel/install/falcon:/home/team/SoftwareDevelopment/shovel/install/excavation:/home/team/SoftwareDevelopment/shovel/install/communication2:/opt/ros/galactic LD_LIBRARY_PATH=/home/team/SoftwareDevelopment/shovel/install/messages/lib:/opt/ros/galactic/opt/yaml_cpp_vendor/lib:/opt/ros/galactic/lib/aarch64-linux-gnu:/opt/ros/galactic/lib:/usr/local/cuda-11.4/lib64 /usr/bin/cmake --build /home/team/SoftwareDevelopment/shovel/build/excavation -- -j6 -l6
[0.145s] [35m[1mScanning dependencies of target excavation_node[0m
[0.197s] [ 50%] [32mBuilding CXX object CMakeFiles/excavation_node.dir/src/excavation_node.cpp.o[0m
[36.946s] [100%] [32m[1mLinking CXX executable excavation_node[0m
[38.725s] [100%] Built target excavation_node
[38.872s] Invoked command in '/home/team/SoftwareDevelopment/shovel/build/excavation' returned '0': CMAKE_PREFIX_PATH=/home/team/SoftwareDevelopment/shovel/install/messages:/home/team/SoftwareDevelopment/shovel/install/test:/home/team/SoftwareDevelopment/shovel/install/talon:/home/team/SoftwareDevelopment/shovel/install/power_distribution_panel:/home/team/SoftwareDevelopment/shovel/install/logic:/home/team/SoftwareDevelopment/shovel/install/falcon:/home/team/SoftwareDevelopment/shovel/install/excavation:/home/team/SoftwareDevelopment/shovel/install/communication2:/opt/ros/galactic LD_LIBRARY_PATH=/home/team/SoftwareDevelopment/shovel/install/messages/lib:/opt/ros/galactic/opt/yaml_cpp_vendor/lib:/opt/ros/galactic/lib/aarch64-linux-gnu:/opt/ros/galactic/lib:/usr/local/cuda-11.4/lib64 /usr/bin/cmake --build /home/team/SoftwareDevelopment/shovel/build/excavation -- -j6 -l6
[38.962s] Invoking command in '/home/team/SoftwareDevelopment/shovel/build/excavation': CMAKE_PREFIX_PATH=/home/team/SoftwareDevelopment/shovel/install/messages:/home/team/SoftwareDevelopment/shovel/install/test:/home/team/SoftwareDevelopment/shovel/install/talon:/home/team/SoftwareDevelopment/shovel/install/power_distribution_panel:/home/team/SoftwareDevelopment/shovel/install/logic:/home/team/SoftwareDevelopment/shovel/install/falcon:/home/team/SoftwareDevelopment/shovel/install/excavation:/home/team/SoftwareDevelopment/shovel/install/communication2:/opt/ros/galactic LD_LIBRARY_PATH=/home/team/SoftwareDevelopment/shovel/install/messages/lib:/opt/ros/galactic/opt/yaml_cpp_vendor/lib:/opt/ros/galactic/lib/aarch64-linux-gnu:/opt/ros/galactic/lib:/usr/local/cuda-11.4/lib64 /usr/bin/cmake --install /home/team/SoftwareDevelopment/shovel/build/excavation
[38.986s] -- Install configuration: ""
[38.986s] -- Installing: /home/team/SoftwareDevelopment/shovel/install/excavation/lib/excavation/excavation_node
[39.004s] -- Set runtime path of "/home/team/SoftwareDevelopment/shovel/install/excavation/lib/excavation/excavation_node" to ""
[39.004s] -- Up-to-date: /home/team/SoftwareDevelopment/shovel/install/excavation/share/ament_index/resource_index/package_run_dependencies/excavation
[39.004s] -- Up-to-date: /home/team/SoftwareDevelopment/shovel/install/excavation/share/ament_index/resource_index/parent_prefix_path/excavation
[39.004s] -- Up-to-date: /home/team/SoftwareDevelopment/shovel/install/excavation/share/excavation/environment/ament_prefix_path.sh
[39.005s] -- Up-to-date: /home/team/SoftwareDevelopment/shovel/install/excavation/share/excavation/environment/ament_prefix_path.dsv
[39.005s] -- Up-to-date: /home/team/SoftwareDevelopment/shovel/install/excavation/share/excavation/environment/path.sh
[39.005s] -- Up-to-date: /home/team/SoftwareDevelopment/shovel/install/excavation/share/excavation/environment/path.dsv
[39.005s] -- Up-to-date: /home/team/SoftwareDevelopment/shovel/install/excavation/share/excavation/local_setup.bash
[39.005s] -- Up-to-date: /home/team/SoftwareDevelopment/shovel/install/excavation/share/excavation/local_setup.sh
[39.005s] -- Up-to-date: /home/team/SoftwareDevelopment/shovel/install/excavation/share/excavation/local_setup.zsh
[39.005s] -- Up-to-date: /home/team/SoftwareDevelopment/shovel/install/excavation/share/excavation/local_setup.dsv
[39.006s] -- Installing: /home/team/SoftwareDevelopment/shovel/install/excavation/share/excavation/package.dsv
[39.006s] -- Up-to-date: /home/team/SoftwareDevelopment/shovel/install/excavation/share/ament_index/resource_index/packages/excavation
[39.006s] -- Up-to-date: /home/team/SoftwareDevelopment/shovel/install/excavation/share/excavation/cmake/excavationConfig.cmake
[39.006s] -- Up-to-date: /home/team/SoftwareDevelopment/shovel/install/excavation/share/excavation/cmake/excavationConfig-version.cmake
[39.006s] -- Up-to-date: /home/team/SoftwareDevelopment/shovel/install/excavation/share/excavation/package.xml
[39.014s] Invoked command in '/home/team/SoftwareDevelopment/shovel/build/excavation' returned '0': CMAKE_PREFIX_PATH=/home/team/SoftwareDevelopment/shovel/install/messages:/home/team/SoftwareDevelopment/shovel/install/test:/home/team/SoftwareDevelopment/shovel/install/talon:/home/team/SoftwareDevelopment/shovel/install/power_distribution_panel:/home/team/SoftwareDevelopment/shovel/install/logic:/home/team/SoftwareDevelopment/shovel/install/falcon:/home/team/SoftwareDevelopment/shovel/install/excavation:/home/team/SoftwareDevelopment/shovel/install/communication2:/opt/ros/galactic LD_LIBRARY_PATH=/home/team/SoftwareDevelopment/shovel/install/messages/lib:/opt/ros/galactic/opt/yaml_cpp_vendor/lib:/opt/ros/galactic/lib/aarch64-linux-gnu:/opt/ros/galactic/lib:/usr/local/cuda-11.4/lib64 /usr/bin/cmake --install /home/team/SoftwareDevelopment/shovel/build/excavation
