[0.080s] Invoking command in '/home/team/SoftwareDevelopment/shovel/build/messages': CMAKE_PREFIX_PATH=/opt/ros/galactic /usr/bin/cmake --build /home/team/SoftwareDevelopment/shovel/build/messages -- -j6 -l6
[0.222s] [  3%] Built target messages__cpp
[0.222s] [ 16%] Built target messages__rosidl_generator_c
[0.282s] [ 48%] Built target messages__rosidl_typesupport_introspection_cpp
[0.283s] [ 48%] Built target messages__rosidl_typesupport_introspection_c
[0.339s] [ 79%] Built target messages__rosidl_typesupport_c
[0.340s] [ 79%] Built target messages__rosidl_typesupport_cpp
[0.388s] [ 79%] Built target messages
[0.440s] [ 80%] Built target messages__py
[0.509s] [ 95%] Built target messages__python
[0.566s] [100%] Built target messages__rosidl_typesupport_c__pyext
[0.566s] [100%] Built target messages__rosidl_typesupport_introspection_c__pyext
[0.598s] Invoked command in '/home/team/SoftwareDevelopment/shovel/build/messages' returned '0': CMAKE_PREFIX_PATH=/opt/ros/galactic /usr/bin/cmake --build /home/team/SoftwareDevelopment/shovel/build/messages -- -j6 -l6
[0.897s] Invoking command in '/home/team/SoftwareDevelopment/shovel/build/messages': CMAKE_PREFIX_PATH=/opt/ros/galactic /usr/bin/cmake --install /home/team/SoftwareDevelopment/shovel/build/messages
[0.920s] -- Install configuration: ""
[0.920s] -- Up-to-date: /home/team/SoftwareDevelopment/shovel/install/messages/share/ament_index/resource_index/rosidl_interfaces/messages
[0.921s] -- Up-to-date: /home/team/SoftwareDevelopment/shovel/install/messages/include/messages
[0.921s] -- Up-to-date: /home/team/SoftwareDevelopment/shovel/install/messages/include/messages/msg
[0.921s] -- Up-to-date: /home/team/SoftwareDevelopment/shovel/install/messages/include/messages/msg/button_state.h
[0.922s] -- Up-to-date: /home/team/SoftwareDevelopment/shovel/install/messages/include/messages/msg/zed_position.h
[0.922s] -- Up-to-date: /home/team/SoftwareDevelopment/shovel/install/messages/include/messages/msg/rosidl_generator_c__visibility_control.h
[0.923s] -- Up-to-date: /home/team/SoftwareDevelopment/shovel/install/messages/include/messages/msg/key_state.h
[0.923s] -- Up-to-date: /home/team/SoftwareDevelopment/shovel/install/messages/include/messages/msg/hat_state.h
[0.923s] -- Up-to-date: /home/team/SoftwareDevelopment/shovel/install/messages/include/messages/msg/victor_out.h
[0.923s] -- Up-to-date: /home/team/SoftwareDevelopment/shovel/install/messages/include/messages/msg/detail
[0.924s] -- Up-to-date: /home/team/SoftwareDevelopment/shovel/install/messages/include/messages/msg/detail/power__functions.c
[0.924s] -- Up-to-date: /home/team/SoftwareDevelopment/shovel/install/messages/include/messages/msg/detail/power__struct.h
[0.924s] -- Up-to-date: /home/team/SoftwareDevelopment/shovel/install/messages/include/messages/msg/detail/zed_position__functions.c
[0.925s] -- Up-to-date: /home/team/SoftwareDevelopment/shovel/install/messages/include/messages/msg/detail/hat_state__functions.c
[0.925s] -- Up-to-date: /home/team/SoftwareDevelopment/shovel/install/messages/include/messages/msg/detail/joystick_command__functions.h
[0.925s] -- Up-to-date: /home/team/SoftwareDevelopment/shovel/install/messages/include/messages/msg/detail/talon_out__functions.h
[0.926s] -- Up-to-date: /home/team/SoftwareDevelopment/shovel/install/messages/include/messages/msg/detail/victor_out__type_support.h
[0.926s] -- Up-to-date: /home/team/SoftwareDevelopment/shovel/install/messages/include/messages/msg/detail/key_state__functions.c
[0.926s] -- Up-to-date: /home/team/SoftwareDevelopment/shovel/install/messages/include/messages/msg/detail/joystick_command__struct.h
[0.926s] -- Up-to-date: /home/team/SoftwareDevelopment/shovel/install/messages/include/messages/msg/detail/camera__functions.h
[0.926s] -- Up-to-date: /home/team/SoftwareDevelopment/shovel/install/messages/include/messages/msg/detail/axis_state__struct.h
[0.927s] -- Up-to-date: /home/team/SoftwareDevelopment/shovel/install/messages/include/messages/msg/detail/hat_state__type_support.h
[0.927s] -- Up-to-date: /home/team/SoftwareDevelopment/shovel/install/messages/include/messages/msg/detail/button_state__type_support.h
[0.928s] -- Up-to-date: /home/team/SoftwareDevelopment/shovel/install/messages/include/messages/msg/detail/key_state__functions.h
[0.928s] -- Up-to-date: /home/team/SoftwareDevelopment/shovel/install/messages/include/messages/msg/detail/button_state__struct.h
[0.930s] -- Up-to-date: /home/team/SoftwareDevelopment/shovel/install/messages/include/messages/msg/detail/axis_state__type_support.h
[0.930s] -- Up-to-date: /home/team/SoftwareDevelopment/shovel/install/messages/include/messages/msg/detail/autonomy_out__struct.h
[0.930s] -- Up-to-date: /home/team/SoftwareDevelopment/shovel/install/messages/include/messages/msg/detail/talon_out__functions.c
[0.931s] -- Up-to-date: /home/team/SoftwareDevelopment/shovel/install/messages/include/messages/msg/detail/talon_out__struct.h
[0.931s] -- Up-to-date: /home/team/SoftwareDevelopment/shovel/install/messages/include/messages/msg/detail/key_state__type_support.h
[0.931s] -- Up-to-date: /home/team/SoftwareDevelopment/shovel/install/messages/include/messages/msg/detail/linear_out__functions.h
[0.931s] -- Up-to-date: /home/team/SoftwareDevelopment/shovel/install/messages/include/messages/msg/detail/key_state__struct.h
[0.931s] -- Up-to-date: /home/team/SoftwareDevelopment/shovel/install/messages/include/messages/msg/detail/axis_state__functions.h
[0.932s] -- Up-to-date: /home/team/SoftwareDevelopment/shovel/install/messages/include/messages/msg/detail/power__functions.h
[0.932s] -- Up-to-date: /home/team/SoftwareDevelopment/shovel/install/messages/include/messages/msg/detail/victor_out__functions.c
[0.932s] -- Up-to-date: /home/team/SoftwareDevelopment/shovel/install/messages/include/messages/msg/detail/linear_out__struct.h
[0.932s] -- Up-to-date: /home/team/SoftwareDevelopment/shovel/install/messages/include/messages/msg/detail/autonomy_out__type_support.h
[0.932s] -- Up-to-date: /home/team/SoftwareDevelopment/shovel/install/messages/include/messages/msg/detail/linear_out__functions.c
[0.932s] -- Up-to-date: /home/team/SoftwareDevelopment/shovel/install/messages/include/messages/msg/detail/power__type_support.h
[0.932s] -- Up-to-date: /home/team/SoftwareDevelopment/shovel/install/messages/include/messages/msg/detail/joystick_command__functions.c
[0.933s] -- Up-to-date: /home/team/SoftwareDevelopment/shovel/install/messages/include/messages/msg/detail/camera__functions.c
[0.933s] -- Up-to-date: /home/team/SoftwareDevelopment/shovel/install/messages/include/messages/msg/detail/zed_position__type_support.h
[0.933s] -- Up-to-date: /home/team/SoftwareDevelopment/shovel/install/messages/include/messages/msg/detail/button_state__functions.h
[0.933s] -- Up-to-date: /home/team/SoftwareDevelopment/shovel/install/messages/include/messages/msg/detail/autonomy_out__functions.c
[0.933s] -- Up-to-date: /home/team/SoftwareDevelopment/shovel/install/messages/include/messages/msg/detail/hat_state__struct.h
[0.933s] -- Up-to-date: /home/team/SoftwareDevelopment/shovel/install/messages/include/messages/msg/detail/camera__struct.h
[0.933s] -- Up-to-date: /home/team/SoftwareDevelopment/shovel/install/messages/include/messages/msg/detail/joystick_command__type_support.h
[0.933s] -- Up-to-date: /home/team/SoftwareDevelopment/shovel/install/messages/include/messages/msg/detail/button_state__functions.c
[0.934s] -- Up-to-date: /home/team/SoftwareDevelopment/shovel/install/messages/include/messages/msg/detail/linear_out__type_support.h
[0.934s] -- Up-to-date: /home/team/SoftwareDevelopment/shovel/install/messages/include/messages/msg/detail/zed_position__struct.h
[0.934s] -- Up-to-date: /home/team/SoftwareDevelopment/shovel/install/messages/include/messages/msg/detail/victor_out__functions.h
[0.934s] -- Up-to-date: /home/team/SoftwareDevelopment/shovel/install/messages/include/messages/msg/detail/autonomy_out__functions.h
[0.934s] -- Up-to-date: /home/team/SoftwareDevelopment/shovel/install/messages/include/messages/msg/detail/victor_out__struct.h
[0.934s] -- Up-to-date: /home/team/SoftwareDevelopment/shovel/install/messages/include/messages/msg/detail/hat_state__functions.h
[0.934s] -- Up-to-date: /home/team/SoftwareDevelopment/shovel/install/messages/include/messages/msg/detail/talon_out__type_support.h
[0.934s] -- Up-to-date: /home/team/SoftwareDevelopment/shovel/install/messages/include/messages/msg/detail/zed_position__functions.h
[0.934s] -- Up-to-date: /home/team/SoftwareDevelopment/shovel/install/messages/include/messages/msg/detail/axis_state__functions.c
[0.935s] -- Up-to-date: /home/team/SoftwareDevelopment/shovel/install/messages/include/messages/msg/detail/camera__type_support.h
[0.935s] -- Up-to-date: /home/team/SoftwareDevelopment/shovel/install/messages/include/messages/msg/joystick_command.h
[0.935s] -- Up-to-date: /home/team/SoftwareDevelopment/shovel/install/messages/include/messages/msg/linear_out.h
[0.935s] -- Up-to-date: /home/team/SoftwareDevelopment/shovel/install/messages/include/messages/msg/power.h
[0.935s] -- Up-to-date: /home/team/SoftwareDevelopment/shovel/install/messages/include/messages/msg/autonomy_out.h
[0.935s] -- Up-to-date: /home/team/SoftwareDevelopment/shovel/install/messages/include/messages/msg/axis_state.h
[0.935s] -- Up-to-date: /home/team/SoftwareDevelopment/shovel/install/messages/include/messages/msg/camera.h
[0.935s] -- Up-to-date: /home/team/SoftwareDevelopment/shovel/install/messages/include/messages/msg/talon_out.h
[0.936s] -- Up-to-date: /home/team/SoftwareDevelopment/shovel/install/messages/share/messages/environment/library_path.sh
[0.936s] -- Up-to-date: /home/team/SoftwareDevelopment/shovel/install/messages/share/messages/environment/library_path.dsv
[0.936s] -- Up-to-date: /home/team/SoftwareDevelopment/shovel/install/messages/lib/libmessages__rosidl_generator_c.so
[0.936s] -- Up-to-date: /home/team/SoftwareDevelopment/shovel/install/messages/include/messages
[0.936s] -- Up-to-date: /home/team/SoftwareDevelopment/shovel/install/messages/include/messages/msg
[0.936s] -- Up-to-date: /home/team/SoftwareDevelopment/shovel/install/messages/include/messages/msg/detail
[0.936s] -- Up-to-date: /home/team/SoftwareDevelopment/shovel/install/messages/include/messages/msg/detail/joystick_command__type_support.c
[0.936s] -- Up-to-date: /home/team/SoftwareDevelopment/shovel/install/messages/include/messages/msg/detail/linear_out__rosidl_typesupport_introspection_c.h
[0.937s] -- Up-to-date: /home/team/SoftwareDevelopment/shovel/install/messages/include/messages/msg/detail/hat_state__rosidl_typesupport_introspection_c.h
[0.937s] -- Up-to-date: /home/team/SoftwareDevelopment/shovel/install/messages/include/messages/msg/detail/key_state__rosidl_typesupport_introspection_c.h
[0.937s] -- Up-to-date: /home/team/SoftwareDevelopment/shovel/install/messages/include/messages/msg/detail/autonomy_out__type_support.c
[0.937s] -- Up-to-date: /home/team/SoftwareDevelopment/shovel/install/messages/include/messages/msg/detail/power__type_support.c
[0.937s] -- Up-to-date: /home/team/SoftwareDevelopment/shovel/install/messages/include/messages/msg/detail/camera__rosidl_typesupport_introspection_c.h
[0.937s] -- Up-to-date: /home/team/SoftwareDevelopment/shovel/install/messages/include/messages/msg/detail/zed_position__type_support.c
[0.937s] -- Up-to-date: /home/team/SoftwareDevelopment/shovel/install/messages/include/messages/msg/detail/victor_out__type_support.c
[0.937s] -- Up-to-date: /home/team/SoftwareDevelopment/shovel/install/messages/include/messages/msg/detail/talon_out__rosidl_typesupport_introspection_c.h
[0.937s] -- Up-to-date: /home/team/SoftwareDevelopment/shovel/install/messages/include/messages/msg/detail/zed_position__rosidl_typesupport_introspection_c.h
[0.938s] -- Up-to-date: /home/team/SoftwareDevelopment/shovel/install/messages/include/messages/msg/detail/talon_out__type_support.c
[0.938s] -- Up-to-date: /home/team/SoftwareDevelopment/shovel/install/messages/include/messages/msg/detail/victor_out__rosidl_typesupport_introspection_c.h
[0.938s] -- Up-to-date: /home/team/SoftwareDevelopment/shovel/install/messages/include/messages/msg/detail/button_state__type_support.c
[0.938s] -- Up-to-date: /home/team/SoftwareDevelopment/shovel/install/messages/include/messages/msg/detail/power__rosidl_typesupport_introspection_c.h
[0.938s] -- Up-to-date: /home/team/SoftwareDevelopment/shovel/install/messages/include/messages/msg/detail/camera__type_support.c
[0.938s] -- Up-to-date: /home/team/SoftwareDevelopment/shovel/install/messages/include/messages/msg/detail/key_state__type_support.c
[0.938s] -- Up-to-date: /home/team/SoftwareDevelopment/shovel/install/messages/include/messages/msg/detail/hat_state__type_support.c
[0.938s] -- Up-to-date: /home/team/SoftwareDevelopment/shovel/install/messages/include/messages/msg/detail/axis_state__rosidl_typesupport_introspection_c.h
[0.938s] -- Up-to-date: /home/team/SoftwareDevelopment/shovel/install/messages/include/messages/msg/detail/button_state__rosidl_typesupport_introspection_c.h
[0.939s] -- Up-to-date: /home/team/SoftwareDevelopment/shovel/install/messages/include/messages/msg/detail/joystick_command__rosidl_typesupport_introspection_c.h
[0.939s] -- Up-to-date: /home/team/SoftwareDevelopment/shovel/install/messages/include/messages/msg/detail/autonomy_out__rosidl_typesupport_introspection_c.h
[0.939s] -- Up-to-date: /home/team/SoftwareDevelopment/shovel/install/messages/include/messages/msg/detail/linear_out__type_support.c
[0.939s] -- Up-to-date: /home/team/SoftwareDevelopment/shovel/install/messages/include/messages/msg/detail/axis_state__type_support.c
[0.939s] -- Up-to-date: /home/team/SoftwareDevelopment/shovel/install/messages/include/messages/msg/rosidl_typesupport_introspection_c__visibility_control.h
[0.939s] -- Up-to-date: /home/team/SoftwareDevelopment/shovel/install/messages/lib/libmessages__rosidl_typesupport_introspection_c.so
[0.939s] -- Up-to-date: /home/team/SoftwareDevelopment/shovel/install/messages/lib/libmessages__rosidl_typesupport_c.so
[0.939s] -- Up-to-date: /home/team/SoftwareDevelopment/shovel/install/messages/include/messages
[0.940s] -- Up-to-date: /home/team/SoftwareDevelopment/shovel/install/messages/include/messages/msg
[0.940s] -- Up-to-date: /home/team/SoftwareDevelopment/shovel/install/messages/include/messages/msg/detail
[0.940s] -- Up-to-date: /home/team/SoftwareDevelopment/shovel/install/messages/include/messages/msg/detail/button_state__builder.hpp
[0.940s] -- Up-to-date: /home/team/SoftwareDevelopment/shovel/install/messages/include/messages/msg/detail/joystick_command__builder.hpp
[0.940s] -- Up-to-date: /home/team/SoftwareDevelopment/shovel/install/messages/include/messages/msg/detail/talon_out__builder.hpp
[0.940s] -- Up-to-date: /home/team/SoftwareDevelopment/shovel/install/messages/include/messages/msg/detail/victor_out__traits.hpp
[0.940s] -- Up-to-date: /home/team/SoftwareDevelopment/shovel/install/messages/include/messages/msg/detail/camera__traits.hpp
[0.940s] -- Up-to-date: /home/team/SoftwareDevelopment/shovel/install/messages/include/messages/msg/detail/joystick_command__struct.hpp
[0.940s] -- Up-to-date: /home/team/SoftwareDevelopment/shovel/install/messages/include/messages/msg/detail/key_state__traits.hpp
[0.941s] -- Up-to-date: /home/team/SoftwareDevelopment/shovel/install/messages/include/messages/msg/detail/button_state__traits.hpp
[0.941s] -- Up-to-date: /home/team/SoftwareDevelopment/shovel/install/messages/include/messages/msg/detail/joystick_command__traits.hpp
[0.941s] -- Up-to-date: /home/team/SoftwareDevelopment/shovel/install/messages/include/messages/msg/detail/axis_state__builder.hpp
[0.941s] -- Up-to-date: /home/team/SoftwareDevelopment/shovel/install/messages/include/messages/msg/detail/zed_position__struct.hpp
[0.941s] -- Up-to-date: /home/team/SoftwareDevelopment/shovel/install/messages/include/messages/msg/detail/power__struct.hpp
[0.941s] -- Up-to-date: /home/team/SoftwareDevelopment/shovel/install/messages/include/messages/msg/detail/camera__builder.hpp
[0.941s] -- Up-to-date: /home/team/SoftwareDevelopment/shovel/install/messages/include/messages/msg/detail/power__traits.hpp
[0.941s] -- Up-to-date: /home/team/SoftwareDevelopment/shovel/install/messages/include/messages/msg/detail/hat_state__struct.hpp
[0.942s] -- Up-to-date: /home/team/SoftwareDevelopment/shovel/install/messages/include/messages/msg/detail/power__builder.hpp
[0.942s] -- Up-to-date: /home/team/SoftwareDevelopment/shovel/install/messages/include/messages/msg/detail/button_state__struct.hpp
[0.942s] -- Up-to-date: /home/team/SoftwareDevelopment/shovel/install/messages/include/messages/msg/detail/zed_position__builder.hpp
[0.942s] -- Up-to-date: /home/team/SoftwareDevelopment/shovel/install/messages/include/messages/msg/detail/talon_out__traits.hpp
[0.942s] -- Up-to-date: /home/team/SoftwareDevelopment/shovel/install/messages/include/messages/msg/detail/key_state__builder.hpp
[0.942s] -- Up-to-date: /home/team/SoftwareDevelopment/shovel/install/messages/include/messages/msg/detail/key_state__struct.hpp
[0.942s] -- Up-to-date: /home/team/SoftwareDevelopment/shovel/install/messages/include/messages/msg/detail/autonomy_out__builder.hpp
[0.942s] -- Up-to-date: /home/team/SoftwareDevelopment/shovel/install/messages/include/messages/msg/detail/axis_state__traits.hpp
[0.942s] -- Up-to-date: /home/team/SoftwareDevelopment/shovel/install/messages/include/messages/msg/detail/victor_out__struct.hpp
[0.943s] -- Up-to-date: /home/team/SoftwareDevelopment/shovel/install/messages/include/messages/msg/detail/hat_state__traits.hpp
[0.943s] -- Up-to-date: /home/team/SoftwareDevelopment/shovel/install/messages/include/messages/msg/detail/autonomy_out__struct.hpp
[0.943s] -- Up-to-date: /home/team/SoftwareDevelopment/shovel/install/messages/include/messages/msg/detail/victor_out__builder.hpp
[0.943s] -- Up-to-date: /home/team/SoftwareDevelopment/shovel/install/messages/include/messages/msg/detail/hat_state__builder.hpp
[0.943s] -- Up-to-date: /home/team/SoftwareDevelopment/shovel/install/messages/include/messages/msg/detail/camera__struct.hpp
[0.943s] -- Up-to-date: /home/team/SoftwareDevelopment/shovel/install/messages/include/messages/msg/detail/linear_out__traits.hpp
[0.943s] -- Up-to-date: /home/team/SoftwareDevelopment/shovel/install/messages/include/messages/msg/detail/autonomy_out__traits.hpp
[0.943s] -- Up-to-date: /home/team/SoftwareDevelopment/shovel/install/messages/include/messages/msg/detail/linear_out__builder.hpp
[0.944s] -- Up-to-date: /home/team/SoftwareDevelopment/shovel/install/messages/include/messages/msg/detail/axis_state__struct.hpp
[0.944s] -- Up-to-date: /home/team/SoftwareDevelopment/shovel/install/messages/include/messages/msg/detail/linear_out__struct.hpp
[0.944s] -- Up-to-date: /home/team/SoftwareDevelopment/shovel/install/messages/include/messages/msg/detail/talon_out__struct.hpp
[0.944s] -- Up-to-date: /home/team/SoftwareDevelopment/shovel/install/messages/include/messages/msg/detail/zed_position__traits.hpp
[0.944s] -- Up-to-date: /home/team/SoftwareDevelopment/shovel/install/messages/include/messages/msg/key_state.hpp
[0.944s] -- Up-to-date: /home/team/SoftwareDevelopment/shovel/install/messages/include/messages/msg/axis_state.hpp
[0.944s] -- Up-to-date: /home/team/SoftwareDevelopment/shovel/install/messages/include/messages/msg/autonomy_out.hpp
[0.944s] -- Up-to-date: /home/team/SoftwareDevelopment/shovel/install/messages/include/messages/msg/victor_out.hpp
[0.944s] -- Up-to-date: /home/team/SoftwareDevelopment/shovel/install/messages/include/messages/msg/power.hpp
[0.945s] -- Up-to-date: /home/team/SoftwareDevelopment/shovel/install/messages/include/messages/msg/button_state.hpp
[0.945s] -- Up-to-date: /home/team/SoftwareDevelopment/shovel/install/messages/include/messages/msg/camera.hpp
[0.945s] -- Up-to-date: /home/team/SoftwareDevelopment/shovel/install/messages/include/messages/msg/talon_out.hpp
[0.945s] -- Up-to-date: /home/team/SoftwareDevelopment/shovel/install/messages/include/messages/msg/zed_position.hpp
[0.945s] -- Up-to-date: /home/team/SoftwareDevelopment/shovel/install/messages/include/messages/msg/linear_out.hpp
[0.945s] -- Up-to-date: /home/team/SoftwareDevelopment/shovel/install/messages/include/messages/msg/joystick_command.hpp
[0.945s] -- Up-to-date: /home/team/SoftwareDevelopment/shovel/install/messages/include/messages/msg/hat_state.hpp
[0.945s] -- Up-to-date: /home/team/SoftwareDevelopment/shovel/install/messages/include/messages
[0.945s] -- Up-to-date: /home/team/SoftwareDevelopment/shovel/install/messages/include/messages/msg
[0.946s] -- Up-to-date: /home/team/SoftwareDevelopment/shovel/install/messages/include/messages/msg/detail
[0.946s] -- Up-to-date: /home/team/SoftwareDevelopment/shovel/install/messages/include/messages/msg/detail/victor_out__rosidl_typesupport_introspection_cpp.hpp
[0.946s] -- Up-to-date: /home/team/SoftwareDevelopment/shovel/install/messages/include/messages/msg/detail/power__type_support.cpp
[0.946s] -- Up-to-date: /home/team/SoftwareDevelopment/shovel/install/messages/include/messages/msg/detail/talon_out__type_support.cpp
[0.946s] -- Up-to-date: /home/team/SoftwareDevelopment/shovel/install/messages/include/messages/msg/detail/key_state__rosidl_typesupport_introspection_cpp.hpp
[0.946s] -- Up-to-date: /home/team/SoftwareDevelopment/shovel/install/messages/include/messages/msg/detail/joystick_command__type_support.cpp
[0.946s] -- Up-to-date: /home/team/SoftwareDevelopment/shovel/install/messages/include/messages/msg/detail/autonomy_out__rosidl_typesupport_introspection_cpp.hpp
[0.946s] -- Up-to-date: /home/team/SoftwareDevelopment/shovel/install/messages/include/messages/msg/detail/zed_position__rosidl_typesupport_introspection_cpp.hpp
[0.946s] -- Up-to-date: /home/team/SoftwareDevelopment/shovel/install/messages/include/messages/msg/detail/linear_out__type_support.cpp
[0.947s] -- Up-to-date: /home/team/SoftwareDevelopment/shovel/install/messages/include/messages/msg/detail/power__rosidl_typesupport_introspection_cpp.hpp
[0.947s] -- Up-to-date: /home/team/SoftwareDevelopment/shovel/install/messages/include/messages/msg/detail/talon_out__rosidl_typesupport_introspection_cpp.hpp
[0.947s] -- Up-to-date: /home/team/SoftwareDevelopment/shovel/install/messages/include/messages/msg/detail/axis_state__rosidl_typesupport_introspection_cpp.hpp
[0.947s] -- Up-to-date: /home/team/SoftwareDevelopment/shovel/install/messages/include/messages/msg/detail/hat_state__type_support.cpp
[0.947s] -- Up-to-date: /home/team/SoftwareDevelopment/shovel/install/messages/include/messages/msg/detail/axis_state__type_support.cpp
[0.947s] -- Up-to-date: /home/team/SoftwareDevelopment/shovel/install/messages/include/messages/msg/detail/joystick_command__rosidl_typesupport_introspection_cpp.hpp
[0.947s] -- Up-to-date: /home/team/SoftwareDevelopment/shovel/install/messages/include/messages/msg/detail/autonomy_out__type_support.cpp
[0.947s] -- Up-to-date: /home/team/SoftwareDevelopment/shovel/install/messages/include/messages/msg/detail/button_state__rosidl_typesupport_introspection_cpp.hpp
[0.948s] -- Up-to-date: /home/team/SoftwareDevelopment/shovel/install/messages/include/messages/msg/detail/victor_out__type_support.cpp
[0.948s] -- Up-to-date: /home/team/SoftwareDevelopment/shovel/install/messages/include/messages/msg/detail/camera__type_support.cpp
[0.948s] -- Up-to-date: /home/team/SoftwareDevelopment/shovel/install/messages/include/messages/msg/detail/camera__rosidl_typesupport_introspection_cpp.hpp
[0.948s] -- Up-to-date: /home/team/SoftwareDevelopment/shovel/install/messages/include/messages/msg/detail/button_state__type_support.cpp
[0.948s] -- Up-to-date: /home/team/SoftwareDevelopment/shovel/install/messages/include/messages/msg/detail/linear_out__rosidl_typesupport_introspection_cpp.hpp
[0.948s] -- Up-to-date: /home/team/SoftwareDevelopment/shovel/install/messages/include/messages/msg/detail/hat_state__rosidl_typesupport_introspection_cpp.hpp
[0.948s] -- Up-to-date: /home/team/SoftwareDevelopment/shovel/install/messages/include/messages/msg/detail/key_state__type_support.cpp
[0.948s] -- Up-to-date: /home/team/SoftwareDevelopment/shovel/install/messages/include/messages/msg/detail/zed_position__type_support.cpp
[0.948s] -- Up-to-date: /home/team/SoftwareDevelopment/shovel/install/messages/lib/libmessages__rosidl_typesupport_introspection_cpp.so
[0.949s] -- Up-to-date: /home/team/SoftwareDevelopment/shovel/install/messages/lib/libmessages__rosidl_typesupport_cpp.so
[0.949s] -- Up-to-date: /home/team/SoftwareDevelopment/shovel/install/messages/share/messages/environment/pythonpath.sh
[0.949s] -- Up-to-date: /home/team/SoftwareDevelopment/shovel/install/messages/share/messages/environment/pythonpath.dsv
[0.949s] -- Up-to-date: /home/team/SoftwareDevelopment/shovel/install/messages/lib/python3.8/site-packages/messages/__init__.py
[1.008s] -- Up-to-date: /home/team/SoftwareDevelopment/shovel/install/messages/lib/python3.8/site-packages/messages/msg
[1.009s] -- Up-to-date: /home/team/SoftwareDevelopment/shovel/install/messages/lib/python3.8/site-packages/messages/msg/_linear_out.py
[1.009s] -- Up-to-date: /home/team/SoftwareDevelopment/shovel/install/messages/lib/python3.8/site-packages/messages/msg/_talon_out_s.c
[1.010s] -- Up-to-date: /home/team/SoftwareDevelopment/shovel/install/messages/lib/python3.8/site-packages/messages/msg/_key_state.py
[1.010s] -- Up-to-date: /home/team/SoftwareDevelopment/shovel/install/messages/lib/python3.8/site-packages/messages/msg/__init__.py
[1.010s] -- Up-to-date: /home/team/SoftwareDevelopment/shovel/install/messages/lib/python3.8/site-packages/messages/msg/_axis_state_s.c
[1.010s] -- Up-to-date: /home/team/SoftwareDevelopment/shovel/install/messages/lib/python3.8/site-packages/messages/msg/_talon_out.py
[1.010s] -- Up-to-date: /home/team/SoftwareDevelopment/shovel/install/messages/lib/python3.8/site-packages/messages/msg/_hat_state_s.c
[1.011s] -- Up-to-date: /home/team/SoftwareDevelopment/shovel/install/messages/lib/python3.8/site-packages/messages/msg/_axis_state.py
[1.011s] -- Up-to-date: /home/team/SoftwareDevelopment/shovel/install/messages/lib/python3.8/site-packages/messages/msg/_joystick_command_s.c
[1.011s] -- Up-to-date: /home/team/SoftwareDevelopment/shovel/install/messages/lib/python3.8/site-packages/messages/msg/_linear_out_s.c
[1.011s] -- Up-to-date: /home/team/SoftwareDevelopment/shovel/install/messages/lib/python3.8/site-packages/messages/msg/_button_state.py
[1.012s] -- Up-to-date: /home/team/SoftwareDevelopment/shovel/install/messages/lib/python3.8/site-packages/messages/msg/_zed_position.py
[1.012s] -- Up-to-date: /home/team/SoftwareDevelopment/shovel/install/messages/lib/python3.8/site-packages/messages/msg/_victor_out.py
[1.013s] -- Up-to-date: /home/team/SoftwareDevelopment/shovel/install/messages/lib/python3.8/site-packages/messages/msg/_zed_position_s.c
[1.013s] -- Up-to-date: /home/team/SoftwareDevelopment/shovel/install/messages/lib/python3.8/site-packages/messages/msg/_hat_state.py
[1.013s] -- Up-to-date: /home/team/SoftwareDevelopment/shovel/install/messages/lib/python3.8/site-packages/messages/msg/_autonomy_out.py
[1.014s] -- Up-to-date: /home/team/SoftwareDevelopment/shovel/install/messages/lib/python3.8/site-packages/messages/msg/_power_s.c
[1.014s] -- Up-to-date: /home/team/SoftwareDevelopment/shovel/install/messages/lib/python3.8/site-packages/messages/msg/_key_state_s.c
[1.015s] -- Up-to-date: /home/team/SoftwareDevelopment/shovel/install/messages/lib/python3.8/site-packages/messages/msg/_button_state_s.c
[1.015s] -- Up-to-date: /home/team/SoftwareDevelopment/shovel/install/messages/lib/python3.8/site-packages/messages/msg/_camera.py
[1.016s] -- Up-to-date: /home/team/SoftwareDevelopment/shovel/install/messages/lib/python3.8/site-packages/messages/msg/_joystick_command.py
[1.016s] -- Up-to-date: /home/team/SoftwareDevelopment/shovel/install/messages/lib/python3.8/site-packages/messages/msg/_camera_s.c
[1.016s] -- Up-to-date: /home/team/SoftwareDevelopment/shovel/install/messages/lib/python3.8/site-packages/messages/msg/_power.py
[1.017s] -- Up-to-date: /home/team/SoftwareDevelopment/shovel/install/messages/lib/python3.8/site-packages/messages/msg/_victor_out_s.c
[1.017s] -- Up-to-date: /home/team/SoftwareDevelopment/shovel/install/messages/lib/python3.8/site-packages/messages/msg/_autonomy_out_s.c
[1.017s] -- Up-to-date: /home/team/SoftwareDevelopment/shovel/install/messages/lib/python3.8/site-packages/messages/messages_s__rosidl_typesupport_introspection_c.cpython-38-aarch64-linux-gnu.so
[1.017s] -- Up-to-date: /home/team/SoftwareDevelopment/shovel/install/messages/lib/python3.8/site-packages/messages/messages_s__rosidl_typesupport_c.cpython-38-aarch64-linux-gnu.so
[1.018s] -- Up-to-date: /home/team/SoftwareDevelopment/shovel/install/messages/lib/libmessages__python.so
[1.018s] -- Up-to-date: /home/team/SoftwareDevelopment/shovel/install/messages/share/messages/msg/AxisState.idl
[1.018s] -- Up-to-date: /home/team/SoftwareDevelopment/shovel/install/messages/share/messages/msg/Camera.idl
[1.019s] -- Up-to-date: /home/team/SoftwareDevelopment/shovel/install/messages/share/messages/msg/JoystickCommand.idl
[1.019s] -- Up-to-date: /home/team/SoftwareDevelopment/shovel/install/messages/share/messages/msg/Power.idl
[1.020s] -- Up-to-date: /home/team/SoftwareDevelopment/shovel/install/messages/share/messages/msg/VictorOut.idl
[1.020s] -- Up-to-date: /home/team/SoftwareDevelopment/shovel/install/messages/share/messages/msg/ButtonState.idl
[1.020s] -- Up-to-date: /home/team/SoftwareDevelopment/shovel/install/messages/share/messages/msg/HatState.idl
[1.020s] -- Up-to-date: /home/team/SoftwareDevelopment/shovel/install/messages/share/messages/msg/KeyState.idl
[1.021s] -- Up-to-date: /home/team/SoftwareDevelopment/shovel/install/messages/share/messages/msg/TalonOut.idl
[1.021s] -- Up-to-date: /home/team/SoftwareDevelopment/shovel/install/messages/share/messages/msg/ZedPosition.idl
[1.021s] -- Up-to-date: /home/team/SoftwareDevelopment/shovel/install/messages/share/messages/msg/LinearOut.idl
[1.021s] -- Up-to-date: /home/team/SoftwareDevelopment/shovel/install/messages/share/messages/msg/AutonomyOut.idl
[1.022s] -- Up-to-date: /home/team/SoftwareDevelopment/shovel/install/messages/share/messages/msg/AxisState.msg
[1.022s] -- Up-to-date: /home/team/SoftwareDevelopment/shovel/install/messages/share/messages/msg/Camera.msg
[1.022s] -- Up-to-date: /home/team/SoftwareDevelopment/shovel/install/messages/share/messages/msg/JoystickCommand.msg
[1.022s] -- Up-to-date: /home/team/SoftwareDevelopment/shovel/install/messages/share/messages/msg/Power.msg
[1.023s] -- Up-to-date: /home/team/SoftwareDevelopment/shovel/install/messages/share/messages/msg/VictorOut.msg
[1.023s] -- Up-to-date: /home/team/SoftwareDevelopment/shovel/install/messages/share/messages/msg/ButtonState.msg
[1.023s] -- Up-to-date: /home/team/SoftwareDevelopment/shovel/install/messages/share/messages/msg/HatState.msg
[1.023s] -- Up-to-date: /home/team/SoftwareDevelopment/shovel/install/messages/share/messages/msg/KeyState.msg
[1.024s] -- Up-to-date: /home/team/SoftwareDevelopment/shovel/install/messages/share/messages/msg/TalonOut.msg
[1.024s] -- Up-to-date: /home/team/SoftwareDevelopment/shovel/install/messages/share/messages/msg/ZedPosition.msg
[1.024s] -- Up-to-date: /home/team/SoftwareDevelopment/shovel/install/messages/share/messages/msg/LinearOut.msg
[1.024s] -- Up-to-date: /home/team/SoftwareDevelopment/shovel/install/messages/share/messages/msg/AutonomyOut.msg
[1.025s] -- Up-to-date: /home/team/SoftwareDevelopment/shovel/install/messages/share/ament_index/resource_index/package_run_dependencies/messages
[1.025s] -- Up-to-date: /home/team/SoftwareDevelopment/shovel/install/messages/share/ament_index/resource_index/parent_prefix_path/messages
[1.025s] -- Up-to-date: /home/team/SoftwareDevelopment/shovel/install/messages/share/messages/environment/ament_prefix_path.sh
[1.025s] -- Up-to-date: /home/team/SoftwareDevelopment/shovel/install/messages/share/messages/environment/ament_prefix_path.dsv
[1.025s] -- Up-to-date: /home/team/SoftwareDevelopment/shovel/install/messages/share/messages/environment/path.sh
[1.026s] -- Up-to-date: /home/team/SoftwareDevelopment/shovel/install/messages/share/messages/environment/path.dsv
[1.026s] -- Up-to-date: /home/team/SoftwareDevelopment/shovel/install/messages/share/messages/local_setup.bash
[1.026s] -- Up-to-date: /home/team/SoftwareDevelopment/shovel/install/messages/share/messages/local_setup.sh
[1.026s] -- Up-to-date: /home/team/SoftwareDevelopment/shovel/install/messages/share/messages/local_setup.zsh
[1.026s] -- Up-to-date: /home/team/SoftwareDevelopment/shovel/install/messages/share/messages/local_setup.dsv
[1.027s] -- Installing: /home/team/SoftwareDevelopment/shovel/install/messages/share/messages/package.dsv
[1.027s] -- Up-to-date: /home/team/SoftwareDevelopment/shovel/install/messages/share/ament_index/resource_index/packages/messages
[1.027s] -- Up-to-date: /home/team/SoftwareDevelopment/shovel/install/messages/share/messages/cmake/messages__rosidl_generator_cExport.cmake
[1.027s] -- Up-to-date: /home/team/SoftwareDevelopment/shovel/install/messages/share/messages/cmake/messages__rosidl_generator_cExport-noconfig.cmake
[1.027s] -- Up-to-date: /home/team/SoftwareDevelopment/shovel/install/messages/share/messages/cmake/messages__rosidl_typesupport_introspection_cExport.cmake
[1.027s] -- Up-to-date: /home/team/SoftwareDevelopment/shovel/install/messages/share/messages/cmake/messages__rosidl_typesupport_introspection_cExport-noconfig.cmake
[1.027s] -- Up-to-date: /home/team/SoftwareDevelopment/shovel/install/messages/share/messages/cmake/messages__rosidl_typesupport_cExport.cmake
[1.027s] -- Up-to-date: /home/team/SoftwareDevelopment/shovel/install/messages/share/messages/cmake/messages__rosidl_typesupport_cExport-noconfig.cmake
[1.028s] -- Up-to-date: /home/team/SoftwareDevelopment/shovel/install/messages/share/messages/cmake/messages__rosidl_generator_cppExport.cmake
[1.028s] -- Up-to-date: /home/team/SoftwareDevelopment/shovel/install/messages/share/messages/cmake/messages__rosidl_typesupport_introspection_cppExport.cmake
[1.029s] -- Up-to-date: /home/team/SoftwareDevelopment/shovel/install/messages/share/messages/cmake/messages__rosidl_typesupport_introspection_cppExport-noconfig.cmake
[1.030s] -- Up-to-date: /home/team/SoftwareDevelopment/shovel/install/messages/share/messages/cmake/messages__rosidl_typesupport_cppExport.cmake
[1.032s] -- Up-to-date: /home/team/SoftwareDevelopment/shovel/install/messages/share/messages/cmake/messages__rosidl_typesupport_cppExport-noconfig.cmake
[1.033s] -- Up-to-date: /home/team/SoftwareDevelopment/shovel/install/messages/share/messages/cmake/rosidl_cmake-extras.cmake
[1.033s] -- Up-to-date: /home/team/SoftwareDevelopment/shovel/install/messages/share/messages/cmake/ament_cmake_export_dependencies-extras.cmake
[1.034s] -- Up-to-date: /home/team/SoftwareDevelopment/shovel/install/messages/share/messages/cmake/ament_cmake_export_libraries-extras.cmake
[1.035s] -- Up-to-date: /home/team/SoftwareDevelopment/shovel/install/messages/share/messages/cmake/ament_cmake_export_targets-extras.cmake
[1.036s] -- Up-to-date: /home/team/SoftwareDevelopment/shovel/install/messages/share/messages/cmake/ament_cmake_export_include_directories-extras.cmake
[1.036s] -- Up-to-date: /home/team/SoftwareDevelopment/shovel/install/messages/share/messages/cmake/rosidl_cmake_export_typesupport_targets-extras.cmake
[1.036s] -- Up-to-date: /home/team/SoftwareDevelopment/shovel/install/messages/share/messages/cmake/messagesConfig.cmake
[1.037s] -- Up-to-date: /home/team/SoftwareDevelopment/shovel/install/messages/share/messages/cmake/messagesConfig-version.cmake
[1.037s] -- Up-to-date: /home/team/SoftwareDevelopment/shovel/install/messages/share/messages/package.xml
[1.038s] Invoked command in '/home/team/SoftwareDevelopment/shovel/build/messages' returned '0': CMAKE_PREFIX_PATH=/opt/ros/galactic /usr/bin/cmake --install /home/team/SoftwareDevelopment/shovel/build/messages
