Performing C SOURCE FILE Test CMAKE_HAVE_LIBC_PTHREAD failed with the following output:
Change Dir: /home/team/SoftwareDevelopment/shovel/build/zed_tracking/CMakeFiles/CMakeTmp

Run Build Command(s):/usr/bin/make cmTC_c1140/fast && /usr/bin/make -f CMakeFiles/cmTC_c1140.dir/build.make CMakeFiles/cmTC_c1140.dir/build
make[1]: Entering directory '/home/team/SoftwareDevelopment/shovel/build/zed_tracking/CMakeFiles/CMakeTmp'
Building C object CMakeFiles/cmTC_c1140.dir/src.c.o
/usr/bin/cc   -DCMAKE_HAVE_LIBC_PTHREAD   -o CMakeFiles/cmTC_c1140.dir/src.c.o   -c /home/team/SoftwareDevelopment/shovel/build/zed_tracking/CMakeFiles/CMakeTmp/src.c
Linking C executable cmTC_c1140
/usr/bin/cmake -E cmake_link_script CMakeFiles/cmTC_c1140.dir/link.txt --verbose=1
/usr/bin/cc  -DCMAKE_HAVE_LIBC_PTHREAD    CMakeFiles/cmTC_c1140.dir/src.c.o  -o cmTC_c1140 
/usr/bin/ld: CMakeFiles/cmTC_c1140.dir/src.c.o: in function `main':
src.c:(.text+0x48): undefined reference to `pthread_create'
/usr/bin/ld: src.c:(.text+0x50): undefined reference to `pthread_detach'
/usr/bin/ld: src.c:(.text+0x5c): undefined reference to `pthread_join'
collect2: error: ld returned 1 exit status
make[1]: *** [CMakeFiles/cmTC_c1140.dir/build.make:87: cmTC_c1140] Error 1
make[1]: Leaving directory '/home/team/SoftwareDevelopment/shovel/build/zed_tracking/CMakeFiles/CMakeTmp'
make: *** [Makefile:121: cmTC_c1140/fast] Error 2


Source file was:
#include <pthread.h>

void* test_func(void* data)
{
  return data;
}

int main(void)
{
  pthread_t thread;
  pthread_create(&thread, NULL, test_func, NULL);
  pthread_detach(thread);
  pthread_join(thread, NULL);
  pthread_atfork(NULL, NULL, NULL);
  pthread_exit(NULL);

  return 0;
}

Determining if the function pthread_create exists in the pthreads failed with the following output:
Change Dir: /home/team/SoftwareDevelopment/shovel/build/zed_tracking/CMakeFiles/CMakeTmp

Run Build Command(s):/usr/bin/make cmTC_39158/fast && /usr/bin/make -f CMakeFiles/cmTC_39158.dir/build.make CMakeFiles/cmTC_39158.dir/build
make[1]: Entering directory '/home/team/SoftwareDevelopment/shovel/build/zed_tracking/CMakeFiles/CMakeTmp'
Building C object CMakeFiles/cmTC_39158.dir/CheckFunctionExists.c.o
/usr/bin/cc   -DCHECK_FUNCTION_EXISTS=pthread_create   -o CMakeFiles/cmTC_39158.dir/CheckFunctionExists.c.o   -c /usr/share/cmake-3.16/Modules/CheckFunctionExists.c
Linking C executable cmTC_39158
/usr/bin/cmake -E cmake_link_script CMakeFiles/cmTC_39158.dir/link.txt --verbose=1
/usr/bin/cc  -DCHECK_FUNCTION_EXISTS=pthread_create    CMakeFiles/cmTC_39158.dir/CheckFunctionExists.c.o  -o cmTC_39158  -lpthreads 
/usr/bin/ld: cannot find -lpthreads
collect2: error: ld returned 1 exit status
make[1]: *** [CMakeFiles/cmTC_39158.dir/build.make:87: cmTC_39158] Error 1
make[1]: Leaving directory '/home/team/SoftwareDevelopment/shovel/build/zed_tracking/CMakeFiles/CMakeTmp'
make: *** [Makefile:121: cmTC_39158/fast] Error 2



Determining if the function sgemm_ exists failed with the following output:
Change Dir: /home/team/SoftwareDevelopment/shovel/build/zed_tracking/CMakeFiles/CMakeTmp

Run Build Command(s):/usr/bin/make cmTC_8eb8e/fast && /usr/bin/make -f CMakeFiles/cmTC_8eb8e.dir/build.make CMakeFiles/cmTC_8eb8e.dir/build
make[1]: Entering directory '/home/team/SoftwareDevelopment/shovel/build/zed_tracking/CMakeFiles/CMakeTmp'
Building C object CMakeFiles/cmTC_8eb8e.dir/CheckFunctionExists.c.o
/usr/bin/cc   -DCHECK_FUNCTION_EXISTS=sgemm_   -o CMakeFiles/cmTC_8eb8e.dir/CheckFunctionExists.c.o   -c /usr/share/cmake-3.16/Modules/CheckFunctionExists.c
Linking C executable cmTC_8eb8e
/usr/bin/cmake -E cmake_link_script CMakeFiles/cmTC_8eb8e.dir/link.txt --verbose=1
/usr/bin/cc  -DCHECK_FUNCTION_EXISTS=sgemm_    CMakeFiles/cmTC_8eb8e.dir/CheckFunctionExists.c.o  -o cmTC_8eb8e 
/usr/bin/ld: CMakeFiles/cmTC_8eb8e.dir/CheckFunctionExists.c.o: in function `main':
CheckFunctionExists.c:(.text+0x10): undefined reference to `sgemm_'
collect2: error: ld returned 1 exit status
make[1]: *** [CMakeFiles/cmTC_8eb8e.dir/build.make:87: cmTC_8eb8e] Error 1
make[1]: Leaving directory '/home/team/SoftwareDevelopment/shovel/build/zed_tracking/CMakeFiles/CMakeTmp'
make: *** [Makefile:121: cmTC_8eb8e/fast] Error 2



