[0.103s] Invoking command in '/home/team/SoftwareDevelopment/shovel/build/zed_tracking': AMENT_PREFIX_PATH=/home/team/SoftwareDevelopment/shovel/install/messages:${AMENT_PREFIX_PATH} CMAKE_PREFIX_PATH=/home/team/SoftwareDevelopment/shovel/install/messages:/opt/ros/galactic LD_LIBRARY_PATH=/home/team/SoftwareDevelopment/shovel/install/messages/lib:/opt/ros/galactic/opt/yaml_cpp_vendor/lib:/opt/ros/galactic/lib/aarch64-linux-gnu:/opt/ros/galactic/lib:/usr/local/cuda-11.4/lib64 PYTHONPATH=/home/team/SoftwareDevelopment/shovel/install/messages/lib/python3.8/site-packages:${PYTHONPATH} /usr/bin/cmake /home/team/SoftwareDevelopment/shovel/src/zed_tracking -DCMAKE_INSTALL_PREFIX=/home/team/SoftwareDevelopment/shovel/install/zed_tracking
[0.243s] -- The C compiler identification is GNU 9.4.0
[0.422s] -- The CXX compiler identification is GNU 9.4.0
[0.432s] -- Check for working C compiler: /usr/bin/cc
[0.673s] -- Check for working C compiler: /usr/bin/cc -- works
[0.677s] -- Detecting C compiler ABI info
[0.950s] -- Detecting C compiler ABI info - done
[0.970s] -- Detecting C compile features
[0.971s] -- Detecting C compile features - done
[0.978s] -- Check for working CXX compiler: /usr/bin/c++
[1.208s] -- Check for working CXX compiler: /usr/bin/c++ -- works
[1.209s] -- Detecting CXX compiler ABI info
[1.478s] -- Detecting CXX compiler ABI info - done
[1.489s] -- Detecting CXX compile features
[1.490s] -- Detecting CXX compile features - done
[1.492s] CMake Deprecation Warning at CMakeLists.txt:15 (cmake_policy):
[1.493s]   The OLD behavior for policy CMP0003 will be removed from a future version
[1.493s]   of CMake.
[1.493s] 
[1.493s]   The cmake-policies(7) manual explains that the OLD behaviors of all
[1.493s]   policies are deprecated and that a policy should be set to OLD only under
[1.493s]   specific short-term circumstances.  Projects should be ported to the NEW
[1.493s]   behavior and not rely on setting a policy to OLD.
[1.494s] 
[1.494s] 
[1.494s] CMake Deprecation Warning at CMakeLists.txt:16 (cmake_policy):
[1.494s]   The OLD behavior for policy CMP0015 will be removed from a future version
[1.494s]   of CMake.
[1.494s] 
[1.494s]   The cmake-policies(7) manual explains that the OLD behaviors of all
[1.495s]   policies are deprecated and that a policy should be set to OLD only under
[1.495s]   specific short-term circumstances.  Projects should be ported to the NEW
[1.495s]   behavior and not rely on setting a policy to OLD.
[1.495s] 
[1.495s] 
[1.495s] -- Found ament_cmake: 1.1.6 (/opt/ros/galactic/share/ament_cmake/cmake)
[1.552s] -- Found PythonInterp: /usr/bin/python3 (found suitable version "3.8.10", minimum required is "3") 
[1.553s] -- Using PYTHON_EXECUTABLE: /usr/bin/python3
[1.745s] -- Found rclcpp: 9.2.2 (/opt/ros/galactic/share/rclcpp/cmake)
[1.832s] -- Using single rosidl_typesupport_c: rosidl_typesupport_introspection_c
[1.845s] -- Found rosidl_adapter: 2.2.3 (/opt/ros/galactic/share/rosidl_adapter/cmake)
[1.890s] -- Using single rosidl_typesupport_cpp: rosidl_typesupport_introspection_cpp
[2.021s] -- Found rmw_implementation_cmake: 3.3.1 (/opt/ros/galactic/share/rmw_implementation_cmake/cmake)
[2.026s] -- Found rmw_cyclonedds_cpp: 0.22.6 (/opt/ros/galactic/share/rmw_cyclonedds_cpp/cmake)
[2.069s] -- Using RMW implementation 'rmw_cyclonedds_cpp' as default
[2.071s] -- Looking for pthread.h
[2.316s] -- Looking for pthread.h - found
[2.316s] -- Performing Test CMAKE_HAVE_LIBC_PTHREAD
[2.729s] -- Performing Test CMAKE_HAVE_LIBC_PTHREAD - Failed
[2.730s] -- Looking for pthread_create in pthreads
[3.088s] -- Looking for pthread_create in pthreads - not found
[3.089s] -- Looking for pthread_create in pthread
[3.336s] -- Looking for pthread_create in pthread - found
[3.337s] -- Found Threads: TRUE  
[3.630s] -- Found messages: 0.0.0 (/home/team/SoftwareDevelopment/shovel/install/messages/share/messages/cmake)
[3.803s] -- Looking for sgemm_
[4.126s] -- Looking for sgemm_ - not found
[4.438s] -- Looking for sgemm_
[5.093s] -- Looking for sgemm_ - found
[5.094s] -- Found BLAS: /usr/lib/aarch64-linux-gnu/libopenblas.so  
[5.467s] -- Found CUDA: /usr/local/cuda-11.4 (found suitable version "11.4", minimum required is "11.4") 
[5.654s] -- Found OpenCV: /usr (found version "4.5.4") 
[5.674s] -- Found CUDA: /usr/local/cuda-11.4 (found suitable exact version "11.4") 
[5.841s] -- Configuring done
[6.021s] -- Generating done
[6.025s] -- Build files have been written to: /home/team/SoftwareDevelopment/shovel/build/zed_tracking
[6.057s] Invoked command in '/home/team/SoftwareDevelopment/shovel/build/zed_tracking' returned '0': AMENT_PREFIX_PATH=/home/team/SoftwareDevelopment/shovel/install/messages:${AMENT_PREFIX_PATH} CMAKE_PREFIX_PATH=/home/team/SoftwareDevelopment/shovel/install/messages:/opt/ros/galactic LD_LIBRARY_PATH=/home/team/SoftwareDevelopment/shovel/install/messages/lib:/opt/ros/galactic/opt/yaml_cpp_vendor/lib:/opt/ros/galactic/lib/aarch64-linux-gnu:/opt/ros/galactic/lib:/usr/local/cuda-11.4/lib64 PYTHONPATH=/home/team/SoftwareDevelopment/shovel/install/messages/lib/python3.8/site-packages:${PYTHONPATH} /usr/bin/cmake /home/team/SoftwareDevelopment/shovel/src/zed_tracking -DCMAKE_INSTALL_PREFIX=/home/team/SoftwareDevelopment/shovel/install/zed_tracking
[6.068s] Invoking command in '/home/team/SoftwareDevelopment/shovel/build/zed_tracking': AMENT_PREFIX_PATH=/home/team/SoftwareDevelopment/shovel/install/messages:${AMENT_PREFIX_PATH} CMAKE_PREFIX_PATH=/home/team/SoftwareDevelopment/shovel/install/messages:/opt/ros/galactic LD_LIBRARY_PATH=/home/team/SoftwareDevelopment/shovel/install/messages/lib:/opt/ros/galactic/opt/yaml_cpp_vendor/lib:/opt/ros/galactic/lib/aarch64-linux-gnu:/opt/ros/galactic/lib:/usr/local/cuda-11.4/lib64 PYTHONPATH=/home/team/SoftwareDevelopment/shovel/install/messages/lib/python3.8/site-packages:${PYTHONPATH} /usr/bin/cmake --build /home/team/SoftwareDevelopment/shovel/build/zed_tracking -- -j6 -l6
[6.191s] [35m[1mScanning dependencies of target zed_tracking_node[0m
[6.761s] [ 33%] [32mBuilding CXX object CMakeFiles/zed_tracking_node.dir/src/aruco.cpp.o[0m
[6.787s] [ 66%] [32mBuilding CXX object CMakeFiles/zed_tracking_node.dir/src/zed_tracking_node.cpp.o[0m
[18.049s] [01m[K/home/team/SoftwareDevelopment/shovel/src/zed_tracking/src/zed_tracking_node.cpp:[m[K In function ‘[01m[Kint main(int, char**)[m[K’:
[18.050s] [01m[K/home/team/SoftwareDevelopment/shovel/src/zed_tracking/src/zed_tracking_node.cpp:100:44:[m[K [01;31m[Kerror: [m[K‘[01m[Kstruct sl::CameraInformation[m[K’ has no member named ‘[01m[Kcamera_resolution[m[K’
[18.050s]   100 |     sl::Resolution image_size = cameraInfo.[01;31m[Kcamera_resolution[m[K;
[18.050s]       |                                            [01;31m[K^~~~~~~~~~~~~~~~~[m[K
[18.050s] [01m[K/home/team/SoftwareDevelopment/shovel/src/zed_tracking/src/zed_tracking_node.cpp:106:33:[m[K [01;31m[Kerror: [m[K‘[01m[Kstruct sl::CameraInformation[m[K’ has no member named ‘[01m[Kcalibration_parameters[m[K’
[18.051s]   106 |     auto calibInfo = cameraInfo.[01;31m[Kcalibration_parameters[m[K.left_cam;
[18.051s]       |                                 [01;31m[K^~~~~~~~~~~~~~~~~~~~~~[m[K
[23.248s] make[2]: *** [CMakeFiles/zed_tracking_node.dir/build.make:76: CMakeFiles/zed_tracking_node.dir/src/zed_tracking_node.cpp.o] Error 1
[23.249s] make[1]: *** [CMakeFiles/Makefile2:105: CMakeFiles/zed_tracking_node.dir/all] Error 2
[23.249s] make: *** [Makefile:141: all] Error 2
[23.256s] Invoked command in '/home/team/SoftwareDevelopment/shovel/build/zed_tracking' returned '2': AMENT_PREFIX_PATH=/home/team/SoftwareDevelopment/shovel/install/messages:${AMENT_PREFIX_PATH} CMAKE_PREFIX_PATH=/home/team/SoftwareDevelopment/shovel/install/messages:/opt/ros/galactic LD_LIBRARY_PATH=/home/team/SoftwareDevelopment/shovel/install/messages/lib:/opt/ros/galactic/opt/yaml_cpp_vendor/lib:/opt/ros/galactic/lib/aarch64-linux-gnu:/opt/ros/galactic/lib:/usr/local/cuda-11.4/lib64 PYTHONPATH=/home/team/SoftwareDevelopment/shovel/install/messages/lib/python3.8/site-packages:${PYTHONPATH} /usr/bin/cmake --build /home/team/SoftwareDevelopment/shovel/build/zed_tracking -- -j6 -l6
